<html>
<head>
<title>Boost Compiler Status Error Log</title>
</head>
<body bgcolor="#ffffff" text="#000000">
<table border="0">
<tr>
<td><img border="0" src="../boost.png" width="277" height="86"></td>
<td>
<h1>Compiler Status: AmigaOS</h1>
<b>Run Date:</b> 01:19:54 UTC, Sunday 19 March 2006
</td>
</table>
<br>
<h2><a name="lambda-lambda_cast_test-gcc">lambda - lambda_cast_test - gcc</a></h2>
<h3>Compiler output:</h3><pre>
/Code/boost_1_33_1/libs/lambda/test/cast_test.cpp:27: warning: 'class base' has virtual functions but non-virtual destructor
/Code/boost_1_33_1/libs/lambda/test/cast_test.cpp:35: warning: 'class derived' has virtual functions but non-virtual destructor
</pre>
<h2><a name="integer-integer_traits_test-gcc">integer - integer_traits_test - gcc</a></h2>
<h3>Compiler output:</h3><pre>
/Code/boost_1_33_1/libs/integer/integer_traits_test.cpp: In function 'void runtest(const char*, T) [with T = wchar_t]':
/Code/boost_1_33_1/libs/integer/integer_traits_test.cpp:79:   instantiated from here
/Code/boost_1_33_1/libs/integer/integer_traits_test.cpp:67: error: 'const_min' is not a member of 'boost::integer_traits&lt;wchar_t&gt;'
/Code/boost_1_33_1/libs/integer/integer_traits_test.cpp:68: error: 'const_max' is not a member of 'boost::integer_traits&lt;wchar_t&gt;'

    set -e 
    "g++"   -c -Wall -ftemplate-depth-255   -O0 -fno-inline   -I"../bin/boost/status"   -I "/Code/boost_1_33_1"  -o "../bin/boost/status/integer_traits_test.test/gcc/debug/debug-symbols-off/runtime-link-static/integer_traits_test.o"  "/Code/boost_1_33_1/libs/integer/integer_traits_test.cpp" 
    

</pre>
<h2><a name="config-abi_test-gcc">config - abi_test - gcc</a></h2>
<h3>Compiler output:</h3><pre>
/Code/boost_1_33_1/libs/config/test/abi/abi_test.hpp:28: warning: 'class abi_test' has virtual functions but non-virtual destructor
</pre>
<h2><a name="config-config_info-gcc">config - config_info - gcc</a></h2>
<h3>Run output:</h3><pre>
GNU C++ version 4.0.2 (AmigaOS build 20051012)
    __cplusplus                             =1
    __STDC__                                =1
    __GNUC__                                =4
    __GNUC_MINOR__                          =0
    __GNUG__                                =4
    __VERSION__                             ="4.0.2 (AmigaOS build 20051012)"
    __CHAR_UNSIGNED__                       =1
    __REGISTER_PREFIX__                      [no value]
    __USER_LABEL_PREFIX__                    [no value]
    __EXCEPTIONS                            =1
    __ELF__                                 =1
    __powerpc__                             =1
    __STDC_HOSTED__                         =1


*********************************************************************

GNU libstdc++ version 20050921
    __GLIBCXX__                             =20050921
    _GLIBCXX_USE_LONG_LONG                  =1
    _GLIBCXX_USE_C99_MATH                   =1
    _GLIBCXX_HOSTED                         =1
    _GLIBCXX_SJLJ_EXCEPTIONS                =1


*********************************************************************

Detected Platform: AmigaOS
    Type char is unsigned
    Type wchar_t is signed
    byte order for type short               =8 0 
    byte order for type int                 =24 16 8 0 
    byte order for type long                =24 16 8 0 
    sizeof(wchar_t)                         =4
    sizeof(short)                           =2
    sizeof(int)                             =4
    sizeof(long)                            =4
    sizeof(size_t)                          =4
    sizeof(ptrdiff_t)                       =4
    sizeof(void*)                           =4
    sizeof(void(*)(void))                   =4
    sizeof(float)                           =4
    sizeof(double)                          =8
    sizeof(long double)                     =8
    CHAR_BIT                                =8
    CHAR_MAX                                =255
    WCHAR_MAX                               =65535
    SHRT_MAX                                =32767
    INT_MAX                                 =2147483647L
    LONG_MAX                                =2147483647L
    LLONG_MAX                               =0x7fffffffffffffffLL
    ULLONG_MAX                              =0xffffffffffffffffULL


*********************************************************************

Boost version 103301
    BOOST_USER_CONFIG                       =&lt;boost/config/user.hpp&gt;
    BOOST_COMPILER_CONFIG                   ="boost/config/compiler/gcc.hpp"
    BOOST_STDLIB_CONFIG                     ="boost/config/stdlib/libstdcpp3.hpp"
    BOOST_PLATFORM_CONFIG                   ="boost/config/platform/amigaos.hpp"
    BOOST_DEDUCED_TYPENAME                  =typename
    BOOST_DISABLE_THREADS                    [no value]
    BOOST_HAS_DIRENT_H                       [no value]
    BOOST_HAS_GETTIMEOFDAY                   [no value]
    BOOST_HAS_LONG_LONG                      [no value]
    BOOST_HAS_NRVO                           [no value]
    BOOST_HAS_PARTIAL_STD_ALLOCATOR          [no value]
    BOOST_HAS_STDINT_H                       [no value]
    BOOST_HAS_UNISTD_H                       [no value]
    BOOST_MSVC6_MEMBER_TEMPLATES             [no value]
    BOOST_NESTED_TEMPLATE                   =template
    BOOST_NO_CWCHAR                          [no value]
    BOOST_NO_CWCTYPE                         [no value]
    BOOST_NO_HASH                            [no value]
    BOOST_NO_INTRINSIC_WCHAR_T               [no value]
    BOOST_NO_MS_INT64_NUMERIC_LIMITS         [no value]
    BOOST_NO_SLIST                           [no value]
    BOOST_NO_STD_WSTREAMBUF                  [no value]
    BOOST_NO_STD_WSTRING                     [no value]
    BOOST_NO_SWPRINTF                        [no value]
    BOOST_STD_EXTENSION_NAMESPACE           =std
    BOOST_UNREACHABLE_RETURN(0)              [no value]

EXIT STATUS: 0
</pre>
<h2><a name="config-config_test-gcc">config - config_test - gcc</a></h2>
<h3>Compiler output:</h3><pre>
/Code/boost_1_33_1/libs/config/test/boost_no_is_abstract.ipp:37: warning: 'struct boost_no_is_abstract::abstract' has virtual functions but non-virtual destructor
/Code/boost_1_33_1/libs/config/test/boost_no_is_abstract.ipp: In function 'int boost_no_is_abstract::test()':
/Code/boost_1_33_1/libs/config/test/boost_no_is_abstract.ipp:41: warning: comparison between 'enum boost_no_is_abstract::is_abstract_test&lt;boost_no_is_abstract::non_abstract&gt;::&lt;anonymous&gt;' and 'enum boost_no_is_abstract::is_abstract_test&lt;boost_no_is_abstract::abstract&gt;::&lt;anonymous&gt;'
/Code/boost_1_33_1/libs/config/test/boost_no_stdc_namespace.ipp: In function 'int boost_no_stdc_namespace::test()':
/Code/boost_1_33_1/libs/config/test/boost_no_stdc_namespace.ipp:32: warning: statement has no effect
/Code/boost_1_33_1/libs/config/test/boost_no_stdc_namespace.ipp:33: warning: statement has no effect
/Code/boost_1_33_1/libs/config/test/boost_no_stdc_namespace.ipp:34: warning: statement has no effect
</pre>
<h2><a name="conversion-cast_test-gcc">conversion - cast_test - gcc</a></h2>
<h3>Compiler output:</h3><pre>
../libs/conversion/test/../cast_test.cpp:31: warning: 'struct&lt;unnamed&gt;::Base' has virtual functions but non-virtual destructor
../libs/conversion/test/../cast_test.cpp:36: warning: 'struct&lt;unnamed&gt;::Base2' has virtual functions but non-virtual destructor
../libs/conversion/test/../cast_test.cpp:41: warning: 'struct&lt;unnamed&gt;::Derived' has virtual functions but non-virtual destructor
</pre>
<h2><a name="concept_check-class_concept_fail_expected-gcc">concept_check - class_concept_fail_expected - gcc</a></h2>
<h3>Compiler output:</h3><pre>
/Code/boost_1_33_1/boost/concept_check.hpp: In member function 'void boost::EqualityComparableConcept&lt;TT&gt;::constraints() [with TT = foo]':
../libs/concept_check/class_concept_fail_expected.cpp:22:   instantiated from here
/Code/boost_1_33_1/boost/concept_check.hpp:304: error: no match for 'operator==' in '((boost::EqualityComparableConcept&lt;foo&gt;*)this)-&gt;boost::EqualityComparableConcept&lt;foo&gt;::a == ((boost::EqualityComparableConcept&lt;foo&gt;*)this)-&gt;boost::EqualityComparableConcept&lt;foo&gt;::b'
/Code/boost_1_33_1/boost/concept_check.hpp:305: error: no match for 'operator!=' in '((boost::EqualityComparableConcept&lt;foo&gt;*)this)-&gt;boost::EqualityComparableConcept&lt;foo&gt;::a != ((boost::EqualityComparableConcept&lt;foo&gt;*)this)-&gt;boost::EqualityComparableConcept&lt;foo&gt;::b'

    set -e 
    "g++"   -c -Wall -ftemplate-depth-255   -O0 -fno-inline   -I"../bin/boost/libs/concept_check"   -I "/Code/boost_1_33_1"  -o "../bin/boost/libs/concept_check/class_concept_fail_expected.test/gcc/debug/debug-symbols-off/runtime-link-static/class_concept_fail_expected.o"  "../libs/concept_check/class_concept_fail_expected.cpp" 
    

</pre>
<h2><a name="concept_check-concept_check_fail_expected-gcc">concept_check - concept_check_fail_expected - gcc</a></h2>
<h3>Compiler output:</h3><pre>
/Code/boost_1_33_1/boost/concept_check.hpp: In member function 'void boost::EqualityComparableConcept&lt;TT&gt;::constraints() [with TT = foo]':
/Code/boost_1_33_1/boost/concept_check.hpp:48:   instantiated from 'void boost::function_requires(boost::mpl::identity&lt;T&gt;*) [with Concept = boost::EqualityComparableConcept&lt;foo&gt;]'
../libs/concept_check/concept_check_fail_expected.cpp:24:   instantiated from here
/Code/boost_1_33_1/boost/concept_check.hpp:304: error: no match for 'operator==' in '((boost::EqualityComparableConcept&lt;foo&gt;*)this)-&gt;boost::EqualityComparableConcept&lt;foo&gt;::a == ((boost::EqualityComparableConcept&lt;foo&gt;*)this)-&gt;boost::EqualityComparableConcept&lt;foo&gt;::b'
/Code/boost_1_33_1/boost/concept_check.hpp:305: error: no match for 'operator!=' in '((boost::EqualityComparableConcept&lt;foo&gt;*)this)-&gt;boost::EqualityComparableConcept&lt;foo&gt;::a != ((boost::EqualityComparableConcept&lt;foo&gt;*)this)-&gt;boost::EqualityComparableConcept&lt;foo&gt;::b'

    set -e 
    "g++"   -c -Wall -ftemplate-depth-255   -O0 -fno-inline   -I"../bin/boost/libs/concept_check"   -I "/Code/boost_1_33_1"  -o "../bin/boost/libs/concept_check/concept_check_fail_expected.test/gcc/debug/debug-symbols-off/runtime-link-static/concept_check_fail_expected.o"  "../libs/concept_check/concept_check_fail_expected.cpp" 
    

</pre>
<h2><a name="concept_check-stl_concept_covering-gcc">concept_check - stl_concept_covering - gcc</a></h2>
<h3>Compiler output:</h3><pre>
Build:SDK/gcc/bin/../lib/gcc/ppc-amigaos/4.0.2/../../../../include/c++/4.0.2/bits/stl_algo.h: In function '_InputIterator std::find_first_of(_InputIterator, _InputIterator, _ForwardIterator, _ForwardIterator) [with _InputIterator = boost::input_iterator_archetype&lt;main()::Left, 0&gt;, _ForwardIterator = boost::forward_iterator_archetype&lt;main()::Right&gt;]':
../libs/concept_check/stl_concept_covering.cpp:174:   instantiated from here
Build:SDK/gcc/bin/../lib/gcc/ppc-amigaos/4.0.2/../../../../include/c++/4.0.2/bits/stl_algo.h:4895: error: no match for 'operator==' in '__first1. boost::input_iterator_archetype&lt;T, I&gt;::operator* [with T = main()::Left, int I = 0]() == __iter. boost::forward_iterator_archetype&lt;T&gt;::operator* [with T = main()::Right]()'
Build:SDK/gcc/bin/../lib/gcc/ppc-amigaos/4.0.2/../../../../include/c++/4.0.2/bits/stl_algo.h: In function 'typename std::iterator_traits&lt;_Iterator&gt;::difference_type std::count(_InputIterator, _InputIterator, const _Tp&amp;) [with _InputIterator = boost::input_iterator_archetype&lt;main()::Left, 0&gt;, _Tp = boost::equal_op_second_archetype&lt;boost::null_archetype&lt;int&gt;, boost::optag1&gt;]':
../libs/concept_check/stl_concept_covering.cpp:183:   instantiated from here
Build:SDK/gcc/bin/../lib/gcc/ppc-amigaos/4.0.2/../../../../include/c++/4.0.2/bits/stl_algo.h:421: error: no match for 'operator==' in '__first. boost::input_iterator_archetype&lt;T, I&gt;::operator* [with T = main()::Left, int I = 0]() == __value'
Build:SDK/gcc/bin/../lib/gcc/ppc-amigaos/4.0.2/../../../../include/c++/4.0.2/bits/stl_algobase.h: In function 'std::pair&lt;_T1, _T2&gt; std::mismatch(_InputIterator1, _InputIterator1, _InputIterator2) [with _InputIterator1 = boost::input_iterator_archetype&lt;main()::Left, 0&gt;, _InputIterator2 = boost::input_iterator_archetype&lt;main()::Right, 0&gt;]':
../libs/concept_check/stl_concept_covering.cpp:202:   instantiated from here
Build:SDK/gcc/bin/../lib/gcc/ppc-amigaos/4.0.2/../../../../include/c++/4.0.2/bits/stl_algobase.h:694: error: no match for 'operator==' in '__first1. boost::input_iterator_archetype&lt;T, I&gt;::operator* [with T = main()::Left, int I = 0]() == __first2. boost::input_iterator_archetype&lt;T, I&gt;::operator* [with T = main()::Right, int I = 0]()'
Build:SDK/gcc/bin/../lib/gcc/ppc-amigaos/4.0.2/../../../../include/c++/4.0.2/bits/stl_algobase.h: In function 'bool std::equal(_InputIterator1, _InputIterator1, _InputIterator2) [with _InputIterator1 = boost::input_iterator_archetype&lt;main()::Left, 0&gt;, _InputIterator2 = boost::input_iterator_archetype&lt;main()::Right, 0&gt;]':
../libs/concept_check/stl_concept_covering.cpp:219:   instantiated from here
Build:SDK/gcc/bin/../lib/gcc/ppc-amigaos/4.0.2/../../../../include/c++/4.0.2/bits/stl_algobase.h:760: error: no match for 'operator==' in '__first1. boost::input_iterator_archetype&lt;T, I&gt;::operator* [with T = main()::Left, int I = 0]() == __first2. boost::input_iterator_archetype&lt;T, I&gt;::operator* [with T = main()::Right, int I = 0]()'
Build:SDK/gcc/bin/../lib/gcc/ppc-amigaos/4.0.2/../../../../include/c++/4.0.2/bits/stl_algo.h: In function '_OutputIterator std::replace_copy(_InputIterator, _InputIterator, _OutputIterator, const _Tp&amp;, const _Tp&amp;) [with _InputIterator = boost::input_iterator_archetype&lt;main()::Left, 0&gt;, _OutputIterator = boost::output_iterator_archetype&lt;main()::T&gt;, _Tp = main()::T]':
../libs/concept_check/stl_concept_covering.cpp:362:   instantiated from here
Build:SDK/gcc/bin/../lib/gcc/ppc-amigaos/4.0.2/../../../../include/c++/4.0.2/bits/stl_algo.h:919: error: no match for 'operator==' in '__first. boost::input_iterator_archetype&lt;T, I&gt;::operator* [with T = main()::Left, int I = 0]() == __old_value'
Build:SDK/gcc/bin/../lib/gcc/ppc-amigaos/4.0.2/../../../../include/c++/4.0.2/bits/stl_algo.h: In function '_OutputIterator std::remove_copy(_InputIterator, _InputIterator, _OutputIterator, const _Tp&amp;) [with _InputIterator = boost::input_iterator_archetype&lt;main()::Tin, 0&gt;, _OutputIterator = boost::output_iterator_archetype&lt;main()::T&gt;, _Tp = main()::T]':
../libs/concept_check/stl_concept_covering.cpp:427:   instantiated from here
Build:SDK/gcc/bin/../lib/gcc/ppc-amigaos/4.0.2/../../../../include/c++/4.0.2/bits/stl_algo.h:1035: error: no match for 'operator==' in '__first. boost::input_iterator_archetype&lt;T, I&gt;::operator* [with T = main()::Tin, int I = 0]() == __value'
Build:SDK/gcc/bin/../lib/gcc/ppc-amigaos/4.0.2/../../../../include/c++/4.0.2/bits/stl_algo.h:1037: error: no match for 'operator=' in '__result. boost::output_iterator_archetype&lt;T&gt;::operator* [with T = main()::T]() = __first. boost::input_iterator_archetype&lt;T, I&gt;::operator* [with T = main()::Tin, int I = 0]()'
/Code/boost_1_33_1/boost/concept_archetype.hpp:453: note: candidates are: boost::output_proxy&lt;T&gt;&amp; boost::output_proxy&lt;T&gt;::operator=(const T&amp;) [with T = main()::T]
/Code/boost_1_33_1/boost/concept_archetype.hpp:452: note:  boost::output_proxy&lt;main()::T&gt;&amp; boost::output_proxy&lt;main()::T&gt;::operator=(const boost::output_proxy&lt;main()::T&gt;&amp;)
Build:SDK/gcc/bin/../lib/gcc/ppc-amigaos/4.0.2/../../../../include/c++/4.0.2/bits/stl_algo.h: In function '_RandomAccessIterator std::partial_sort_copy(_InputIterator, _InputIterator, _RandomAccessIterator, _RandomAccessIterator) [with _InputIterator = boost::input_iterator_archetype&lt;main()::T, 0&gt;, _RandomAccessIterator = boost::mutable_random_access_iterator_archetype&lt;main()::T&gt;]':
../libs/concept_check/stl_concept_covering.cpp:569:   instantiated from here
Build:SDK/gcc/bin/../lib/gcc/ppc-amigaos/4.0.2/../../../../include/c++/4.0.2/bits/stl_algo.h:2389: error: no match for 'operator&lt;' in '__first. boost::input_iterator_archetype&lt;T, I&gt;::operator* [with T = main()::T, int I = 0]() &lt; __result_first. boost::mutable_random_access_iterator_archetype&lt;T&gt;::operator* [with T = main()::T]()'
Build:SDK/gcc/bin/../lib/gcc/ppc-amigaos/4.0.2/../../../../include/c++/4.0.2/bits/stl_algo.h: In function '_OutputIterator std::merge(_InputIterator1, _InputIterator1, _InputIterator2, _InputIterator2, _OutputIterator) [with _InputIterator1 = boost::input_iterator_archetype&lt;main()::Tin1, 0&gt;, _InputIterator2 = boost::input_iterator_archetype&lt;main()::Tin2, 0&gt;, _OutputIterator = boost::output_iterator_archetype&lt;main()::T&gt;]':
../libs/concept_check/stl_concept_covering.cpp:716:   instantiated from here
Build:SDK/gcc/bin/../lib/gcc/ppc-amigaos/4.0.2/../../../../include/c++/4.0.2/bits/stl_algo.h:2995: error: no match for 'operator&lt;' in '__first2. boost::input_iterator_archetype&lt;T, I&gt;::operator* [with T = main()::Tin2, int I = 0]() &lt; __first1. boost::input_iterator_archetype&lt;T, I&gt;::operator* [with T = main()::Tin1, int I = 0]()'
../libs/concept_check/stl_concept_covering.cpp:716:   instantiated from here
Build:SDK/gcc/bin/../lib/gcc/ppc-amigaos/4.0.2/../../../../include/c++/4.0.2/bits/stl_algo.h:2997: error: no match for 'operator=' in '__result. boost::output_iterator_archetype&lt;T&gt;::operator* [with T = main()::T]() = __first2. boost::input_iterator_archetype&lt;T, I&gt;::operator* [with T = main()::Tin2, int I = 0]()'
/Code/boost_1_33_1/boost/concept_archetype.hpp:453: note: candidates are: boost::output_proxy&lt;T&gt;&amp; boost::output_proxy&lt;T&gt;::operator=(const T&amp;) [with T = main()::T]
/Code/boost_1_33_1/boost/concept_archetype.hpp:452: note:  boost::output_proxy&lt;main()::T&gt;&amp; boost::output_proxy&lt;main()::T&gt;::operator=(const boost::output_proxy&lt;main()::T&gt;&amp;)
../libs/concept_check/stl_concept_covering.cpp:716:   instantiated from here
Build:SDK/gcc/bin/../lib/gcc/ppc-amigaos/4.0.2/../../../../include/c++/4.0.2/bits/stl_algo.h:3002: error: no match for 'operator=' in '__result. boost::output_iterator_archetype&lt;T&gt;::operator* [with T = main()::T]() = __first1. boost::input_iterator_archetype&lt;T, I&gt;::operator* [with T = main()::Tin1, int I = 0]()'
/Code/boost_1_33_1/boost/concept_archetype.hpp:453: note: candidates are: boost::output_proxy&lt;T&gt;&amp; boost::output_proxy&lt;T&gt;::operator=(const T&amp;) [with T = main()::T]
/Code/boost_1_33_1/boost/concept_archetype.hpp:452: note:  boost::output_proxy&lt;main()::T&gt;&amp; boost::output_proxy&lt;main()::T&gt;::operator=(const boost::output_proxy&lt;main()::T&gt;&amp;)
Build:SDK/gcc/bin/../lib/gcc/ppc-amigaos/4.0.2/../../../../include/c++/4.0.2/bits/stl_algo.h: In function '_OutputIterator std::set_union(_InputIterator1, _InputIterator1, _InputIterator2, _InputIterator2, _OutputIterator) [with _InputIterator1 = boost::input_iterator_archetype&lt;main()::Tin1, 0&gt;, _InputIterator2 = boost::input_iterator_archetype&lt;main()::Tin2, 0&gt;, _OutputIterator = boost::output_iterator_archetype&lt;main()::T&gt;]':
../libs/concept_check/stl_concept_covering.cpp:717:   instantiated from here
Build:SDK/gcc/bin/../lib/gcc/ppc-amigaos/4.0.2/../../../../include/c++/4.0.2/bits/stl_algo.h:4104: error: no match for 'operator&lt;' in '__first1. boost::input_iterator_archetype&lt;T, I&gt;::operator* [with T = main()::Tin1, int I = 0]() &lt; __first2. boost::input_iterator_archetype&lt;T, I&gt;::operator* [with T = main()::Tin2, int I = 0]()'
Build:SDK/gcc/bin/../lib/gcc/ppc-amigaos/4.0.2/../../../../include/c++/4.0.2/bits/stl_algo.h:4106: error: no match for 'operator=' in '__result. boost::output_iterator_archetype&lt;T&gt;::operator* [with T = main()::T]() = __first1. boost::input_iterator_archetype&lt;T, I&gt;::operator* [with T = main()::Tin1, int I = 0]()'
/Code/boost_1_33_1/boost/concept_archetype.hpp:453: note: candidates are: boost::output_proxy&lt;T&gt;&amp; boost::output_proxy&lt;T&gt;::operator=(const T&amp;) [with T = main()::T]
/Code/boost_1_33_1/boost/concept_archetype.hpp:452: note:  boost::output_proxy&lt;main()::T&gt;&amp; boost::output_proxy&lt;main()::T&gt;::operator=(const boost::output_proxy&lt;main()::T&g...
   (remainder deleted because of excessive size)
</pre>
<h2><a name="date_time-teststreams-gcc">date_time - teststreams - gcc</a></h2>
<h3>Run output:</h3><pre>
Pass :: check time output: 2002-May-01 12:10:05.000000123 
Pass :: check time period output: [2002-May-01 12:10:05/2002-May-01 23:00:00] 
Pass :: check time output: 01.Mai.2002 12:10:05 
Pass :: check time period output: 05:04:03 
Pass :: check time period output: -01:25:00 
Pass :: check time period output: -00:40:00 
Pass :: check time period output - german: [01.Mai.2002 12:10:05/01.Mai.2002 23:00:00] 
Pass :: Stream in time_duration 
Pass :: Stream in ptime 
Pass :: Stream in ptime2 
Pass :: Stream in ptime3 
Got expected exception: basic_string::at
Pass :: Stream bad ptime 
Pass :: Stream in time_period 
FAIL :: Wide streaming not available for this compiler 
14 Tests Executed: 1 FAILURES

EXIT STATUS: 1
</pre>
<h2><a name="date_time-testfacet-gcc">date_time - testfacet - gcc</a></h2>
<h3>Run output:</h3><pre>
Pass :: Special value, stream out nadt 
Pass :: Special value, stream out neg_infin 
Pass :: Special value, stream out pos_infin 
Pass :: check german short month: Okt 
Pass :: check german short month: Okt 
Pass :: check ymd: 01.Okt.2002 
Pass :: ostream low level check string:01.Okt.2002 
global: C
Pass :: no registered facet here 
Pass :: facet registered here 
Pass :: check string imbued ostream: 2002-Okt-01 
Pass :: check string imbued ostream: +unbegrenztheit 
Pass :: check string imbued ostream: +unbegrenztheit 
Pass :: check string imbued ostream: NichtDatumzeit 
Pass :: check any old ostream: 2002-Oct-01 
Pass :: check date order: 01.10.2002 
Pass :: check date order: 2002 Okt 01 
Pass :: check date order: Oktober 01 2002 
Pass :: check date period: [Oktober 01 2002/Oktober 03 2002] 
Pass :: date_duration stream out 
Pass :: date_duration stream out 
Pass :: partial date stream out 
Pass :: nth kday of month 
Pass :: first kday of month 
Pass :: last kday of month 
Pass :: first kday after 
Pass :: first kday after 
26 Jun
second Fri of Sep
first Sat of May
last Mon of Aug
Thu after
Tue before

Pass :: Stream in month 
FAIL :: Wide Stream in not supported by this compiler 
Pass :: Stream in German month 
Pass :: Bad month exception caught (misspelled name) 
Pass :: Stream in weekday 
FAIL :: Wide Stream in not supported by this compiler 
Pass :: Stream in German weekday 
Pass :: Bad weekday exception caught (misspelled name) 
34 Tests Executed: 2 FAILURES

EXIT STATUS: 2
</pre>
<h2><a name="date_time-testtime_wstream-gcc">date_time - testtime_wstream - gcc</a></h2>
<h3>Run output:</h3><pre>
FAIL :: No wstring/wstream support for this compiler 
1 Tests Executed: 1 FAILURES

EXIT STATUS: 1
</pre>
<h2><a name="date_time-testgreg_wstream-gcc">date_time - testgreg_wstream - gcc</a></h2>
<h3>Run output:</h3><pre>
FAIL :: No wstring/wstream support for this compiler 
1 Tests Executed: 1 FAILURES

EXIT STATUS: 1
</pre>
<h2><a name="filesystem-large_file_support_test-gcc">filesystem - large_file_support_test - gcc</a></h2>
<h3>Run output:</h3><pre>
The operating system is using an integer type to report file sizes
that can not represent file sizes greater that 2 gigabytes (31-bits).
Thus the Filesystem Library will not correctly deal with such large
files. If you think that this operatiing system should be able to
support large files, please report the problem to the Boost developers
mailing list.

EXIT STATUS: 1
</pre>
<h2><a name="functional/hash-hash_float_test-gcc">functional/hash - hash_float_test - gcc</a></h2>
<h3>Run output:</h3><pre>
Running 3 test cases...
Compiler: GNU C++ version 4.0.2 (AmigaOS build 20051012)
Platform: AmigaOS
Library: GNU libstdc++ version 20050921


Testing boost::hash&lt;float&gt;

x1(quiet_NaN) == x1(-infinity) == 764723166

Testing boost::hash&lt;double&gt;

x1(quiet_NaN) == x1(-infinity) == 2203590382

Testing boost::hash&lt;long double&gt;

x1(quiet_NaN) == x1(-infinity) == 2203590382

*** No errors detected

EXIT STATUS: 0
</pre>
<h2><a name="graph-king_ordering-gcc">graph - king_ordering - gcc</a></h2>
<h3>Compiler output:</h3><pre>
/Code/boost_1_33_1/boost/graph/king_ordering.hpp: In member function 'void boost::detail::bfs_king_visitor&lt;OutputIterator, Buffer, Compare, PseudoDegreeMap, VecMap, VertexIndexMap&gt;::finish_vertex(Vertex, Graph&amp;) [with Vertex = unsigned int, Graph = const boost::adjacency_list&lt;boost::vecS, boost::vecS, boost::undirectedS, boost::property&lt;boost::vertex_color_t, boost::default_color_type, boost::property&lt;boost::vertex_degree_t, int, boost::no_property&gt; &gt;, boost::no_property, boost::no_property, boost::listS&gt;, OutputIterator = std::reverse_iterator&lt;__gnu_cxx::__normal_iterator&lt;main::Vertex*, std::vector&lt;main::Vertex, std::allocator&lt;main::Vertex&gt; &gt; &gt; &gt;, Buffer = boost::sparse::sparse_ordering_queue&lt;size_t, std::deque&lt;size_t, std::allocator&lt;main::Vertex&gt; &gt; &gt;, Compare = boost::indirect_cmp&lt;boost::iterator_property_map&lt;__gnu_cxx::__normal_iterator&lt;int*, std::vector&lt;int, std::allocator&lt;int&gt; &gt; &gt;, boost::vec_adj_list_vertex_id_map&lt;boost::property&lt;boost::vertex_color_t, boost::default_color_type, boost::property&lt;boost::vertex_degree_t, int, boost::no_property&gt; &gt;, size_t&gt;, int, int&amp;&gt;, std::less&lt;int&gt; &gt;, PseudoDegreeMap = boost::iterator_property_map&lt;__gnu_cxx::__normal_iterator&lt;int*, std::vector&lt;int, std::allocator&lt;int&gt; &gt; &gt;, boost::vec_adj_list_vertex_id_map&lt;boost::property&lt;boost::vertex_color_t, boost::default_color_type, boost::property&lt;boost::vertex_degree_t, int, boost::no_property&gt; &gt;, size_t&gt;, int, int&amp;&gt;, VecMap = std::vector&lt;int, std::allocator&lt;int&gt; &gt;, VertexIndexMap = boost::vec_adj_list_vertex_id_map&lt;boost::property&lt;boost::vertex_color_t, boost::default_color_type, boost::property&lt;boost::vertex_degree_t, int, boost::no_property&gt; &gt;, size_t&gt;]':
/Code/boost_1_33_1/boost/graph/breadth_first_search.hpp:80:   instantiated from 'void boost::breadth_first_visit(const IncidenceGraph&amp;, typename boost::graph_traits&lt;G&gt;::vertex_descriptor, Buffer&amp;, BFSVisitor, ColorMap) [with IncidenceGraph = boost::adjacency_list&lt;boost::vecS, boost::vecS, boost::undirectedS, boost::property&lt;boost::vertex_color_t, boost::default_color_type, boost::property&lt;boost::vertex_degree_t, int, boost::no_property&gt; &gt;, boost::no_property, boost::no_property, boost::listS&gt;, Buffer = boost::sparse::sparse_ordering_queue&lt;size_t, std::deque&lt;size_t, std::allocator&lt;main::Vertex&gt; &gt; &gt;, BFSVisitor = boost::detail::bfs_king_visitor&lt;std::reverse_iterator&lt;__gnu_cxx::__normal_iterator&lt;main::Vertex*, std::vector&lt;main::Vertex, std::allocator&lt;main::Vertex&gt; &gt; &gt; &gt;, boost::sparse::sparse_ordering_queue&lt;size_t, std::deque&lt;size_t, std::allocator&lt;main::Vertex&gt; &gt; &gt;, boost::indirect_cmp&lt;boost::iterator_property_map&lt;__gnu_cxx::__normal_iterator&lt;int*, std::vector&lt;int, std::allocator&lt;int&gt; &gt; &gt;, boost::vec_adj_list_vertex_id_map&lt;boost::property&lt;boost::vertex_color_t, boost::default_color_type, boost::property&lt;boost::vertex_degree_t, int, boost::no_property&gt; &gt;, size_t&gt;, int, int&amp;&gt;, std::less&lt;int&gt; &gt;, boost::iterator_property_map&lt;__gnu_cxx::__normal_iterator&lt;int*, std::vector&lt;int, std::allocator&lt;int&gt; &gt; &gt;, boost::vec_adj_list_vertex_id_map&lt;boost::property&lt;boost::vertex_color_t, boost::default_color_type, boost::property&lt;boost::vertex_degree_t, int, boost::no_property&gt; &gt;, size_t&gt;, int, int&amp;&gt;, std::vector&lt;int, std::allocator&lt;int&gt; &gt;, boost::vec_adj_list_vertex_id_map&lt;boost::property&lt;boost::vertex_color_t, boost::default_color_type, boost::property&lt;boost::vertex_degree_t, int, boost::no_property&gt; &gt;, size_t&gt; &gt;, ColorMap = boost::vec_adj_list_vertex_property_map&lt;boost::adjacency_list&lt;boost::vecS, boost::vecS, boost::undirectedS, boost::property&lt;boost::vertex_color_t, boost::default_color_type, boost::property&lt;boost::vertex_degree_t, int, boost::no_property&gt; &gt;, boost::no_property, boost::no_property, boost::listS&gt;, boost::adjacency_list&lt;boost::vecS, boost::vecS, boost::undirectedS, boost::property&lt;boost::vertex_color_t, boost::default_color_type, boost::property&lt;boost::vertex_degree_t, int, boost::no_property&gt; &gt;, boost::no_property, boost::no_property, boost::listS&gt;*, boost::default_color_type, boost::default_color_type&amp;, boost::vertex_color_t&gt;]'
/Code/boost_1_33_1/boost/graph/king_ordering.hpp:252:   instantiated from 'OutputIterator boost::king_ordering(const Graph&amp;, std::deque&lt;typename boost::detail::bfs_helper(VertexListGraph&amp;, typename boost::graph_traits&lt;G&gt;::vertex_descriptor, ColorMap, BFSVisitor, const boost::bgl_named_params&lt;P, T, R&gt;&amp;)::Traits::vertex_descriptor, std::allocator&lt;typename boost::detail::bfs_helper(VertexListGraph&amp;, typename boost::graph_traits&lt;G&gt;::vertex_descriptor, ColorMap, BFSVisitor, const boost::bgl_named_params&lt;P, T, R&gt;&amp;)::Traits::vertex_descriptor&gt; &gt;, OutputIterator, ColorMap, DegreeMap, VertexIndexMap) [with Graph = boost::adjacency_list&lt;boost::vecS, boost::vecS, boost::undirectedS, boost::property&lt;boost::vertex_color_t, boost::default_color_type, boost::property&lt;boost::vertex_degree_t, int, boost::no_property&gt; &gt;, boost::no_property, boost::no_property, boost::listS&gt;, OutputIterator = std::reverse_iterator&lt;__gnu_cxx::__normal_iterator&lt;main::Vertex*, std::vector&lt;main::Vertex, std::allocator&lt;main::Vertex&gt; &gt; &gt; &gt;, ColorMap = boost::vec_adj_list_vertex_property_map&lt;boost::adjacency_list&lt;boost::vecS, boost::vecS, boost::undirectedS, boost::property&lt;boost::vertex_color_t, boost::default_color_type, boost::property&lt;boost::vertex_degree_t, int, boost::no_property&gt; &gt;, boost::no_property, boost::no_property, boost::listS&gt;, boost::adjacency_list&lt;boost::vecS, boost::vecS, boost::undirectedS, boost::property&lt;boost::vertex_color_t, boost::default_color_type, boost::property&lt;boost::vertex_degree_t, int, boost::no_property&gt; &gt;, boost::no_property, boost::no_property, boost::listS&gt;*, boost::default_color_type, boost::default_color_type&amp;, boost::vertex_color_t&gt;, DegreeMap = boost::vec_adj_list_vertex_property_map&lt;main(int, char**)::Graph, main(int, char**)::Graph*, int, int&amp;, boost::vertex_degree_t&gt;, VertexIndexMap = boost::vec_adj_list_vertex_id_map&lt;boost::property&lt;boost::vertex_color_t, boost::default_color_type, boost::property&lt;boost::vertex_degree_t, int, boost::no_property&gt; &gt;, size_t&gt;]'
/Code/boost_1_33_1/boost/graph/king_ordering.hpp:272:   instantiated from 'OutputIterator boost::king_ordering(const Graph&amp;, typename boost::graph_traits&lt;G&gt;::vertex_descriptor, OutputIterator, ColorMap, DegreeMap, VertexIndexMap) [with Graph = main(int, char**)::Graph, OutputIterator = std::reverse_iterator&lt;__gnu_cxx::__normal_iterator&lt;main::Vertex*, std::vector&lt;main::Vertex, std::allocator&lt;main::Vertex&gt; &gt; &gt; &gt;, ColorMap = boost::vec_adj_list_vertex_property_map&lt;boost::adjacency_list&lt;boost::vecS, boost::vecS, boost::undirectedS, boost::property&lt;boost::vertex_color_t, boost::default_color_type, boost::property&lt;boost::vertex_degree_t, int, boost::no_property&gt; &gt;, boost::no_property, boost::no_property, boost::listS&gt;, boost::adjacency_list&lt;boost::vecS, boost::vecS, boost::undirectedS, boost::property&lt;boost::vertex_color_t, boost::default_color_type, boost::property&lt;boost::vertex_degree_t, int, boost::no_property&gt; &gt;, boost::no_property, boost::no_property, boost::listS&gt;*, boost::default_color_type, boost::default_color_type&amp;, boost::vertex_color_t&gt;, DegreeMap = boost::vec_adj_list_vertex_property_map&lt;main(int, char**)::Graph, main(int, char**)::Graph*, int, int&amp;, boost::vertex_degree_t&gt;, VertexIndexMap = boost::vec_adj_list_vertex_id_map&lt;boost::property&lt;boost::vertex_color_t, boost::default_color_type, boost::property&lt;boost::vertex_degree_t, int, boost::no_property&gt; &gt;, size_t&gt;]'
../libs/graph/test/king_ordering.cpp:95:   instantiated from here
/Code/boost_1_33_1/boost/graph/king_ordering.hpp:68: warning: comparison between signed and unsigned integer expressions
/Code/boost_1_33_1/boost/graph/king_ordering.hpp: In member function 'void boost::detail::bfs_king_visitor&lt;OutputIterator, Buffer, Compare, PseudoDegreeMap, VecMap, VertexIndexMap&gt;::percolate_up(int, int) [with Vertex = unsigned int, OutputIterator = std::reverse_iterator&lt;__gnu_cxx::__normal_iterator&lt;main::Vertex*, std::vector&lt;main::Vertex, std::allocator&lt;main::Vertex&gt; &gt; &gt; &gt;, Buffer = boost::sparse::sparse_ordering_queue&lt;size_t, std::deque&lt;size_t, std::allocator&lt;main::Vertex&gt; &gt; &gt;, Compare = boost::indirect_cmp&lt;boost::iterator_property_map&lt;__gnu_cxx::__normal_iterator&lt;int*, std::vector&lt;int, std::allocator&lt;int&gt; &gt; &gt;, boost::vec_adj_list_vertex_id_map&lt;boost::property&lt;boost::vertex_color_t, boost::default_color_type, boost::property&lt;boost::vertex_degree_t, int, boost::no_property&gt; &gt;, size_t&gt;, int, int&amp;&gt;, std::less&lt;int&gt; &gt;, PseudoDegreeMap = boost::iterator_property_map&lt;__gnu_cxx::__normal_iterator&lt;int*, std::vector&lt;int, std::allocator&lt;int&gt; &gt; &gt;, boost::vec_adj_list_vertex_id_map&lt;boost::property&lt;boost::vertex_color_t, boost::default_color_type, boost::property&lt;boost::vertex_degree_t, int, boost::no_property&gt; &gt;, size_t&gt;, int, int&amp;&gt;, VecMap = std::vector&lt;int, std::allocator&lt;int&gt; &gt;, VertexIndexMap = boost::vec_adj_list_vertex_id_map&lt;boost::property&lt;boost::vertex_color_t, boost::default_color_type, boost::property&lt;boost::vertex_degree_t, int, boost::no_property&gt; &gt;, size_t&gt;]':
/Code/boost_1_33_1/boost/graph/king_ordering.hpp:83:  ...
   (remainder deleted because of excessive size)
</pre>
<h2><a name="graph-layout_test-gcc">graph - layout_test - gcc</a></h2>
<h3>Compiler output:</h3><pre>
/Code/boost_1_33_1/boost/graph/fruchterman_reingold.hpp: In function 'void boost::fruchterman_reingold_force_directed_layout(const Graph&amp;, PositionMap, Dim, Dim, AttractiveForce, RepulsiveForce, ForcePairs, Cooling, DisplacementMap) [with Graph = test_main(int, char**)::Graph, PositionMap = boost::adj_list_vertex_property_map&lt;boost::adjacency_list&lt;boost::listS, boost::listS, boost::undirectedS, boost::property&lt;boost::vertex_index_t, int, boost::property&lt;vertex_position_t, point, boost::no_property&gt; &gt;, boost::property&lt;boost::edge_weight_t, double, boost::no_property&gt;, boost::no_property, boost::listS&gt;, point, point&amp;, vertex_position_t&gt;, Dim = double, AttractiveForce = boost::square_distance_attractive_force, RepulsiveForce = boost::square_distance_repulsive_force, ForcePairs = boost::all_force_pairs, Cooling = boost::linear_cooling&lt;double&gt;, DisplacementMap = boost::iterator_property_map&lt;__gnu_cxx::__normal_iterator&lt;point*, std::vector&lt;point, std::allocator&lt;point&gt; &gt; &gt;, boost::adj_list_vertex_property_map&lt;boost::adjacency_list&lt;boost::listS, boost::listS, boost::undirectedS, boost::property&lt;boost::vertex_index_t, int, boost::property&lt;vertex_position_t, point, boost::no_property&gt; &gt;, boost::property&lt;boost::edge_weight_t, double, boost::no_property&gt;, boost::no_property, boost::listS&gt;, int, int&amp;, boost::vertex_index_t&gt;, point, point&amp;&gt;]':
../libs/graph/test/layout_test.cpp:207:   instantiated from 'void test_cube(Graph*) [with Graph = test_main(int, char**)::Graph]'
../libs/graph/test/layout_test.cpp:358:   instantiated from here
/Code/boost_1_33_1/boost/graph/fruchterman_reingold.hpp:312: warning: suggest parentheses around assignment used as truth value
/Code/boost_1_33_1/boost/graph/fruchterman_reingold.hpp: In function 'void boost::fruchterman_reingold_force_directed_layout(const Graph&amp;, PositionMap, Dim, Dim, AttractiveForce, RepulsiveForce, ForcePairs, Cooling, DisplacementMap) [with Graph = boost::adjacency_list&lt;boost::listS, boost::listS, boost::undirectedS, boost::property&lt;boost::vertex_index_t, int, boost::property&lt;vertex_position_t, point, boost::no_property&gt; &gt;, boost::property&lt;boost::edge_weight_t, double, boost::no_property&gt;, boost::no_property, boost::listS&gt;, PositionMap = boost::adj_list_vertex_property_map&lt;boost::adjacency_list&lt;boost::listS, boost::listS, boost::undirectedS, boost::property&lt;boost::vertex_index_t, int, boost::property&lt;vertex_position_t, point, boost::no_property&gt; &gt;, boost::property&lt;boost::edge_weight_t, double, boost::no_property&gt;, boost::no_property, boost::listS&gt;, point, point&amp;, vertex_position_t&gt;, Dim = double, AttractiveForce = boost::square_distance_attractive_force, RepulsiveForce = boost::square_distance_repulsive_force, ForcePairs = boost::grid_force_pairs&lt;double, boost::adj_list_vertex_property_map&lt;boost::adjacency_list&lt;boost::listS, boost::listS, boost::undirectedS, boost::property&lt;boost::vertex_index_t, int, boost::property&lt;vertex_position_t, point, boost::no_property&gt; &gt;, boost::property&lt;boost::edge_weight_t, double, boost::no_property&gt;, boost::no_property, boost::listS&gt;, point, point&amp;, vertex_position_t&gt; &gt;, Cooling = boost::linear_cooling&lt;double&gt;, DisplacementMap = boost::iterator_property_map&lt;__gnu_cxx::__normal_iterator&lt;boost::simple_point&lt;double&gt;*, std::vector&lt;boost::simple_point&lt;double&gt;, std::allocator&lt;boost::simple_point&lt;double&gt; &gt; &gt; &gt;, boost::adj_list_vertex_property_map&lt;boost::adjacency_list&lt;boost::listS, boost::listS, boost::undirectedS, boost::property&lt;boost::vertex_index_t, int, boost::property&lt;vertex_position_t, point, boost::no_property&gt; &gt;, boost::property&lt;boost::edge_weight_t, double, boost::no_property&gt;, boost::no_property, boost::listS&gt;, int, const int&amp;, boost::vertex_index_t&gt;, boost::simple_point&lt;double&gt;, boost::simple_point&lt;double&gt;&amp;&gt;]':
/Code/boost_1_33_1/boost/graph/fruchterman_reingold.hpp:366:   instantiated from 'static void boost::detail::fr_force_directed_layout&lt;boost::detail::error_property_not_found&gt;::run(const Graph&amp;, PositionMap, Dim, Dim, AttractiveForce, RepulsiveForce, ForcePairs, Cooling, boost::detail::error_property_not_found, const boost::bgl_named_params&lt;Param, Tag, Rest&gt;&amp;) [with Graph = boost::adjacency_list&lt;boost::listS, boost::listS, boost::undirectedS, boost::property&lt;boost::vertex_index_t, int, boost::property&lt;vertex_position_t, point, boost::no_property&gt; &gt;, boost::property&lt;boost::edge_weight_t, double, boost::no_property&gt;, boost::no_property, boost::listS&gt;, PositionMap = boost::adj_list_vertex_property_map&lt;boost::adjacency_list&lt;boost::listS, boost::listS, boost::undirectedS, boost::property&lt;boost::vertex_index_t, int, boost::property&lt;vertex_position_t, point, boost::no_property&gt; &gt;, boost::property&lt;boost::edge_weight_t, double, boost::no_property&gt;, boost::no_property, boost::listS&gt;, point, point&amp;, vertex_position_t&gt;, Dim = double, AttractiveForce = boost::square_distance_attractive_force, RepulsiveForce = boost::square_distance_repulsive_force, ForcePairs = boost::grid_force_pairs&lt;double, boost::adj_list_vertex_property_map&lt;boost::adjacency_list&lt;boost::listS, boost::listS, boost::undirectedS, boost::property&lt;boost::vertex_index_t, int, boost::property&lt;vertex_position_t, point, boost::no_property&gt; &gt;, boost::property&lt;boost::edge_weight_t, double, boost::no_property&gt;, boost::no_property, boost::listS&gt;, point, point&amp;, vertex_position_t&gt; &gt;, Cooling = boost::linear_cooling&lt;double&gt;, Param = boost::linear_cooling&lt;double&gt;, Tag = boost::cooling_t, Rest = boost::bgl_named_params&lt;boost::square_distance_attractive_force, boost::attractive_force_t, boost::no_property&gt;]'
/Code/boost_1_33_1/boost/graph/fruchterman_reingold.hpp:392:   instantiated from 'void boost::fruchterman_reingold_force_directed_layout(const Graph&amp;, PositionMap, Dim, Dim, const boost::bgl_named_params&lt;Param, Tag, Rest&gt;&amp;) [with Graph = test_main(int, char**)::Graph, PositionMap = boost::adj_list_vertex_property_map&lt;boost::adjacency_list&lt;boost::listS, boost::listS, boost::undirectedS, boost::property&lt;boost::vertex_index_t, int, boost::property&lt;vertex_position_t, point, boost::no_property&gt; &gt;, boost::property&lt;boost::edge_weight_t, double, boost::no_property&gt;, boost::no_property, boost::listS&gt;, point, point&amp;, vertex_position_t&gt;, Dim = double, Param = boost::linear_cooling&lt;double&gt;, Tag = boost::cooling_t, Rest = boost::bgl_named_params&lt;boost::square_distance_attractive_force, boost::attractive_force_t, boost::no_property&gt;]'
../libs/graph/test/layout_test.cpp:276:   instantiated from 'void test_triangular(Graph*) [with Graph = test_main(int, char**)::Graph]'
../libs/graph/test/layout_test.cpp:359:   instantiated from here
/Code/boost_1_33_1/boost/graph/fruchterman_reingold.hpp:312: warning: suggest parentheses around assignment used as truth value
</pre>
<h3>Run output:</h3><pre>
Regular polygon layout with 5 points.
           E       
                   
                   
                   
D                  
                   
                   
                   
                   
                  A
                   
                   
                   
                   
C                  
                   
                   
                   
           B       
(A, E) (A, B) (A, D) (B, F) (B, C) (C, D) (C, G) (D, H) (E, H) (E, F) (F, G) (G, H) 
Cube layout (Kamada-Kawai).
                 E                 
                                   
                                   
                                   
                                   
                                   
                                   
                                   
 H                                 
                                  F
                                   
                                   
                                   
                                   
                  G                
                                   
                                   
                                   
                                   
                                   
               A                   
                                   
                                   
                                   
                                   
                                   
D                                  
                                B  
                                   
                                   
                                   
                                   
                                   
                                   
                                   
                 C                 
Cube layout (Fruchterman-Reingold).
                               D          
        A                                 
                                          
                                          
                                          
                                          
                                          
                                          
                                          
                                          
                                          
                                          
                                          
                                          
                                          
                                          
                                          
                                          
                                          
                                          
                                         C
                B         H               
E                                         
                                          
                                          
                                          
                                          
                                          
                                          
                                          
                                          
                                          
                                          
                                          
                                          
                                          
                                          
                                          
                                          
                                          
                                          
           F                      G       
(A, B) (A, C) (B, C) (B, D) (B, E) (C, E) (C, F) (D, E) (D, G) (D, H) (E, F) (E, H) (E, I) (F, I) (F, J) (G, H) (H, I) (I, J) 
Triangular layout (Kamada-Kawai).
                                  I                J
                 H                                  
G                                                   
                                                    
                                                    
                                                    
                                                    
                                                    
                                                    
                                                    
                                                    
                                                    
                                                    
                                                    
                                                    
                                           F        
                          E                         
         D                                          
                                                    
                                                    
                                                    
                                                    
                                                    
                                                    
                                                    
                                                    
                                                    
                                                    
                                                    
                                                    
                   B               C                
                                                    
                                                    
                                                    
                                                    
                                                    
                                                    
                                                    
                                                    
                                                    
                                                    
                                                    
                                                    
                                                    
                                                    
                           A                        
Triangular layout (Fruchterman-Reingold).
A                                                  
                                                   
                                                   
                                                   
                                                   
                                                   
                  B                                
                                                   
                                                   
                                                   
                                                   
                                                   
                                                   
                                                   
                                                   
                                                   
  C                                 D              
                                                   
                                                   
                                                   
                                                   
                                                   
                                                   
                                                   
                                                  G
                    E                              
                                                   
                                                   
                                                   
                                                   
                                                   
                                                   
                                                   
                                                   
                                    H              
  F                                                
                                                   
                                                   
                                                   
                                                   
                                                   
                                                   
                                                   
                                                   
                                                   
                  I                                
                                                   
                                                   
                                                   
                                                   
J                                                  
(A, B) (B, C) (C, A) (D, E) (E, F) (F, G) (G, H) (H, D) (D, F) (F, H) (H, E) (E, G) (G, D) 
Disconnected layout (Fruchterman-Reingold).
                                     A            C
                                                   
                                                   
                                                   
                                                   
                                                   
                                                   
                                                   
                                                   
                                                   
                                                   
                                                   
                                                   
                                                  B
                                                   
                                                   
                                                   
                                                   
                                                   
                                                   
                                                   
                                                   
                                                   
                                                   
                                                   
                                                   
                                                   
                                                   
                                                   
                                                   
D                                                  
                                                   
                                                   
                                                   
                                                   
                                                   
                                                   
               H                                   
                                                   
                                                   
                                                   
F                                                  
                                                   
                                                   
                                                   
                                                   
                                                   
                                                   
                                                   
                                                   
E            G                                     

**** no errors detected

EXIT STATUS: 0
</pre>
<h2><a name="iostreams-wide_stream_test-gcc">iostreams - wide_stream_test - gcc</a></h2>
<h3>Compiler output:</h3><pre>
/Code/boost_1_33_1/libs/iostreams/test/wide_stream_test.cpp:9:3: error: #error wide streams not supported on this platform

    set -e 
    "g++"   -c -Wall -ftemplate-depth-255  -DBOOST_IOSTREAMS_NO_LIB  -O0 -fno-inline   -I"../bin/boost/libs/iostreams/test"   -I "/Code/boost_1_33_1"  -o "../bin/boost/libs/iostreams/test/wide_stream_test.test/gcc/debug/debug-symbols-off/runtime-link-static/wide_stream_test.o"  "/Code/boost_1_33_1/libs/iostreams/test/wide_stream_test.cpp" 
    

</pre>
<h2><a name="iostreams-mapped_file_test-gcc">iostreams - mapped_file_test - gcc</a></h2>
<h3>Compiler output:</h3><pre>
/Code/boost_1_33_1/libs/iostreams/src/mapped_file.cpp:28:45: error: sys/mman.h: No such file or directory
/Code/boost_1_33_1/libs/iostreams/src/mapped_file.cpp: In member function 'void boost::iostreams::detail::mapped_file_impl::close()':
/Code/boost_1_33_1/libs/iostreams/src/mapped_file.cpp:70: error: '::munmap' has not been declared
/Code/boost_1_33_1/libs/iostreams/src/mapped_file.cpp: In member function 'void boost::iostreams::mapped_file_source::open_impl(boost::iostreams::mapped_file_params)':
/Code/boost_1_33_1/libs/iostreams/src/mapped_file.cpp:347: error: '::mmap' has not been declared
/Code/boost_1_33_1/libs/iostreams/src/mapped_file.cpp:348: error: 'PROT_READ' was not declared in this scope
/Code/boost_1_33_1/libs/iostreams/src/mapped_file.cpp:348: error: 'PROT_WRITE' was not declared in this scope
/Code/boost_1_33_1/libs/iostreams/src/mapped_file.cpp:349: error: 'MAP_PRIVATE' was not declared in this scope
/Code/boost_1_33_1/libs/iostreams/src/mapped_file.cpp:349: error: 'MAP_SHARED' was not declared in this scope
/Code/boost_1_33_1/libs/iostreams/src/mapped_file.cpp:351: error: 'MAP_FAILED' was not declared in this scope
/Code/boost_1_33_1/libs/iostreams/src/mapped_file.cpp: In static member function 'static int boost::iostreams::mapped_file_source::alignment()':
/Code/boost_1_33_1/libs/iostreams/src/mapped_file.cpp:364: error: '_SC_PAGESIZE' was not declared in this scope
/Code/boost_1_33_1/libs/iostreams/src/mapped_file.cpp:364: error: 'sysconf' was not declared in this scope

    set -e 
    "g++"   -c -Wall -ftemplate-depth-255  -DBOOST_IOSTREAMS_NO_LIB  -O0 -fno-inline   -I"../bin/boost/libs/iostreams/test"   -I "/Code/boost_1_33_1"  -o "../bin/boost/libs/iostreams/test/mapped_file_test.test/gcc/debug/debug-symbols-off/runtime-link-static/mapped_file.o"  "/Code/boost_1_33_1/libs/iostreams/src/mapped_file.cpp" 
    

</pre>
<h2><a name="iostreams-code_converter_test-gcc">iostreams - code_converter_test - gcc</a></h2>
<h3>Compiler output:</h3><pre>
/Code/boost_1_33_1/libs/iostreams/test/code_converter_test.cpp:9:3: error: #error wide streams not supported on this platform
In file included from /Code/boost_1_33_1/libs/iostreams/test/code_converter_test.cpp:16:
/Code/boost_1_33_1/boost/iostreams/code_converter.hpp:20:3: error: #error code conversion not supported on this platform
In file included from /Code/boost_1_33_1/libs/iostreams/test/code_converter_test.cpp:37:
/Code/boost_1_33_1/libs/iostreams/test/detail/utf8_codecvt_facet.hpp:6:3: error: #error wide streams not supported on this platform
/Code/boost_1_33_1/libs/iostreams/test/code_converter_test.cpp:337:2: warning: no newline at end of file
/Code/boost_1_33_1/libs/iostreams/test/code_converter_test.cpp: In function 'std::basic_string&lt;typename boost::iostreams::detail::codecvt_intern&lt;T&gt;::type, std::char_traits&lt;typename boost::iostreams::detail::codecvt_intern&lt;T&gt;::type&gt;, std::allocator&lt;typename boost::iostreams::detail::codecvt_intern&lt;T&gt;::type&gt; &gt; test_string() [with Codecvt = utf8_codecvt_facet&lt;wchar_t, char&gt;]':
/Code/boost_1_33_1/libs/iostreams/test/code_converter_test.cpp:204:   instantiated from 'bool codecvt_test1() [with Codecvt = utf8_codecvt_facet&lt;wchar_t, char&gt;]'
/Code/boost_1_33_1/libs/iostreams/test/code_converter_test.cpp:246:   instantiated from 'bool codecvt_test() [with Codecvt = utf8_codecvt_facet&lt;wchar_t, char&gt;]'
/Code/boost_1_33_1/libs/iostreams/test/code_converter_test.cpp:251:   instantiated from here
/Code/boost_1_33_1/libs/iostreams/test/code_converter_test.cpp:158: warning: comparison between signed and unsigned integer expressions
/Code/boost_1_33_1/libs/iostreams/test/code_converter_test.cpp: In function 'std::basic_string&lt;typename boost::iostreams::detail::codecvt_intern&lt;T&gt;::type, std::char_traits&lt;typename boost::iostreams::detail::codecvt_intern&lt;T&gt;::type&gt;, std::allocator&lt;typename boost::iostreams::detail::codecvt_intern&lt;T&gt;::type&gt; &gt; test_string() [with Codecvt = boost::iostreams::test::null_padded_codecvt]':
/Code/boost_1_33_1/libs/iostreams/test/code_converter_test.cpp:204:   instantiated from 'bool codecvt_test1() [with Codecvt = boost::iostreams::test::null_padded_codecvt]'
/Code/boost_1_33_1/libs/iostreams/test/code_converter_test.cpp:246:   instantiated from 'bool codecvt_test() [with Codecvt = boost::iostreams::test::null_padded_codecvt]'
/Code/boost_1_33_1/libs/iostreams/test/code_converter_test.cpp:252:   instantiated from here
/Code/boost_1_33_1/libs/iostreams/test/code_converter_test.cpp:158: warning: comparison between signed and unsigned integer expressions
/Code/boost_1_33_1/libs/iostreams/test/code_converter_test.cpp: In function 'std::basic_string&lt;typename boost::iostreams::detail::codecvt_intern&lt;T&gt;::type, std::char_traits&lt;typename boost::iostreams::detail::codecvt_intern&lt;T&gt;::type&gt;, std::allocator&lt;typename boost::iostreams::detail::codecvt_intern&lt;T&gt;::type&gt; &gt; test_string() [with Codecvt = boost::iostreams::test::stateless_null_padded_codecvt]':
/Code/boost_1_33_1/libs/iostreams/test/code_converter_test.cpp:204:   instantiated from 'bool codecvt_test1() [with Codecvt = boost::iostreams::test::stateless_null_padded_codecvt]'
/Code/boost_1_33_1/libs/iostreams/test/code_converter_test.cpp:246:   instantiated from 'bool codecvt_test() [with Codecvt = boost::iostreams::test::stateless_null_padded_codecvt]'
/Code/boost_1_33_1/libs/iostreams/test/code_converter_test.cpp:253:   instantiated from here
/Code/boost_1_33_1/libs/iostreams/test/code_converter_test.cpp:158: warning: comparison between signed and unsigned integer expressions

    set -e 
    "g++"   -c -Wall -ftemplate-depth-255  -DBOOST_IOSTREAMS_NO_LIB  -O0 -fno-inline   -I"../bin/boost/libs/iostreams/test"   -I "/Code/boost_1_33_1"  -o "../bin/boost/libs/iostreams/test/code_converter_test.test/gcc/debug/debug-symbols-off/runtime-link-static/code_converter_test.o"  "/Code/boost_1_33_1/libs/iostreams/test/code_converter_test.cpp" 
    

</pre>
<h2><a name="mpl-set-gcc">mpl - set - gcc</a></h2>
<h3>Compiler output:</h3><pre>
../libs/mpl/test/set.cpp: In function 'void test180()':
../libs/mpl/test/set.cpp:188: warning: unused variable 'x'
../libs/mpl/test/set.cpp:189: warning: unused variable 'y'
</pre>
<h2><a name="numeric/conversion-udt_support_test-gcc">numeric/conversion - udt_support_test - gcc</a></h2>
<h3>Compiler output:</h3><pre>
/Code/boost_1_33_1/libs/numeric/conversion/test/udt_support_test.cpp: In function 'void test_udt_conversions_with_defaults()':
/Code/boost_1_33_1/libs/numeric/conversion/test/udt_support_test.cpp:246: warning: passing 'double' for argument 1 to 'MyUDT::UDT&lt;T&gt;::UDT(T) [with T = int]'
</pre>
<h2><a name="optional-optional_test_ref-gcc">optional - optional_test_ref - gcc</a></h2>
<h3>Compiler output:</h3><pre>
../libs/optional/test/optional_test_ref.cpp: In function 'void test_basics(const T*) [with T = double]':
../libs/optional/test/optional_test_ref.cpp:306:   instantiated from here
../libs/optional/test/optional_test_ref.cpp:116: warning: unused variable 'bref'
../libs/optional/test/optional_test_ref.cpp: In function 'void test_basics(const T*) [with T = X]':
../libs/optional/test/optional_test_ref.cpp:315:   instantiated from here
../libs/optional/test/optional_test_ref.cpp:116: warning: unused variable 'bref'
</pre>
<h2><a name="program_options-unicode_test-gcc">program_options - unicode_test - gcc</a></h2>
<h3>Compiler output:</h3><pre>
../libs/program_options/test/unicode_test.cpp: In function 'void test_unicode_to_unicode()':
../libs/program_options/test/unicode_test.cpp:31: error: 'wstring' was not declared in this scope
../libs/program_options/test/unicode_test.cpp:31: error: no matching function for call to 'wvalue()'
../libs/program_options/test/unicode_test.cpp:34: error: 'wstring' cannot appear in a constant-expression
../libs/program_options/test/unicode_test.cpp:34: error: template argument 1 is invalid
../libs/program_options/test/unicode_test.cpp:34: error: template argument 2 is invalid
../libs/program_options/test/unicode_test.cpp:34: error: invalid type in declaration before ';' token
../libs/program_options/test/unicode_test.cpp:35: error: request for member 'push_back' in 'args', which is of non-class type 'int'
../libs/program_options/test/unicode_test.cpp:38: error: no matching function for call to 'boost::program_options::basic_command_line_parser&lt;wchar_t&gt;::basic_command_line_parser(int&amp;)'
/Code/boost_1_33_1/boost/program_options/detail/parsers.hpp:37: note: candidates are: boost::program_options::basic_command_line_parser&lt;charT&gt;::basic_command_line_parser(int, charT**) [with charT = wchar_t]
/Code/boost_1_33_1/boost/program_options/detail/parsers.hpp:30: note:  boost::program_options::basic_command_line_parser&lt;charT&gt;::basic_command_line_parser(const std::vector&lt;std::basic_string&lt;_CharT, std::char_traits&lt;_CharT&gt;, std::allocator&lt;_CharT&gt; &gt;, std::allocator&lt;std::basic_string&lt;_CharT, std::char_traits&lt;_CharT&gt;, std::allocator&lt;_CharT&gt; &gt; &gt; &gt;&amp;) [with charT = wchar_t]
/Code/boost_1_33_1/boost/program_options/parsers.hpp:88: note:  boost::program_options::basic_command_line_parser&lt;wchar_t&gt;::basic_command_line_parser(const boost::program_options::basic_command_line_parser&lt;wchar_t&gt;&amp;)
../libs/program_options/test/unicode_test.cpp:40: error: 'wstring' cannot appear in a constant-expression
../libs/program_options/test/unicode_test.cpp:40: error: no matching function for call to 'boost::program_options::variable_value::as() const'
../libs/program_options/test/unicode_test.cpp: In function 'void test_unicode_to_native()':
../libs/program_options/test/unicode_test.cpp:58: error: 'wstring' was not declared in this scope
../libs/program_options/test/unicode_test.cpp:58: error: template argument 1 is invalid
../libs/program_options/test/unicode_test.cpp:58: error: template argument 2 is invalid
../libs/program_options/test/unicode_test.cpp:58: error: invalid type in declaration before ';' token
../libs/program_options/test/unicode_test.cpp:59: error: request for member 'push_back' in 'args', which is of non-class type 'int'
../libs/program_options/test/unicode_test.cpp:62: error: no matching function for call to 'boost::program_options::basic_command_line_parser&lt;wchar_t&gt;::basic_command_line_parser(int&amp;)'
/Code/boost_1_33_1/boost/program_options/detail/parsers.hpp:37: note: candidates are: boost::program_options::basic_command_line_parser&lt;charT&gt;::basic_command_line_parser(int, charT**) [with charT = wchar_t]
/Code/boost_1_33_1/boost/program_options/detail/parsers.hpp:30: note:  boost::program_options::basic_command_line_parser&lt;charT&gt;::basic_command_line_parser(const std::vector&lt;std::basic_string&lt;_CharT, std::char_traits&lt;_CharT&gt;, std::allocator&lt;_CharT&gt; &gt;, std::allocator&lt;std::basic_string&lt;_CharT, std::char_traits&lt;_CharT&gt;, std::allocator&lt;_CharT&gt; &gt; &gt; &gt;&amp;) [with charT = wchar_t]
/Code/boost_1_33_1/boost/program_options/parsers.hpp:88: note:  boost::program_options::basic_command_line_parser&lt;wchar_t&gt;::basic_command_line_parser(const boost::program_options::basic_command_line_parser&lt;wchar_t&gt;&amp;)
../libs/program_options/test/unicode_test.cpp: In function 'void test_native_to_unicode()':
../libs/program_options/test/unicode_test.cpp:76: error: 'wstring' was not declared in this scope
../libs/program_options/test/unicode_test.cpp:76: error: no matching function for call to 'wvalue()'
../libs/program_options/test/unicode_test.cpp:85: error: 'wstring' cannot appear in a constant-expression
../libs/program_options/test/unicode_test.cpp:85: error: no matching function for call to 'boost::program_options::variable_value::as() const'
../libs/program_options/test/unicode_test.cpp: At global scope:
../libs/program_options/test/unicode_test.cpp:89: error: 'wstring' was not declared in this scope
../libs/program_options/test/unicode_test.cpp:89: error: template argument 1 is invalid
../libs/program_options/test/unicode_test.cpp:89: error: template argument 2 is invalid
../libs/program_options/test/unicode_test.cpp: In function 'int sv(wchar_t**, unsigned int)':
../libs/program_options/test/unicode_test.cpp:91: error: 'wstring' was not declared in this scope
../libs/program_options/test/unicode_test.cpp:91: error: template argument 1 is invalid
../libs/program_options/test/unicode_test.cpp:91: error: template argument 2 is invalid
../libs/program_options/test/unicode_test.cpp:91: error: invalid type in declaration before ';' token
../libs/program_options/test/unicode_test.cpp:93: error: request for member 'push_back' in 'r', which is of non-class type 'int'
../libs/program_options/test/unicode_test.cpp: In function 'void test_command_line()':
../libs/program_options/test/unicode_test.cpp:117: error: 'wstring' was not declared in this scope
../libs/program_options/test/unicode_test.cpp:117: error: template argument 1 is invalid
../libs/program_options/test/unicode_test.cpp:117: error: template argument 2 is invalid
../libs/program_options/test/unicode_test.cpp:117: error: invalid type in declaration before '=' token
../libs/program_options/test/unicode_test.cpp:120: error: no matching function for call to 'boost::program_options::basic_command_line_parser&lt;wchar_t&gt;::basic_command_line_parser(int&amp;)'
/Code/boost_1_33_1/boost/program_options/detail/parsers.hpp:37: note: candidates are: boost::program_options::basic_command_line_parser&lt;charT&gt;::basic_command_line_parser(int, charT**) [with charT = wchar_t]
/Code/boost_1_33_1/boost/program_options/detail/parsers.hpp:30: note:  boost::program_options::basic_command_line_parser&lt;charT&gt;::basic_command_line_parser(const std::vector&lt;std::basic_string&lt;_CharT, std::char_traits&lt;_CharT&gt;, std::allocator&lt;_CharT&gt; &gt;, std::allocator&lt;std::basic_string&lt;_CharT, std::char_traits&lt;_CharT&gt;, std::allocator&lt;_CharT&gt; &gt; &gt; &gt;&amp;) [with charT = wchar_t]
/Code/boost_1_33_1/boost/program_options/parsers.hpp:88: note:  boost::program_options::basic_command_line_parser&lt;wchar_t&gt;::basic_command_line_parser(const boost::program_options::basic_command_line_parser&lt;wchar_t&gt;&amp;)
../libs/program_options/test/unicode_test.cpp: In function 'void test_config_file()':
../libs/program_options/test/unicode_test.cpp:144: error: 'wstringstream' is not a member of 'std'
../libs/program_options/test/unicode_test.cpp:144: error: expected `;' before 'stream'
../libs/program_options/test/unicode_test.cpp:147: error: 'stream' was not declared in this scope

    set -e 
    "g++"   -c -Wall -ftemplate-depth-255   -O0 -fno-inline   -I"../bin/boost/libs/program_options/test" -I"/Code/boost_1_33_1"   -I "/Code/boost_1_33_1"  -o "../bin/boost/libs/program_options/test/unicode_test.test/gcc/debug/debug-symbols-off/runtime-link-static/unicode_test.o"  "../libs/program_options/test/unicode_test.cpp" 
    

</pre>
<h2><a name="random-random_test-gcc">random - random_test - gcc</a></h2>
<h3>Run output:</h3><pre>
Running 1 test case...
Basic tests for rand48; seeding uses 1 words
Basic tests for minstd_rand0; seeding uses 1 words
Basic tests for minstd_rand; seeding uses 1 words
Basic tests for ecuyer1988; seeding uses 2 words
Basic tests for kreutzer1986; seeding uses 1 words
Basic tests for hellekalek1995; seeding uses 1 words
Basic tests for mt11213b; seeding uses 351 words
Basic tests for mt19937; seeding uses 624 words
Basic tests for lagged_fibonacci; seeding uses 607 words
Basic tests for lagged_fibonacci607; seeding uses 1214 words
/Code/boost_1_33_1/libs/random/random_test.cpp(283): error in "test_main_caller( argc, argv )": check urng == urng2 failed
Basic tests for ranlux3; seeding uses 24 words
Basic tests for ranlux4; seeding uses 24 words
Basic tests for ranlux3_01; seeding uses 24 words
Basic tests for ranlux4_01; seeding uses 24 words
Basic tests for ranlux64_3_01; seeding uses 48 words
/Code/boost_1_33_1/libs/random/random_test.cpp(283): error in "test_main_caller( argc, argv )": check urng == urng2 failed
/Code/boost_1_33_1/libs/random/random_test.cpp(190): error in "test_main_caller( argc, argv )": uniform_int old == restored_dist
/Code/boost_1_33_1/libs/random/random_test.cpp(190): error in "test_main_caller( argc, argv )": bernoulli_distribution old == restored_dist
/Code/boost_1_33_1/libs/random/random_test.cpp(190): error in "test_main_caller( argc, argv )": geometric_distribution old == restored_dist
/Code/boost_1_33_1/libs/random/random_test.cpp(190): error in "test_main_caller( argc, argv )": uniform_real old == restored_dist
/Code/boost_1_33_1/libs/random/random_test.cpp(190): error in "test_main_caller( argc, argv )": triangle_distribution old == restored_dist
/Code/boost_1_33_1/libs/random/random_test.cpp(190): error in "test_main_caller( argc, argv )": exponential_distribution old == restored_dist
/Code/boost_1_33_1/libs/random/random_test.cpp(190): error in "test_main_caller( argc, argv )": normal_distribution old == restored_dist
/Code/boost_1_33_1/libs/random/random_test.cpp(190): error in "test_main_caller( argc, argv )": lognormal_distribution old == restored_dist
/Code/boost_1_33_1/libs/random/random_test.cpp(190): error in "test_main_caller( argc, argv )": cauchy_distribution old == restored_dist
/Code/boost_1_33_1/libs/random/random_test.cpp(190): error in "test_main_caller( argc, argv )": gamma_distribution old == restored_dist
/Code/boost_1_33_1/libs/random/random_test.cpp(190): error in "test_main_caller( argc, argv )": uniform_real old == restored_dist
/Code/boost_1_33_1/libs/random/random_test.cpp(190): error in "test_main_caller( argc, argv )": triangle_distribution old == restored_dist
/Code/boost_1_33_1/libs/random/random_test.cpp(190): error in "test_main_caller( argc, argv )": exponential_distribution old == restored_dist
/Code/boost_1_33_1/libs/random/random_test.cpp(190): error in "test_main_caller( argc, argv )": normal_distribution old == restored_dist
/Code/boost_1_33_1/libs/random/random_test.cpp(190): error in "test_main_caller( argc, argv )": lognormal_distribution old == restored_dist
/Code/boost_1_33_1/libs/random/random_test.cpp(190): error in "test_main_caller( argc, argv )": cauchy_distribution old == restored_dist
/Code/boost_1_33_1/libs/random/random_test.cpp(190): error in "test_main_caller( argc, argv )": gamma_distribution old == restored_dist
/Code/boost_1_33_1/libs/random/random_test.cpp(190): error in "test_main_caller( argc, argv )": uniform_real old == restored_dist
/Code/boost_1_33_1/libs/random/random_test.cpp(190): error in "test_main_caller( argc, argv )": triangle_distribution old == restored_dist
/Code/boost_1_33_1/libs/random/random_test.cpp(190): error in "test_main_caller( argc, argv )": exponential_distribution old == restored_dist
/Code/boost_1_33_1/libs/random/random_test.cpp(190): error in "test_main_caller( argc, argv )": normal_distribution old == restored_dist
/Code/boost_1_33_1/libs/random/random_test.cpp(190): error in "test_main_caller( argc, argv )": lognormal_distribution old == restored_dist
/Code/boost_1_33_1/libs/random/random_test.cpp(190): error in "test_main_caller( argc, argv )": cauchy_distribution old == restored_dist
/Code/boost_1_33_1/libs/random/random_test.cpp(190): error in "test_main_caller( argc, argv )": gamma_distribution old == restored_dist
Basic tests for ranlux64_4_01; seeding uses 48 words
/Code/boost_1_33_1/libs/random/random_test.cpp(283): error in "test_main_caller( argc, argv )": check urng == urng2 failed
/Code/boost_1_33_1/libs/random/random_test.cpp(190): error in "test_main_caller( argc, argv )": uniform_int old == restored_dist
/Code/boost_1_33_1/libs/random/random_test.cpp(190): error in "test_main_caller( argc, argv )": bernoulli_distribution old == restored_dist
/Code/boost_1_33_1/libs/random/random_test.cpp(190): error in "test_main_caller( argc, argv )": binomial_distribution old == restored_dist
/Code/boost_1_33_1/libs/random/random_test.cpp(190): error in "test_main_caller( argc, argv )": geometric_distribution old == restored_dist
/Code/boost_1_33_1/libs/random/random_test.cpp(190): error in "test_main_caller( argc, argv )": poisson_distribution old == restored_dist
/Code/boost_1_33_1/libs/random/random_test.cpp(190): error in "test_main_caller( argc, argv )": uniform_real old == restored_dist
/Code/boost_1_33_1/libs/random/random_test.cpp(190): error in "test_main_caller( argc, argv )": triangle_distribution old == restored_dist
/Code/boost_1_33_1/libs/random/random_test.cpp(190): error in "test_main_caller( argc, argv )": exponential_distribution old == restored_dist
/Code/boost_1_33_1/libs/random/random_test.cpp(190): error in "test_main_caller( argc, argv )": normal_distribution old == restored_dist
/Code/boost_1_33_1/libs/random/random_test.cpp(190): error in "test_main_caller( argc, argv )": lognormal_distribution old == restored_dist
/Code/boost_1_33_1/libs/random/random_test.cpp(190): error in "test_main_caller( argc, argv )": cauchy_distribution old == restored_dist
/Code/boost_1_33_1/libs/random/random_test.cpp(190): error in "test_main_caller( argc, argv )": gamma_distribution old == restored_dist
/Code/boost_1_33_1/libs/random/random_test.cpp(190): error in "test_main_caller( argc, argv )": uniform_real old == restored_dist
/Code/boost_1_33_1/libs/random/random_test.cpp(190): error in "test_main_caller( argc, argv )": triangle_distribution old == restored_dist
/Code/boost_1_33_1/libs/random/random_test.cpp(190): error in "test_main_caller( argc, argv )": exponential_distribution old == restored_dist
/Code/boost_1_33_1/libs/random/random_test.cpp(190): error in "test_main_caller( argc, argv )": normal_distribution old == restored_dist
/Code/boost_1_33_1/libs/random/random_test.cpp(190): error in "test_main_caller( argc, argv )": lognormal_distribution old == restored_dist
/Code/boost_1_33_1/libs/random/random_test.cpp(190): error in "test_main_caller( argc, argv )": cauchy_distribution old == restored_dist
/Code/boost_1_33_1/libs/random/random_test.cpp(190): error in "test_main_caller( argc, argv )": gamma_distribution old == restored_dist
/Code/boost_1_33_1/libs/random/random_test.cpp(190): error in "test_main_caller( argc, argv )": uniform_real old == restored_dist
/Code/boost_1_33_1/libs/random/random_test.cpp(190): error in "test_main_caller( argc, argv )": triangle_distribution old == restored_dist
/Code/boost_1_33_1/libs/random/random_test.cpp(190): error in "test_main_caller( argc, argv )": exponential_distribution old == restored_dist
/Code/boost_1_33_1/libs/random/random_test.cpp(190): error in "test_main_caller( argc, argv )": normal_distribution old == restored_dist
/Code/boost_1_33_1/libs/random/random_test.cpp(190): error in "test_main_caller( argc, argv )": lognormal_distribution old == restored_dist
/Code/boost_1_33_1/libs/random/random_test.cpp(190): error in "test_main_caller( argc, argv )": cauchy_distribution old == restored_dist
/Code/boost_1_33_1/libs/random/random_test.cpp(190): error in "test_main_caller( argc, argv )": gamma_distribution old == restored_dist
Basic tests for taus88; seeding uses 3 words
validating rand48: 1993516219
validating minstd_rand: 399268537
validating minstd_rand0: 1043618065
validating ecuyer combined: 2060321752
validating mt11213b: 3809585648
validating mt19937: 4123659995
validating kreutzer1986: 139726
validating ranlux3: 5957620
validating ranlux4: 8587295
validating ranlux3_01: 0.355102
validating ranlux4_01: 0.511843
validating ranlux64_3_01: 0.838413
validating ranlux64_4_01: 0.59839
validating taus88: 3535848941
validating lagged_fibonacci607: 0.401269
testing uniform_int(1,2)
testing uniform_int(1,6)
   ... has bucket[5] = 16420  (distance -246.667)
testing uniform_int(0,1)
testing uniform_int(-3,2)
   ... has bucket[0] = 16490  (distance -176.667)
   ... has bucket[4] = 16836  (distance 169.333)
testing uniform_int(1,4)
uniform_int(1,1) 1, 1, 1

*** 53 failures detected in test suite "Test Program"

EXIT STATUS: 201
</pre>
<h2><a name="regex-concept_check-gcc">regex - concept_check - gcc</a></h2>
<h3>Compiler output:</h3><pre>
/Code/boost_1_33_1/boost/regex/concepts.hpp: In member function 'void boost::BoostRegexConcept&lt;Regex&gt;::constraints() [with Regex = boost::basic_regex&lt;char, boost::cpp_regex_traits&lt;char&gt; &gt;]':
/Code/boost_1_33_1/boost/concept_check.hpp:48:   instantiated from 'void boost::function_requires(boost::mpl::identity&lt;T&gt;*) [with Concept = boost::BoostRegexConcept&lt;boost::basic_regex&lt;char, boost::cpp_regex_traits&lt;char&gt; &gt; &gt;]'
../libs/regex/test/concepts/concept_check.cpp:43:   instantiated from here
/Code/boost_1_33_1/boost/regex/concepts.hpp:763: warning: unused variable 'mopts'
/Code/boost_1_33_1/boost/regex/concepts.hpp: In member function 'void boost::BoostRegexConcept&lt;Regex&gt;::constraints() [with Regex = boost::basic_regex&lt;char, boost::c_regex_traits&lt;char&gt; &gt;]':
/Code/boost_1_33_1/boost/concept_check.hpp:48:   instantiated from 'void boost::function_requires(boost::mpl::identity&lt;T&gt;*) [with Concept = boost::BoostRegexConcept&lt;boost::basic_regex&lt;char, boost::c_regex_traits&lt;char&gt; &gt; &gt;]'
../libs/regex/test/concepts/concept_check.cpp:57:   instantiated from here
/Code/boost_1_33_1/boost/regex/concepts.hpp:763: warning: unused variable 'mopts'
/Code/boost_1_33_1/boost/regex/concepts.hpp: In member function 'void boost::BoostRegexConcept&lt;Regex&gt;::constraints() [with Regex = main()::regex_traits_tester_type1]':
/Code/boost_1_33_1/boost/concept_check.hpp:48:   instantiated from 'void boost::function_requires(boost::mpl::identity&lt;T&gt;*) [with Concept = boost::BoostRegexConcept&lt;main()::regex_traits_tester_type1&gt;]'
../libs/regex/test/concepts/concept_check.cpp:88:   instantiated from here
/Code/boost_1_33_1/boost/regex/concepts.hpp:763: warning: unused variable 'mopts'
</pre>
<h2><a name="regex-collate_info-gcc">regex - collate_info - gcc</a></h2>
<h3>Run output:</h3><pre>
Info for char C API's:
   "a"  :  1   "a"
   "A"  :  1   "A"
   "z"  :  1   "z"
   "Z"  :  1   "Z"
   ";"  :  1   ";"
   "{"  :  1   "\x7b"
Info for char C++ locale API's:
   "a"  :  1   "a"
   "A"  :  1   "A"
   "z"  :  1   "z"
   "Z"  :  1   "Z"
   ";"  :  1   ";"
   "{"  :  1   "\x7b"
Sort Key Syntax for type boost::c_regex_traits&lt;char&gt;:
   sort_C
"a"   "a"   "a"
"A"   "A"   "a"
";"   ";"   ";"
"\x7b"   "\x7b"   "\x7b"
"\x7d"   "\x7d"   "\x7d"
Sort Key Syntax for type boost::cpp_regex_traits&lt;char&gt;:
   sort_C
"a"   "a"   "a"
"A"   "A"   "a"
";"   ";"   ";"
"\x7b"   "\x7b"   "\x7b"
"\x7d"   "\x7d"   "\x7d"
Checking std::ctype&lt;char&gt;::is(mask, c):
   Boost.Regex believes this facet to be correct...
   Actual behavior, appears to be correct.
no errors detected

EXIT STATUS: 0
</pre>
<h2><a name="regex-regex_dll_config_info-gcc">regex - regex_dll_config_info - gcc</a></h2>
<h3>Run output:</h3><pre>
GNU C++ version 4.0.2 (AmigaOS build 20051012)
    __cplusplus                             =1
    __STDC__                                =1
    __GNUC__                                =4
    __GNUC_MINOR__                          =0
    __GNUG__                                =4
    __VERSION__                             ="4.0.2 (AmigaOS build 20051012)"
    __CHAR_UNSIGNED__                       =1
    __REGISTER_PREFIX__                      [no value]
    __USER_LABEL_PREFIX__                    [no value]
    __EXCEPTIONS                            =1
    __ELF__                                 =1
    __powerpc__                             =1
    __STDC_HOSTED__                         =1


*********************************************************************

GNU libstdc++ version 20050921
    __GLIBCXX__                             =20050921
    _GLIBCXX_USE_LONG_LONG                  =1
    _GLIBCXX_USE_C99_MATH                   =1
    _GLIBCXX_HOSTED                         =1
    _GLIBCXX_SJLJ_EXCEPTIONS                =1


*********************************************************************

Detected Platform: AmigaOS
    Type char is unsigned
    Type wchar_t is signed
    byte order for type short               =8 0 
    byte order for type int                 =24 16 8 0 
    byte order for type long                =24 16 8 0 
    sizeof(wchar_t)                         =4
    sizeof(short)                           =2
    sizeof(int)                             =4
    sizeof(long)                            =4
    sizeof(size_t)                          =4
    sizeof(ptrdiff_t)                       =4
    sizeof(void*)                           =4
    sizeof(void(*)(void))                   =4
    sizeof(float)                           =4
    sizeof(double)                          =8
    sizeof(long double)                     =8
    CHAR_BIT                                =8
    CHAR_MAX                                =255
    WCHAR_MAX                               =65535
    SHRT_MAX                                =32767
    INT_MAX                                 =2147483647L
    LONG_MAX                                =2147483647L
    LLONG_MAX                               =0x7fffffffffffffffLL
    ULLONG_MAX                              =0xffffffffffffffffULL


*********************************************************************

Boost version 103301
    BOOST_USER_CONFIG                       =&lt;boost/config/user.hpp&gt;
    BOOST_COMPILER_CONFIG                   ="boost/config/compiler/gcc.hpp"
    BOOST_STDLIB_CONFIG                     ="boost/config/stdlib/libstdcpp3.hpp"
    BOOST_PLATFORM_CONFIG                   ="boost/config/platform/amigaos.hpp"
    BOOST_DEDUCED_TYPENAME                  =typename
    BOOST_DISABLE_THREADS                    [no value]
    BOOST_HAS_DIRENT_H                       [no value]
    BOOST_HAS_GETTIMEOFDAY                   [no value]
    BOOST_HAS_LONG_LONG                      [no value]
    BOOST_HAS_NRVO                           [no value]
    BOOST_HAS_PARTIAL_STD_ALLOCATOR          [no value]
    BOOST_HAS_STDINT_H                       [no value]
    BOOST_HAS_UNISTD_H                       [no value]
    BOOST_MSVC6_MEMBER_TEMPLATES             [no value]
    BOOST_NESTED_TEMPLATE                   =template
    BOOST_NO_CWCHAR                          [no value]
    BOOST_NO_CWCTYPE                         [no value]
    BOOST_NO_HASH                            [no value]
    BOOST_NO_INTRINSIC_WCHAR_T               [no value]
    BOOST_NO_MS_INT64_NUMERIC_LIMITS         [no value]
    BOOST_NO_SLIST                           [no value]
    BOOST_NO_STD_WSTREAMBUF                  [no value]
    BOOST_NO_STD_WSTRING                     [no value]
    BOOST_NO_SWPRINTF                        [no value]
    BOOST_STD_EXTENSION_NAMESPACE           =std
    BOOST_UNREACHABLE_RETURN(0)              [no value]


*********************************************************************

    BOOST_REGEX_USER_CONFIG                 =&lt;boost/regex/user.hpp&gt;
    BOOST_REGEX_USE_CPP_LOCALE               [no value]
    BOOST_REGEX_NON_RECURSIVE                [no value]
    BOOST_REGEX_BLOCKSIZE                   =4096
    BOOST_REGEX_MAX_BLOCKS                  =1024
    BOOST_REGEX_MAX_CACHE_BLOCKS            =16
    BOOST_NO_WREGEX                          [no value]
    BOOST_REGEX_DECL                         [no value]
    BOOST_REGEX_CALL                         [no value]
    BOOST_REGEX_CCALL                        [no value]
    BOOST_REGEX_MAX_STATE_COUNT             =100000000




*********************************************************************

Regex library build configuration:

GNU C++ version 4.0.2 (AmigaOS build 20051012)
    __cplusplus                             =1
    __STDC__                                =1
    __GNUC__                                =4
    __GNUC_MINOR__                          =0
    __GNUG__                                =4
    __VERSION__                             ="4.0.2 (AmigaOS build 20051012)"
    __CHAR_UNSIGNED__                       =1
    __REGISTER_PREFIX__                      [no value]
    __USER_LABEL_PREFIX__                    [no value]
    __EXCEPTIONS                            =1
    __ELF__                                 =1
    __powerpc__                             =1
    __STDC_HOSTED__                         =1


*********************************************************************

GNU libstdc++ version 20050921
    __GLIBCXX__                             =20050921
    _GLIBCXX_USE_LONG_LONG                  =1
    _GLIBCXX_USE_C99_MATH                   =1
    _GLIBCXX_HOSTED                         =1
    _GLIBCXX_SJLJ_EXCEPTIONS                =1


*********************************************************************

Detected Platform: AmigaOS
    Type char is unsigned
    Type wchar_t is signed
    byte order for type short               =8 0 
    byte order for type int                 =24 16 8 0 
    byte order for type long                =24 16 8 0 
    sizeof(wchar_t)                         =4
    sizeof(short)                           =2
    sizeof(int)                             =4
    sizeof(long)                            =4
    sizeof(size_t)                          =4
    sizeof(ptrdiff_t)                       =4
    sizeof(void*)                           =4
    sizeof(void(*)(void))                   =4
    sizeof(float)                           =4
    sizeof(double)                          =8
    sizeof(long double)                     =8
    CHAR_BIT                                =8
    CHAR_MAX                                =255
    WCHAR_MAX                               =65535
    SHRT_MAX                                =32767
    INT_MAX                                 =2147483647L
    LONG_MAX                                =2147483647L
    LLONG_MAX                               =0x7fffffffffffffffLL
    ULLONG_MAX                              =0xffffffffffffffffULL


*********************************************************************

Boost version 103301
    BOOST_USER_CONFIG                       =&lt;boost/config/user.hpp&gt;
    BOOST_COMPILER_CONFIG                   ="boost/config/compiler/gcc.hpp"
    BOOST_STDLIB_CONFIG                     ="boost/config/stdlib/libstdcpp3.hpp"
    BOOST_PLATFORM_CONFIG                   ="boost/config/platform/amigaos.hpp"
    BOOST_DEDUCED_TYPENAME                  =typename
    BOOST_DISABLE_THREADS                    [no value]
    BOOST_HAS_DIRENT_H                       [no value]
    BOOST_HAS_GETTIMEOFDAY                   [no value]
    BOOST_HAS_LONG_LONG                      [no value]
    BOOST_HAS_NRVO                           [no value]
    BOOST_HAS_PARTIAL_STD_ALLOCATOR          [no value]
    BOOST_HAS_STDINT_H                       [no value]
    BOOST_HAS_UNISTD_H                       [no value]
    BOOST_MSVC6_MEMBER_TEMPLATES             [no value]
    BOOST_NESTED_TEMPLATE                   =template
    BOOST_NO_CWCHAR                          [no value]
    BOOST_NO_CWCTYPE                         [no value]
    BOOST_NO_HASH                            [no value]
    BOOST_NO_INTRINSIC_WCHAR_T               [no value]
    BOOST_NO_MS_INT64_NUMERIC_LIMITS         [no value]
    BOOST_NO_SLIST                           [no value]
    BOOST_NO_STD_WSTREAMBUF                  [no value]
    BOOST_NO_STD_WSTRING                     [no value]
    BOOST_NO_SWPRINTF                        [no value]
    BOOST_STD_EXTENSION_NAMESPACE           =std
    BOOST_UNREACHABLE_RETURN(0)              [no value]


*********************************************************************

    BOOST_REGEX_USER_CONFIG                 =&lt;boost/regex/user.hpp&gt;
    BOOST_REGEX_USE_CPP_LOCALE               [no value]
    BOOST_REGEX_NON_RECURSIVE                [no value]
    BOOST_REGEX_BLOCKSIZE                   =4096
    BOOST_REGEX_MAX_BLOCKS                  =1024
    BOOST_REGEX_MAX_CACHE_BLOCKS            =16
    BOOST_NO_WREGEX                          [no value]
    BOOST_REGEX_DECL                         [no value]
    BOOST_REGEX_CALL                         [no value]
    BOOST_REGEX_CCALL                        [no value]
    BOOST_REGEX_MAX_STATE_COUNT             =100000000

EXIT STATUS: 0
</pre>
<h2><a name="regex-regex_config_info-gcc">regex - regex_config_info - gcc</a></h2>
<h3>Run output:</h3><pre>
GNU C++ version 4.0.2 (AmigaOS build 20051012)
    __cplusplus                             =1
    __STDC__                                =1
    __GNUC__                                =4
    __GNUC_MINOR__                          =0
    __GNUG__                                =4
    __VERSION__                             ="4.0.2 (AmigaOS build 20051012)"
    __CHAR_UNSIGNED__                       =1
    __REGISTER_PREFIX__                      [no value]
    __USER_LABEL_PREFIX__                    [no value]
    __EXCEPTIONS                            =1
    __ELF__                                 =1
    __powerpc__                             =1
    __STDC_HOSTED__                         =1


*********************************************************************

GNU libstdc++ version 20050921
    __GLIBCXX__                             =20050921
    _GLIBCXX_USE_LONG_LONG                  =1
    _GLIBCXX_USE_C99_MATH                   =1
    _GLIBCXX_HOSTED                         =1
    _GLIBCXX_SJLJ_EXCEPTIONS                =1


*********************************************************************

Detected Platform: AmigaOS
    Type char is unsigned
    Type wchar_t is signed
    byte order for type short               =8 0 
    byte order for type int                 =24 16 8 0 
    byte order for type long                =24 16 8 0 
    sizeof(wchar_t)                         =4
    sizeof(short)                           =2
    sizeof(int)                             =4
    sizeof(long)                            =4
    sizeof(size_t)                          =4
    sizeof(ptrdiff_t)                       =4
    sizeof(void*)                           =4
    sizeof(void(*)(void))                   =4
    sizeof(float)                           =4
    sizeof(double)                          =8
    sizeof(long double)                     =8
    CHAR_BIT                                =8
    CHAR_MAX                                =255
    WCHAR_MAX                               =65535
    SHRT_MAX                                =32767
    INT_MAX                                 =2147483647L
    LONG_MAX                                =2147483647L
    LLONG_MAX                               =0x7fffffffffffffffLL
    ULLONG_MAX                              =0xffffffffffffffffULL


*********************************************************************

Boost version 103301
    BOOST_USER_CONFIG                       =&lt;boost/config/user.hpp&gt;
    BOOST_COMPILER_CONFIG                   ="boost/config/compiler/gcc.hpp"
    BOOST_STDLIB_CONFIG                     ="boost/config/stdlib/libstdcpp3.hpp"
    BOOST_PLATFORM_CONFIG                   ="boost/config/platform/amigaos.hpp"
    BOOST_DEDUCED_TYPENAME                  =typename
    BOOST_DISABLE_THREADS                    [no value]
    BOOST_HAS_DIRENT_H                       [no value]
    BOOST_HAS_GETTIMEOFDAY                   [no value]
    BOOST_HAS_LONG_LONG                      [no value]
    BOOST_HAS_NRVO                           [no value]
    BOOST_HAS_PARTIAL_STD_ALLOCATOR          [no value]
    BOOST_HAS_STDINT_H                       [no value]
    BOOST_HAS_UNISTD_H                       [no value]
    BOOST_MSVC6_MEMBER_TEMPLATES             [no value]
    BOOST_NESTED_TEMPLATE                   =template
    BOOST_NO_CWCHAR                          [no value]
    BOOST_NO_CWCTYPE                         [no value]
    BOOST_NO_HASH                            [no value]
    BOOST_NO_INTRINSIC_WCHAR_T               [no value]
    BOOST_NO_MS_INT64_NUMERIC_LIMITS         [no value]
    BOOST_NO_SLIST                           [no value]
    BOOST_NO_STD_WSTREAMBUF                  [no value]
    BOOST_NO_STD_WSTRING                     [no value]
    BOOST_NO_SWPRINTF                        [no value]
    BOOST_STD_EXTENSION_NAMESPACE           =std
    BOOST_UNREACHABLE_RETURN(0)              [no value]


*********************************************************************

    BOOST_REGEX_USER_CONFIG                 =&lt;boost/regex/user.hpp&gt;
    BOOST_REGEX_USE_CPP_LOCALE               [no value]
    BOOST_REGEX_NON_RECURSIVE                [no value]
    BOOST_REGEX_BLOCKSIZE                   =4096
    BOOST_REGEX_MAX_BLOCKS                  =1024
    BOOST_REGEX_MAX_CACHE_BLOCKS            =16
    BOOST_NO_WREGEX                          [no value]
    BOOST_REGEX_DECL                         [no value]
    BOOST_REGEX_CALL                         [no value]
    BOOST_REGEX_CCALL                        [no value]
    BOOST_REGEX_MAX_STATE_COUNT             =100000000




*********************************************************************

Regex library build configuration:

GNU C++ version 4.0.2 (AmigaOS build 20051012)
    __cplusplus                             =1
    __STDC__                                =1
    __GNUC__                                =4
    __GNUC_MINOR__                          =0
    __GNUG__                                =4
    __VERSION__                             ="4.0.2 (AmigaOS build 20051012)"
    __CHAR_UNSIGNED__                       =1
    __REGISTER_PREFIX__                      [no value]
    __USER_LABEL_PREFIX__                    [no value]
    __EXCEPTIONS                            =1
    __ELF__                                 =1
    __powerpc__                             =1
    __STDC_HOSTED__                         =1


*********************************************************************

GNU libstdc++ version 20050921
    __GLIBCXX__                             =20050921
    _GLIBCXX_USE_LONG_LONG                  =1
    _GLIBCXX_USE_C99_MATH                   =1
    _GLIBCXX_HOSTED                         =1
    _GLIBCXX_SJLJ_EXCEPTIONS                =1


*********************************************************************

Detected Platform: AmigaOS
    Type char is unsigned
    Type wchar_t is signed
    byte order for type short               =8 0 
    byte order for type int                 =24 16 8 0 
    byte order for type long                =24 16 8 0 
    sizeof(wchar_t)                         =4
    sizeof(short)                           =2
    sizeof(int)                             =4
    sizeof(long)                            =4
    sizeof(size_t)                          =4
    sizeof(ptrdiff_t)                       =4
    sizeof(void*)                           =4
    sizeof(void(*)(void))                   =4
    sizeof(float)                           =4
    sizeof(double)                          =8
    sizeof(long double)                     =8
    CHAR_BIT                                =8
    CHAR_MAX                                =255
    WCHAR_MAX                               =65535
    SHRT_MAX                                =32767
    INT_MAX                                 =2147483647L
    LONG_MAX                                =2147483647L
    LLONG_MAX                               =0x7fffffffffffffffLL
    ULLONG_MAX                              =0xffffffffffffffffULL


*********************************************************************

Boost version 103301
    BOOST_USER_CONFIG                       =&lt;boost/config/user.hpp&gt;
    BOOST_COMPILER_CONFIG                   ="boost/config/compiler/gcc.hpp"
    BOOST_STDLIB_CONFIG                     ="boost/config/stdlib/libstdcpp3.hpp"
    BOOST_PLATFORM_CONFIG                   ="boost/config/platform/amigaos.hpp"
    BOOST_DEDUCED_TYPENAME                  =typename
    BOOST_DISABLE_THREADS                    [no value]
    BOOST_HAS_DIRENT_H                       [no value]
    BOOST_HAS_GETTIMEOFDAY                   [no value]
    BOOST_HAS_LONG_LONG                      [no value]
    BOOST_HAS_NRVO                           [no value]
    BOOST_HAS_PARTIAL_STD_ALLOCATOR          [no value]
    BOOST_HAS_STDINT_H                       [no value]
    BOOST_HAS_UNISTD_H                       [no value]
    BOOST_MSVC6_MEMBER_TEMPLATES             [no value]
    BOOST_NESTED_TEMPLATE                   =template
    BOOST_NO_CWCHAR                          [no value]
    BOOST_NO_CWCTYPE                         [no value]
    BOOST_NO_HASH                            [no value]
    BOOST_NO_INTRINSIC_WCHAR_T               [no value]
    BOOST_NO_MS_INT64_NUMERIC_LIMITS         [no value]
    BOOST_NO_SLIST                           [no value]
    BOOST_NO_STD_WSTREAMBUF                  [no value]
    BOOST_NO_STD_WSTRING                     [no value]
    BOOST_NO_SWPRINTF                        [no value]
    BOOST_STD_EXTENSION_NAMESPACE           =std
    BOOST_UNREACHABLE_RETURN(0)              [no value]


*********************************************************************

    BOOST_REGEX_USER_CONFIG                 =&lt;boost/regex/user.hpp&gt;
    BOOST_REGEX_USE_CPP_LOCALE               [no value]
    BOOST_REGEX_NON_RECURSIVE                [no value]
    BOOST_REGEX_BLOCKSIZE                   =4096
    BOOST_REGEX_MAX_BLOCKS                  =1024
    BOOST_REGEX_MAX_CACHE_BLOCKS            =16
    BOOST_NO_WREGEX                          [no value]
    BOOST_REGEX_DECL                         [no value]
    BOOST_REGEX_CALL                         [no value]
    BOOST_REGEX_CCALL                        [no value]
    BOOST_REGEX_MAX_STATE_COUNT             =100000000

EXIT STATUS: 0
</pre>
<h2><a name="regex-unicode_iterator_test-gcc">regex - unicode_iterator_test - gcc</a></h2>
<h3>Compiler output:</h3><pre>
/Code/boost_1_33_1/boost/test/test_tools.hpp: In function 'boost::test_tools::predicate_result boost::test_tools::tt_detail::equal_impl(const Left&amp;, const Right&amp;) [with Left = int, Right = unsigned int]':
/Code/boost_1_33_1/boost/test/test_tools.hpp:464:   instantiated from 'boost::test_tools::predicate_result boost::test_tools::tt_detail::equal_impl_frwd::call_impl(const Left&amp;, const Right&amp;, mpl_::false_) const [with Left = int, Right = unsigned int]'
/Code/boost_1_33_1/boost/test/test_tools.hpp:479:   instantiated from 'boost::test_tools::predicate_result boost::test_tools::tt_detail::equal_impl_frwd::operator()(const Left&amp;, const Right&amp;) const [with Left = int, Right = unsigned int]'
/Code/boost_1_33_1/boost/test/test_tools.hpp:427:   instantiated from 'void boost::test_tools::tt_detail::check_frwd(Pred, boost::wrap_stringstream&amp;, boost::test_tools::const_string, size_t, boost::test_tools::tt_detail::tool_level, boost::test_tools::tt_detail::check_type, const Arg0&amp;, const char*, const Arg1&amp;, const char*) [with Pred = boost::test_tools::tt_detail::equal_impl_frwd, Arg0 = ptrdiff_t, Arg1 = size_t]'
../libs/regex/test/unicode/unicode_iterator_test.cpp:97:   instantiated from here
/Code/boost_1_33_1/boost/test/test_tools.hpp:440: warning: comparison between signed and unsigned integer expressions
</pre>
<h2><a name="regex-wide_posix_api_check_cpp-gcc">regex - wide_posix_api_check_cpp - gcc</a></h2>
<h3>Run output:</h3><pre>
&lt;note&gt;
This platform does not provide the needed wide character support for this test.
&lt;/note&gt;

EXIT STATUS: 0
</pre>
<h2><a name="regex-posix_api_check_cpp-gcc">regex - posix_api_check_cpp - gcc</a></h2>
<h3>Compiler output:</h3><pre>
../libs/regex/test/c_compiler_checks/posix_api_check.cpp: In function 'int main()':
../libs/regex/test/c_compiler_checks/posix_api_check.cpp:38: warning: comparison between signed and unsigned integer expressions
../libs/regex/test/c_compiler_checks/posix_api_check.cpp:49: warning: comparison between signed and unsigned integer expressions
</pre>
<h2><a name="regex-wide_posix_api_check_c-gcc">regex - wide_posix_api_check_c - gcc</a></h2>
<h3>Compiler output:</h3><pre>
../libs/regex/test/c_compiler_checks/wide_posix_api_check.c:32: warning: initialization from incompatible pointer type
../libs/regex/test/c_compiler_checks/wide_posix_api_check.c:33: warning: initialization from incompatible pointer type
</pre>
<h2><a name="regex-posix_api_check-gcc">regex - posix_api_check - gcc</a></h2>
<h3>Compiler output:</h3><pre>
../libs/regex/test/c_compiler_checks/posix_api_check.c: In function 'main':
../libs/regex/test/c_compiler_checks/posix_api_check.c:57: warning: comparisons like X&lt;=Y&lt;=Z do not have their mathematical meaning
</pre>
<h2><a name="regex-regex_timer-gcc">regex - regex_timer - gcc</a></h2>
<h3>Compiler output:</h3><pre>
../libs/regex/example/timer/regex_timer.cpp: In function 'int main(int, char**)':
../libs/regex/example/timer/regex_timer.cpp:220: warning: converting to 'int' from 'double'
../libs/regex/example/timer/regex_timer.cpp:232: warning: comparison between signed and unsigned integer expressions
../libs/regex/example/timer/regex_timer.cpp:292: warning: converting to 'int' from 'double'
../libs/regex/example/timer/regex_timer.cpp:304: warning: comparison between signed and unsigned integer expressions
../libs/regex/example/timer/regex_timer.cpp:329: warning: converting to 'int' from 'double'
../libs/regex/example/timer/regex_timer.cpp:341: warning: comparison between signed and unsigned integer expressions
../libs/regex/example/timer/regex_timer.cpp:360: warning: comparison between signed and unsigned integer expressions
</pre>
<h2><a name="serialization-test_codecvt_null-gcc">serialization - test_codecvt_null - gcc</a></h2>
<h3>Compiler output:</h3><pre>
../libs/serialization/test/test_codecvt_null.cpp: In function 'int test_main(int, char**)':
../libs/serialization/test/test_codecvt_null.cpp:81: error: 'wofstream' is not a member of 'std'
../libs/serialization/test/test_codecvt_null.cpp:81: error: expected `;' before 'ofs'
../libs/serialization/test/test_codecvt_null.cpp:82: error: 'ofs' was not declared in this scope
../libs/serialization/test/test_codecvt_null.cpp:98: error: 'wifstream' is not a member of 'std'
../libs/serialization/test/test_codecvt_null.cpp:98: error: expected `;' before 'ifs'
../libs/serialization/test/test_codecvt_null.cpp:99: error: 'ifs' was not declared in this scope
../libs/serialization/test/test_codecvt_null.cpp:116: error: 'wofstream' is not a member of 'std'
../libs/serialization/test/test_codecvt_null.cpp:116: error: expected `;' before 'ofs'
../libs/serialization/test/test_codecvt_null.cpp:117: error: 'ofs' was not declared in this scope
../libs/serialization/test/test_codecvt_null.cpp:122: error: 'wifstream' is not a member of 'std'
../libs/serialization/test/test_codecvt_null.cpp:122: error: expected `;' before 'ifs'
../libs/serialization/test/test_codecvt_null.cpp:123: error: 'ifs' was not declared in this scope

    set -e 
    "g++"   -c -Wall -ftemplate-depth-255   -O0 -fno-inline  -Wno-non-virtual-dtor -Wno-ctor-dtor-privacy  -I"../bin/boost/libs/serialization/test"   -I "/Code/boost_1_33_1"  -o "../bin/boost/libs/serialization/test/test_codecvt_null.test/gcc/debug/debug-symbols-off/runtime-link-static/test_codecvt_null.o"  "../libs/serialization/test/test_codecvt_null.cpp" 
    

</pre>
<h2><a name="serialization-test_utf8_codecvt-gcc">serialization - test_utf8_codecvt - gcc</a></h2>
<h3>Compiler output:</h3><pre>
../libs/serialization/test/test_utf8_codecvt.cpp: In function 'int test_main(int, char**)':
../libs/serialization/test/test_utf8_codecvt.cpp:130: error: 'wifstream' is not a member of 'std'
../libs/serialization/test/test_utf8_codecvt.cpp:130: error: expected `;' before 'ifs'
../libs/serialization/test/test_utf8_codecvt.cpp:131: error: 'ifs' was not declared in this scope
../libs/serialization/test/test_utf8_codecvt.cpp:161: error: 'wofstream' is not a member of 'std'
../libs/serialization/test/test_utf8_codecvt.cpp:161: error: expected `;' before 'ofs'
../libs/serialization/test/test_utf8_codecvt.cpp:162: error: 'ofs' was not declared in this scope
../libs/serialization/test/test_utf8_codecvt.cpp:220: error: 'wcslen' is not a member of 'std'
../libs/serialization/test/test_utf8_codecvt.cpp:222: error: 'wofstream' is not a member of 'std'
../libs/serialization/test/test_utf8_codecvt.cpp:222: error: expected `;' before 'ofs'
../libs/serialization/test/test_utf8_codecvt.cpp:223: error: 'ofs' was not declared in this scope
../libs/serialization/test/test_utf8_codecvt.cpp:234: error: 'wifstream' is not a member of 'std'
../libs/serialization/test/test_utf8_codecvt.cpp:234: error: expected `;' before 'ifs'
../libs/serialization/test/test_utf8_codecvt.cpp:235: error: 'ifs' was not declared in this scope

    set -e 
    "g++"   -c -Wall -ftemplate-depth-255   -O0 -fno-inline  -Wno-non-virtual-dtor -Wno-ctor-dtor-privacy  -I"../bin/boost/libs/serialization/test"   -I "/Code/boost_1_33_1"  -o "../bin/boost/libs/serialization/test/test_utf8_codecvt.test/gcc/debug/debug-symbols-off/runtime-link-static/test_utf8_codecvt.o"  "../libs/serialization/test/test_utf8_codecvt.cpp" 
    

</pre>
<h2><a name="serialization-test_static_warning-gcc">serialization - test_static_warning - gcc</a></h2>
<h3>Compiler output:</h3><pre>
../libs/serialization/test/test_static_warning.cpp:13: warning: ignoring #pragma warning 
../libs/serialization/test/test_static_warning.cpp: In member function 'int STATIC_WARNING19::f()':
../libs/serialization/test/test_static_warning.cpp:19: warning: division by zero in 'STATIC_WARNING / 0'
../libs/serialization/test/test_static_warning.cpp: In member function 'int STATIC_WARNING20::f()':
../libs/serialization/test/test_static_warning.cpp:20: warning: division by zero in 'STATIC_WARNING / 0'
../libs/serialization/test/test_static_warning.cpp: In member function 'int warnings()::STATIC_WARNING24::f()':
../libs/serialization/test/test_static_warning.cpp:24: warning: division by zero in 'STATIC_WARNING / 0'
../libs/serialization/test/test_static_warning.cpp: In member function 'int warnings()::STATIC_WARNING25::f()':
../libs/serialization/test/test_static_warning.cpp:25: warning: division by zero in 'STATIC_WARNING / 0'
</pre>
<h2><a name="serialization-test_polymorphic_xml_warchive-gcc">serialization - test_polymorphic_xml_warchive - gcc</a></h2>
<h3>Library build failure: </h3>
See <a href="#serialization-libboost_wserialization.a-gcc">serialization - libboost_wserialization.a - gcc</a><h2><a name="serialization-libboost_wserialization.a-gcc">serialization - libboost_wserialization.a - gcc</a></h2>
<h3>Compiler output:</h3><pre>
/Code/boost_1_33_1/libs/serialization/build/../src/utf8_codecvt_facet.cpp:8:2: error: #error "wide char i/o not supported on this platform"

    set -e 
    "g++"   -c -Wall -ftemplate-depth-255  -DBOOST_LIB_DIAGNOSTIC=1  -O0 -fno-inline  -Wno-non-virtual-dtor -Wno-ctor-dtor-privacy  -I"../bin/boost/libs/serialization/build"   -I "/Code/boost_1_33_1"  -o "../bin/boost/libs/serialization/build/libboost_wserialization.a/gcc/debug/debug-symbols-off/runtime-link-static/utf8_codecvt_facet.o"  "/Code/boost_1_33_1/libs/serialization/build/../src/utf8_codecvt_facet.cpp" 
    

</pre>
<h2><a name="serialization-test_polymorphic_text_warchive-gcc">serialization - test_polymorphic_text_warchive - gcc</a></h2>
<h3>Library build failure: </h3>
See <a href="#serialization-libboost_wserialization.a-gcc">serialization - libboost_wserialization.a - gcc</a><h2><a name="serialization-test_shared_ptr_132_xml_warchive-gcc">serialization - test_shared_ptr_132_xml_warchive - gcc</a></h2>
<h3>Library build failure: </h3>
See <a href="#serialization-libboost_wserialization.a-gcc">serialization - libboost_wserialization.a - gcc</a><h2><a name="serialization-test_shared_ptr_132_text_warchive-gcc">serialization - test_shared_ptr_132_text_warchive - gcc</a></h2>
<h3>Library build failure: </h3>
See <a href="#serialization-libboost_wserialization.a-gcc">serialization - libboost_wserialization.a - gcc</a><h2><a name="serialization-test_shared_ptr_xml_warchive-gcc">serialization - test_shared_ptr_xml_warchive - gcc</a></h2>
<h3>Library build failure: </h3>
See <a href="#serialization-libboost_wserialization.a-gcc">serialization - libboost_wserialization.a - gcc</a><h2><a name="serialization-test_shared_ptr_text_warchive-gcc">serialization - test_shared_ptr_text_warchive - gcc</a></h2>
<h3>Library build failure: </h3>
See <a href="#serialization-libboost_wserialization.a-gcc">serialization - libboost_wserialization.a - gcc</a><h2><a name="serialization-test_optional_xml_warchive-gcc">serialization - test_optional_xml_warchive - gcc</a></h2>
<h3>Library build failure: </h3>
See <a href="#serialization-libboost_wserialization.a-gcc">serialization - libboost_wserialization.a - gcc</a><h2><a name="serialization-test_optional_text_warchive-gcc">serialization - test_optional_text_warchive - gcc</a></h2>
<h3>Library build failure: </h3>
See <a href="#serialization-libboost_wserialization.a-gcc">serialization - libboost_wserialization.a - gcc</a><h2><a name="serialization-test_vector_xml_warchive-gcc">serialization - test_vector_xml_warchive - gcc</a></h2>
<h3>Library build failure: </h3>
See <a href="#serialization-libboost_wserialization.a-gcc">serialization - libboost_wserialization.a - gcc</a><h2><a name="serialization-test_vector_text_warchive-gcc">serialization - test_vector_text_warchive - gcc</a></h2>
<h3>Library build failure: </h3>
See <a href="#serialization-libboost_wserialization.a-gcc">serialization - libboost_wserialization.a - gcc</a><h2><a name="serialization-test_variant_xml_warchive-gcc">serialization - test_variant_xml_warchive - gcc</a></h2>
<h3>Library build failure: </h3>
See <a href="#serialization-libboost_wserialization.a-gcc">serialization - libboost_wserialization.a - gcc</a><h2><a name="serialization-test_variant_text_warchive-gcc">serialization - test_variant_text_warchive - gcc</a></h2>
<h3>Library build failure: </h3>
See <a href="#serialization-libboost_wserialization.a-gcc">serialization - libboost_wserialization.a - gcc</a><h2><a name="serialization-test_unregistered_xml_warchive-gcc">serialization - test_unregistered_xml_warchive - gcc</a></h2>
<h3>Library build failure: </h3>
See <a href="#serialization-libboost_wserialization.a-gcc">serialization - libboost_wserialization.a - gcc</a><h2><a name="serialization-test_unregistered_text_warchive-gcc">serialization - test_unregistered_text_warchive - gcc</a></h2>
<h3>Library build failure: </h3>
See <a href="#serialization-libboost_wserialization.a-gcc">serialization - libboost_wserialization.a - gcc</a><h2><a name="serialization-test_tracking_xml_warchive-gcc">serialization - test_tracking_xml_warchive - gcc</a></h2>
<h3>Library build failure: </h3>
See <a href="#serialization-libboost_wserialization.a-gcc">serialization - libboost_wserialization.a - gcc</a><h2><a name="serialization-test_tracking_text_warchive-gcc">serialization - test_tracking_text_warchive - gcc</a></h2>
<h3>Library build failure: </h3>
See <a href="#serialization-libboost_wserialization.a-gcc">serialization - libboost_wserialization.a - gcc</a><h2><a name="serialization-test_split_xml_warchive-gcc">serialization - test_split_xml_warchive - gcc</a></h2>
<h3>Library build failure: </h3>
See <a href="#serialization-libboost_wserialization.a-gcc">serialization - libboost_wserialization.a - gcc</a><h2><a name="serialization-test_split_text_warchive-gcc">serialization - test_split_text_warchive - gcc</a></h2>
<h3>Library build failure: </h3>
See <a href="#serialization-libboost_wserialization.a-gcc">serialization - libboost_wserialization.a - gcc</a><h2><a name="serialization-test_simple_class_ptr_xml_warchive-gcc">serialization - test_simple_class_ptr_xml_warchive - gcc</a></h2>
<h3>Library build failure: </h3>
See <a href="#serialization-libboost_wserialization.a-gcc">serialization - libboost_wserialization.a - gcc</a><h2><a name="serialization-test_simple_class_ptr_text_warchive-gcc">serialization - test_simple_class_ptr_text_warchive - gcc</a></h2>
<h3>Library build failure: </h3>
See <a href="#serialization-libboost_wserialization.a-gcc">serialization - libboost_wserialization.a - gcc</a><h2><a name="serialization-test_simple_class_xml_warchive-gcc">serialization - test_simple_class_xml_warchive - gcc</a></h2>
<h3>Library build failure: </h3>
See <a href="#serialization-libboost_wserialization.a-gcc">serialization - libboost_wserialization.a - gcc</a><h2><a name="serialization-test_simple_class_text_warchive-gcc">serialization - test_simple_class_text_warchive - gcc</a></h2>
<h3>Library build failure: </h3>
See <a href="#serialization-libboost_wserialization.a-gcc">serialization - libboost_wserialization.a - gcc</a><h2><a name="serialization-test_set_xml_warchive-gcc">serialization - test_set_xml_warchive - gcc</a></h2>
<h3>Library build failure: </h3>
See <a href="#serialization-libboost_wserialization.a-gcc">serialization - libboost_wserialization.a - gcc</a><h2><a name="serialization-test_set_text_warchive-gcc">serialization - test_set_text_warchive - gcc</a></h2>
<h3>Library build failure: </h3>
See <a href="#serialization-libboost_wserialization.a-gcc">serialization - libboost_wserialization.a - gcc</a><h2><a name="serialization-test_registered_xml_warchive-gcc">serialization - test_registered_xml_warchive - gcc</a></h2>
<h3>Library build failure: </h3>
See <a href="#serialization-libboost_wserialization.a-gcc">serialization - libboost_wserialization.a - gcc</a><h2><a name="serialization-test_registered_text_warchive-gcc">serialization - test_registered_text_warchive - gcc</a></h2>
<h3>Library build failure: </h3>
See <a href="#serialization-libboost_wserialization.a-gcc">serialization - libboost_wserialization.a - gcc</a><h2><a name="serialization-test_recursion_xml_warchive-gcc">serialization - test_recursion_xml_warchive - gcc</a></h2>
<h3>Library build failure: </h3>
See <a href="#serialization-libboost_wserialization.a-gcc">serialization - libboost_wserialization.a - gcc</a><h2><a name="serialization-test_recursion_text_warchive-gcc">serialization - test_recursion_text_warchive - gcc</a></h2>
<h3>Library build failure: </h3>
See <a href="#serialization-libboost_wserialization.a-gcc">serialization - libboost_wserialization.a - gcc</a><h2><a name="serialization-test_nvp_xml_warchive-gcc">serialization - test_nvp_xml_warchive - gcc</a></h2>
<h3>Library build failure: </h3>
See <a href="#serialization-libboost_wserialization.a-gcc">serialization - libboost_wserialization.a - gcc</a><h2><a name="serialization-test_nvp_text_warchive-gcc">serialization - test_nvp_text_warchive - gcc</a></h2>
<h3>Library build failure: </h3>
See <a href="#serialization-libboost_wserialization.a-gcc">serialization - libboost_wserialization.a - gcc</a><h2><a name="serialization-test_null_ptr_xml_warchive-gcc">serialization - test_null_ptr_xml_warchive - gcc</a></h2>
<h3>Library build failure: </h3>
See <a href="#serialization-libboost_wserialization.a-gcc">serialization - libboost_wserialization.a - gcc</a><h2><a name="serialization-test_null_ptr_text_warchive-gcc">serialization - test_null_ptr_text_warchive - gcc</a></h2>
<h3>Library build failure: </h3>
See <a href="#serialization-libboost_wserialization.a-gcc">serialization - libboost_wserialization.a - gcc</a><h2><a name="serialization-test_non_default_ctor2_xml_warchive-gcc">serialization - test_non_default_ctor2_xml_warchive - gcc</a></h2>
<h3>Library build failure: </h3>
See <a href="#serialization-libboost_wserialization.a-gcc">serialization - libboost_wserialization.a - gcc</a><h2><a name="serialization-test_non_default_ctor2_text_warchive-gcc">serialization - test_non_default_ctor2_text_warchive - gcc</a></h2>
<h3>Library build failure: </h3>
See <a href="#serialization-libboost_wserialization.a-gcc">serialization - libboost_wserialization.a - gcc</a><h2><a name="serialization-test_non_default_ctor_xml_warchive-gcc">serialization - test_non_default_ctor_xml_warchive - gcc</a></h2>
<h3>Library build failure: </h3>
See <a href="#serialization-libboost_wserialization.a-gcc">serialization - libboost_wserialization.a - gcc</a><h2><a name="serialization-test_non_default_ctor_text_warchive-gcc">serialization - test_non_default_ctor_text_warchive - gcc</a></h2>
<h3>Library build failure: </h3>
See <a href="#serialization-libboost_wserialization.a-gcc">serialization - libboost_wserialization.a - gcc</a><h2><a name="serialization-test_non_intrusive_xml_warchive-gcc">serialization - test_non_intrusive_xml_warchive - gcc</a></h2>
<h3>Library build failure: </h3>
See <a href="#serialization-libboost_wserialization.a-gcc">serialization - libboost_wserialization.a - gcc</a><h2><a name="serialization-test_non_intrusive_text_warchive-gcc">serialization - test_non_intrusive_text_warchive - gcc</a></h2>
<h3>Library build failure: </h3>
See <a href="#serialization-libboost_wserialization.a-gcc">serialization - libboost_wserialization.a - gcc</a><h2><a name="serialization-test_no_rtti_xml_warchive-gcc">serialization - test_no_rtti_xml_warchive - gcc</a></h2>
<h3>Library build failure: </h3>
See <a href="#serialization-libboost_wserialization.a-gcc">serialization - libboost_wserialization.a - gcc</a><h2><a name="serialization-test_no_rtti_text_warchive-gcc">serialization - test_no_rtti_text_warchive - gcc</a></h2>
<h3>Library build failure: </h3>
See <a href="#serialization-libboost_wserialization.a-gcc">serialization - libboost_wserialization.a - gcc</a><h2><a name="serialization-test_multiple_ptrs_xml_warchive-gcc">serialization - test_multiple_ptrs_xml_warchive - gcc</a></h2>
<h3>Library build failure: </h3>
See <a href="#serialization-libboost_wserialization.a-gcc">serialization - libboost_wserialization.a - gcc</a><h2><a name="serialization-test_multiple_ptrs_text_warchive-gcc">serialization - test_multiple_ptrs_text_warchive - gcc</a></h2>
<h3>Library build failure: </h3>
See <a href="#serialization-libboost_wserialization.a-gcc">serialization - libboost_wserialization.a - gcc</a><h2><a name="serialization-test_mi_xml_warchive-gcc">serialization - test_mi_xml_warchive - gcc</a></h2>
<h3>Library build failure: </h3>
See <a href="#serialization-libboost_wserialization.a-gcc">serialization - libboost_wserialization.a - gcc</a><h2><a name="serialization-test_mi_text_warchive-gcc">serialization - test_mi_text_warchive - gcc</a></h2>
<h3>Library build failure: </h3>
See <a href="#serialization-libboost_wserialization.a-gcc">serialization - libboost_wserialization.a - gcc</a><h2><a name="serialization-test_map_xml_warchive-gcc">serialization - test_map_xml_warchive - gcc</a></h2>
<h3>Library build failure: </h3>
See <a href="#serialization-libboost_wserialization.a-gcc">serialization - libboost_wserialization.a - gcc</a><h2><a name="serialization-test_map_text_warchive-gcc">serialization - test_map_text_warchive - gcc</a></h2>
<h3>Library build failure: </h3>
See <a href="#serialization-libboost_wserialization.a-gcc">serialization - libboost_wserialization.a - gcc</a><h2><a name="serialization-test_list_ptrs_xml_warchive-gcc">serialization - test_list_ptrs_xml_warchive - gcc</a></h2>
<h3>Library build failure: </h3>
See <a href="#serialization-libboost_wserialization.a-gcc">serialization - libboost_wserialization.a - gcc</a><h2><a name="serialization-test_list_ptrs_text_warchive-gcc">serialization - test_list_ptrs_text_warchive - gcc</a></h2>
<h3>Library build failure: </h3>
See <a href="#serialization-libboost_wserialization.a-gcc">serialization - libboost_wserialization.a - gcc</a><h2><a name="serialization-test_list_xml_warchive-gcc">serialization - test_list_xml_warchive - gcc</a></h2>
<h3>Library build failure: </h3>
See <a href="#serialization-libboost_wserialization.a-gcc">serialization - libboost_wserialization.a - gcc</a><h2><a name="serialization-test_list_text_warchive-gcc">serialization - test_list_text_warchive - gcc</a></h2>
<h3>Library build failure: </h3>
See <a href="#serialization-libboost_wserialization.a-gcc">serialization - libboost_wserialization.a - gcc</a><h2><a name="serialization-test_primitive_xml_warchive-gcc">serialization - test_primitive_xml_warchive - gcc</a></h2>
<h3>Library build failure: </h3>
See <a href="#serialization-libboost_wserialization.a-gcc">serialization - libboost_wserialization.a - gcc</a><h2><a name="serialization-test_primitive_text_warchive-gcc">serialization - test_primitive_text_warchive - gcc</a></h2>
<h3>Library build failure: </h3>
See <a href="#serialization-libboost_wserialization.a-gcc">serialization - libboost_wserialization.a - gcc</a><h2><a name="serialization-test_object_xml_warchive-gcc">serialization - test_object_xml_warchive - gcc</a></h2>
<h3>Library build failure: </h3>
See <a href="#serialization-libboost_wserialization.a-gcc">serialization - libboost_wserialization.a - gcc</a><h2><a name="serialization-test_object_text_warchive-gcc">serialization - test_object_text_warchive - gcc</a></h2>
<h3>Library build failure: </h3>
See <a href="#serialization-libboost_wserialization.a-gcc">serialization - libboost_wserialization.a - gcc</a><h2><a name="serialization-test_class_info_load_xml_warchive-gcc">serialization - test_class_info_load_xml_warchive - gcc</a></h2>
<h3>Library build failure: </h3>
See <a href="#serialization-libboost_wserialization.a-gcc">serialization - libboost_wserialization.a - gcc</a><h2><a name="serialization-test_class_info_load_text_warchive-gcc">serialization - test_class_info_load_text_warchive - gcc</a></h2>
<h3>Library build failure: </h3>
See <a href="#serialization-libboost_wserialization.a-gcc">serialization - libboost_wserialization.a - gcc</a><h2><a name="serialization-test_class_info_save_xml_warchive-gcc">serialization - test_class_info_save_xml_warchive - gcc</a></h2>
<h3>Library build failure: </h3>
See <a href="#serialization-libboost_wserialization.a-gcc">serialization - libboost_wserialization.a - gcc</a><h2><a name="serialization-test_class_info_save_text_warchive-gcc">serialization - test_class_info_save_text_warchive - gcc</a></h2>
<h3>Library build failure: </h3>
See <a href="#serialization-libboost_wserialization.a-gcc">serialization - libboost_wserialization.a - gcc</a><h2><a name="serialization-test_exported_xml_warchive-gcc">serialization - test_exported_xml_warchive - gcc</a></h2>
<h3>Library build failure: </h3>
See <a href="#serialization-libboost_wserialization.a-gcc">serialization - libboost_wserialization.a - gcc</a><h2><a name="serialization-test_exported_text_warchive-gcc">serialization - test_exported_text_warchive - gcc</a></h2>
<h3>Library build failure: </h3>
See <a href="#serialization-libboost_wserialization.a-gcc">serialization - libboost_wserialization.a - gcc</a><h2><a name="serialization-test_diamond_xml_warchive-gcc">serialization - test_diamond_xml_warchive - gcc</a></h2>
<h3>Library build failure: </h3>
See <a href="#serialization-libboost_wserialization.a-gcc">serialization - libboost_wserialization.a - gcc</a><h2><a name="serialization-test_diamond_text_warchive-gcc">serialization - test_diamond_text_warchive - gcc</a></h2>
<h3>Library build failure: </h3>
See <a href="#serialization-libboost_wserialization.a-gcc">serialization - libboost_wserialization.a - gcc</a><h2><a name="serialization-test_derived_class_ptr_xml_warchive-gcc">serialization - test_derived_class_ptr_xml_warchive - gcc</a></h2>
<h3>Library build failure: </h3>
See <a href="#serialization-libboost_wserialization.a-gcc">serialization - libboost_wserialization.a - gcc</a><h2><a name="serialization-test_derived_class_ptr_text_warchive-gcc">serialization - test_derived_class_ptr_text_warchive - gcc</a></h2>
<h3>Library build failure: </h3>
See <a href="#serialization-libboost_wserialization.a-gcc">serialization - libboost_wserialization.a - gcc</a><h2><a name="serialization-test_derived_class_xml_warchive-gcc">serialization - test_derived_class_xml_warchive - gcc</a></h2>
<h3>Library build failure: </h3>
See <a href="#serialization-libboost_wserialization.a-gcc">serialization - libboost_wserialization.a - gcc</a><h2><a name="serialization-test_derived_class_text_warchive-gcc">serialization - test_derived_class_text_warchive - gcc</a></h2>
<h3>Library build failure: </h3>
See <a href="#serialization-libboost_wserialization.a-gcc">serialization - libboost_wserialization.a - gcc</a><h2><a name="serialization-test_derived_xml_warchive-gcc">serialization - test_derived_xml_warchive - gcc</a></h2>
<h3>Library build failure: </h3>
See <a href="#serialization-libboost_wserialization.a-gcc">serialization - libboost_wserialization.a - gcc</a><h2><a name="serialization-test_derived_text_warchive-gcc">serialization - test_derived_text_warchive - gcc</a></h2>
<h3>Library build failure: </h3>
See <a href="#serialization-libboost_wserialization.a-gcc">serialization - libboost_wserialization.a - gcc</a><h2><a name="serialization-test_deque_xml_warchive-gcc">serialization - test_deque_xml_warchive - gcc</a></h2>
<h3>Library build failure: </h3>
See <a href="#serialization-libboost_wserialization.a-gcc">serialization - libboost_wserialization.a - gcc</a><h2><a name="serialization-test_deque_text_warchive-gcc">serialization - test_deque_text_warchive - gcc</a></h2>
<h3>Library build failure: </h3>
See <a href="#serialization-libboost_wserialization.a-gcc">serialization - libboost_wserialization.a - gcc</a><h2><a name="serialization-test_delete_pointer_xml_warchive-gcc">serialization - test_delete_pointer_xml_warchive - gcc</a></h2>
<h3>Library build failure: </h3>
See <a href="#serialization-libboost_wserialization.a-gcc">serialization - libboost_wserialization.a - gcc</a><h2><a name="serialization-test_delete_pointer_text_warchive-gcc">serialization - test_delete_pointer_text_warchive - gcc</a></h2>
<h3>Library build failure: </h3>
See <a href="#serialization-libboost_wserialization.a-gcc">serialization - libboost_wserialization.a - gcc</a><h2><a name="serialization-test_cyclic_ptrs_xml_warchive-gcc">serialization - test_cyclic_ptrs_xml_warchive - gcc</a></h2>
<h3>Library build failure: </h3>
See <a href="#serialization-libboost_wserialization.a-gcc">serialization - libboost_wserialization.a - gcc</a><h2><a name="serialization-test_cyclic_ptrs_text_warchive-gcc">serialization - test_cyclic_ptrs_text_warchive - gcc</a></h2>
<h3>Library build failure: </h3>
See <a href="#serialization-libboost_wserialization.a-gcc">serialization - libboost_wserialization.a - gcc</a><h2><a name="serialization-test_contained_class_xml_warchive-gcc">serialization - test_contained_class_xml_warchive - gcc</a></h2>
<h3>Library build failure: </h3>
See <a href="#serialization-libboost_wserialization.a-gcc">serialization - libboost_wserialization.a - gcc</a><h2><a name="serialization-test_contained_class_text_warchive-gcc">serialization - test_contained_class_text_warchive - gcc</a></h2>
<h3>Library build failure: </h3>
See <a href="#serialization-libboost_wserialization.a-gcc">serialization - libboost_wserialization.a - gcc</a><h2><a name="serialization-test_binary_xml_warchive-gcc">serialization - test_binary_xml_warchive - gcc</a></h2>
<h3>Library build failure: </h3>
See <a href="#serialization-libboost_wserialization.a-gcc">serialization - libboost_wserialization.a - gcc</a><h2><a name="serialization-test_binary_text_warchive-gcc">serialization - test_binary_text_warchive - gcc</a></h2>
<h3>Library build failure: </h3>
See <a href="#serialization-libboost_wserialization.a-gcc">serialization - libboost_wserialization.a - gcc</a><h2><a name="serialization-test_array_xml_warchive-gcc">serialization - test_array_xml_warchive - gcc</a></h2>
<h3>Library build failure: </h3>
See <a href="#serialization-libboost_wserialization.a-gcc">serialization - libboost_wserialization.a - gcc</a><h2><a name="serialization-test_array_text_warchive-gcc">serialization - test_array_text_warchive - gcc</a></h2>
<h3>Library build failure: </h3>
See <a href="#serialization-libboost_wserialization.a-gcc">serialization - libboost_wserialization.a - gcc</a><h2><a name="thread-test_barrier_lib-gcc">thread - test_barrier_lib - gcc</a></h2>
<h3>Library build failure: </h3>
See <a href="#thread-libboost_thread.a-gcc">thread - libboost_thread.a - gcc</a><h2><a name="thread-libboost_thread.a-gcc">thread - libboost_thread.a - gcc</a></h2>
<h3>Compiler output:</h3><pre>
In file included from /Code/boost_1_33_1/boost/thread/detail/config.hpp:18,
                 from /Code/boost_1_33_1/libs/thread/build/../src/barrier.cpp:12:
/Code/boost_1_33_1/boost/config/requires_threads.hpp:29:4: error: #error "Threading support unavaliable: it has been explicitly disabled with BOOST_DISABLE_THREADS"
/Code/boost_1_33_1/boost/thread/mutex.hpp:58: error: 'cv_state' has not been declared
/Code/boost_1_33_1/boost/thread/mutex.hpp:59: error: 'cv_state' has not been declared
/Code/boost_1_33_1/boost/thread/mutex.hpp:100: error: 'cv_state' has not been declared
/Code/boost_1_33_1/boost/thread/mutex.hpp:101: error: 'cv_state' has not been declared
/Code/boost_1_33_1/boost/thread/mutex.hpp:144: error: 'cv_state' has not been declared
/Code/boost_1_33_1/boost/thread/mutex.hpp:145: error: 'cv_state' has not been declared
/Code/boost_1_33_1/boost/thread/detail/lock.hpp: In instantiation of 'boost::detail::thread::lock_ops&lt;boost::mutex&gt;':
/Code/boost_1_33_1/boost/thread/detail/lock.hpp:81:   instantiated from 'void boost::detail::thread::scoped_lock&lt;Mutex&gt;::lock() [with Mutex = boost::mutex]'
/Code/boost_1_33_1/boost/thread/detail/lock.hpp:71:   instantiated from 'boost::detail::thread::scoped_lock&lt;Mutex&gt;::scoped_lock(Mutex&amp;, bool) [with Mutex = boost::mutex]'
/Code/boost_1_33_1/libs/thread/build/../src/barrier.cpp:31:   instantiated from here
/Code/boost_1_33_1/boost/thread/detail/lock.hpp:34: error: no type named 'cv_state' in 'class boost::mutex'
/Code/boost_1_33_1/boost/thread/detail/lock.hpp:52: error: no type named 'cv_state' in 'class boost::mutex'
/Code/boost_1_33_1/boost/thread/detail/lock.hpp:56: error: no type named 'cv_state' in 'class boost::mutex'

    set -e 
    "g++"   -c -Wall -ftemplate-depth-255  -DBOOST_THREAD_LIB_NAME=boost_thread -DBOOST_THREAD_BUILD_LIB=1  -O0 -fno-inline   -I"../bin/boost/libs/thread/build"   -I "/Code/boost_1_33_1"  -o "../bin/boost/libs/thread/build/libboost_thread.a/gcc/debug/debug-symbols-off/runtime-link-static/barrier.o"  "/Code/boost_1_33_1/libs/thread/build/../src/barrier.cpp" 
    

</pre>
<h2><a name="thread-test_xtime_lib-gcc">thread - test_xtime_lib - gcc</a></h2>
<h3>Library build failure: </h3>
See <a href="#thread-libboost_thread.a-gcc">thread - libboost_thread.a - gcc</a><h2><a name="thread-test_once_lib-gcc">thread - test_once_lib - gcc</a></h2>
<h3>Library build failure: </h3>
See <a href="#thread-libboost_thread.a-gcc">thread - libboost_thread.a - gcc</a><h2><a name="thread-test_tss_lib-gcc">thread - test_tss_lib - gcc</a></h2>
<h3>Library build failure: </h3>
See <a href="#thread-libboost_thread.a-gcc">thread - libboost_thread.a - gcc</a><h2><a name="thread-test_condition_lib-gcc">thread - test_condition_lib - gcc</a></h2>
<h3>Library build failure: </h3>
See <a href="#thread-libboost_thread.a-gcc">thread - libboost_thread.a - gcc</a><h2><a name="thread-test_mutex_lib-gcc">thread - test_mutex_lib - gcc</a></h2>
<h3>Library build failure: </h3>
See <a href="#thread-libboost_thread.a-gcc">thread - libboost_thread.a - gcc</a><h2><a name="thread-test_thread_lib-gcc">thread - test_thread_lib - gcc</a></h2>
<h3>Library build failure: </h3>
See <a href="#thread-libboost_thread.a-gcc">thread - libboost_thread.a - gcc</a><h2><a name="type_traits-udt_specialisations-gcc">type_traits - udt_specialisations - gcc</a></h2>
<h3>Compiler output:</h3><pre>
../libs/type_traits/test/test.hpp:325: warning: 'struct test_abc1' has virtual functions but non-virtual destructor
../libs/type_traits/test/test.hpp:334: warning: 'struct test_abc2' has virtual functions but non-virtual destructor
../libs/type_traits/test/test.hpp:340: warning: 'struct test_abc3' has virtual functions but non-virtual destructor
../libs/type_traits/test/test.hpp:347: warning: 'struct polymorphic_base' has virtual functions but non-virtual destructor
../libs/type_traits/test/test.hpp:352: warning: 'struct polymorphic_derived1' has virtual functions but non-virtual destructor
../libs/type_traits/test/test.hpp:356: warning: 'struct polymorphic_derived2' has virtual functions but non-virtual destructor
</pre>
<h2><a name="type_traits-is_base_and_derived_test-gcc">type_traits - is_base_and_derived_test - gcc</a></h2>
<h3>Compiler output:</h3><pre>
/Code/boost_1_33_1/libs/type_traits/test/test.hpp:325: warning: 'struct test_abc1' has virtual functions but non-virtual destructor
/Code/boost_1_33_1/libs/type_traits/test/test.hpp:334: warning: 'struct test_abc2' has virtual functions but non-virtual destructor
/Code/boost_1_33_1/libs/type_traits/test/test.hpp:340: warning: 'struct test_abc3' has virtual functions but non-virtual destructor
/Code/boost_1_33_1/libs/type_traits/test/test.hpp:347: warning: 'struct polymorphic_base' has virtual functions but non-virtual destructor
/Code/boost_1_33_1/libs/type_traits/test/test.hpp:352: warning: 'struct polymorphic_derived1' has virtual functions but non-virtual destructor
/Code/boost_1_33_1/libs/type_traits/test/test.hpp:356: warning: 'struct polymorphic_derived2' has virtual functions but non-virtual destructor
</pre>
<h2><a name="type_traits-is_member_pointer_test-gcc">type_traits - is_member_pointer_test - gcc</a></h2>
<h3>Compiler output:</h3><pre>
/Code/boost_1_33_1/libs/type_traits/test/test.hpp:325: warning: 'struct test_abc1' has virtual functions but non-virtual destructor
/Code/boost_1_33_1/libs/type_traits/test/test.hpp:334: warning: 'struct test_abc2' has virtual functions but non-virtual destructor
/Code/boost_1_33_1/libs/type_traits/test/test.hpp:340: warning: 'struct test_abc3' has virtual functions but non-virtual destructor
/Code/boost_1_33_1/libs/type_traits/test/test.hpp:347: warning: 'struct polymorphic_base' has virtual functions but non-virtual destructor
/Code/boost_1_33_1/libs/type_traits/test/test.hpp:352: warning: 'struct polymorphic_derived1' has virtual functions but non-virtual destructor
/Code/boost_1_33_1/libs/type_traits/test/test.hpp:356: warning: 'struct polymorphic_derived2' has virtual functions but non-virtual destructor
</pre>
<h2><a name="type_traits-tricky_incomplete_type_test-gcc">type_traits - tricky_incomplete_type_test - gcc</a></h2>
<h3>Compiler output:</h3><pre>
/Code/boost_1_33_1/libs/type_traits/test/test.hpp:325: warning: 'struct test_abc1' has virtual functions but non-virtual destructor
/Code/boost_1_33_1/libs/type_traits/test/test.hpp:334: warning: 'struct test_abc2' has virtual functions but non-virtual destructor
/Code/boost_1_33_1/libs/type_traits/test/test.hpp:340: warning: 'struct test_abc3' has virtual functions but non-virtual destructor
/Code/boost_1_33_1/libs/type_traits/test/test.hpp:347: warning: 'struct polymorphic_base' has virtual functions but non-virtual destructor
/Code/boost_1_33_1/libs/type_traits/test/test.hpp:352: warning: 'struct polymorphic_derived1' has virtual functions but non-virtual destructor
/Code/boost_1_33_1/libs/type_traits/test/test.hpp:356: warning: 'struct polymorphic_derived2' has virtual functions but non-virtual destructor
</pre>
<h2><a name="type_traits-is_fundamental_test-gcc">type_traits - is_fundamental_test - gcc</a></h2>
<h3>Compiler output:</h3><pre>
/Code/boost_1_33_1/libs/type_traits/test/test.hpp:325: warning: 'struct test_abc1' has virtual functions but non-virtual destructor
/Code/boost_1_33_1/libs/type_traits/test/test.hpp:334: warning: 'struct test_abc2' has virtual functions but non-virtual destructor
/Code/boost_1_33_1/libs/type_traits/test/test.hpp:340: warning: 'struct test_abc3' has virtual functions but non-virtual destructor
/Code/boost_1_33_1/libs/type_traits/test/test.hpp:347: warning: 'struct polymorphic_base' has virtual functions but non-virtual destructor
/Code/boost_1_33_1/libs/type_traits/test/test.hpp:352: warning: 'struct polymorphic_derived1' has virtual functions but non-virtual destructor
/Code/boost_1_33_1/libs/type_traits/test/test.hpp:356: warning: 'struct polymorphic_derived2' has virtual functions but non-virtual destructor
</pre>
<h2><a name="type_traits-has_nothrow_copy_test-gcc">type_traits - has_nothrow_copy_test - gcc</a></h2>
<h3>Compiler output:</h3><pre>
/Code/boost_1_33_1/libs/type_traits/test/test.hpp:325: warning: 'struct test_abc1' has virtual functions but non-virtual destructor
/Code/boost_1_33_1/libs/type_traits/test/test.hpp:334: warning: 'struct test_abc2' has virtual functions but non-virtual destructor
/Code/boost_1_33_1/libs/type_traits/test/test.hpp:340: warning: 'struct test_abc3' has virtual functions but non-virtual destructor
/Code/boost_1_33_1/libs/type_traits/test/test.hpp:347: warning: 'struct polymorphic_base' has virtual functions but non-virtual destructor
/Code/boost_1_33_1/libs/type_traits/test/test.hpp:352: warning: 'struct polymorphic_derived1' has virtual functions but non-virtual destructor
/Code/boost_1_33_1/libs/type_traits/test/test.hpp:356: warning: 'struct polymorphic_derived2' has virtual functions but non-virtual destructor
</pre>
<h3>Run output:</h3><pre>
/Code/boost_1_33_1/libs/type_traits/test/has_nothrow_copy_test.cpp:152: &lt;note&gt;The expression: "::boost::has_nothrow_copy&lt;empty_POD_UDT&gt;::value" did not have the value we wish it to have (found 0, expected 1)&lt;/note&gt;
/Code/boost_1_33_1/libs/type_traits/test/has_nothrow_copy_test.cpp:153: &lt;note&gt;The expression: "::boost::has_nothrow_copy&lt;POD_UDT&gt;::value" did not have the value we wish it to have (found 0, expected 1)&lt;/note&gt;
/Code/boost_1_33_1/libs/type_traits/test/has_nothrow_copy_test.cpp:154: &lt;note&gt;The expression: "::boost::has_nothrow_copy&lt;POD_union_UDT&gt;::value" did not have the value we wish it to have (found 0, expected 1)&lt;/note&gt;
/Code/boost_1_33_1/libs/type_traits/test/has_nothrow_copy_test.cpp:155: &lt;note&gt;The expression: "::boost::has_nothrow_copy&lt;empty_POD_union_UDT&gt;::value" did not have the value we wish it to have (found 0, expected 1)&lt;/note&gt;
/Code/boost_1_33_1/libs/type_traits/test/has_nothrow_copy_test.cpp:156: &lt;note&gt;The expression: "::boost::has_nothrow_copy&lt;nothrow_copy_UDT&gt;::value" did not have the value we wish it to have (found 0, expected 1)&lt;/note&gt;

EXIT STATUS: 0
</pre>
<h2><a name="type_traits-is_scalar_test-gcc">type_traits - is_scalar_test - gcc</a></h2>
<h3>Compiler output:</h3><pre>
/Code/boost_1_33_1/libs/type_traits/test/test.hpp:325: warning: 'struct test_abc1' has virtual functions but non-virtual destructor
/Code/boost_1_33_1/libs/type_traits/test/test.hpp:334: warning: 'struct test_abc2' has virtual functions but non-virtual destructor
/Code/boost_1_33_1/libs/type_traits/test/test.hpp:340: warning: 'struct test_abc3' has virtual functions but non-virtual destructor
/Code/boost_1_33_1/libs/type_traits/test/test.hpp:347: warning: 'struct polymorphic_base' has virtual functions but non-virtual destructor
/Code/boost_1_33_1/libs/type_traits/test/test.hpp:352: warning: 'struct polymorphic_derived1' has virtual functions but non-virtual destructor
/Code/boost_1_33_1/libs/type_traits/test/test.hpp:356: warning: 'struct polymorphic_derived2' has virtual functions but non-virtual destructor
</pre>
<h2><a name="type_traits-is_pointer_test-gcc">type_traits - is_pointer_test - gcc</a></h2>
<h3>Compiler output:</h3><pre>
/Code/boost_1_33_1/libs/type_traits/test/test.hpp:325: warning: 'struct test_abc1' has virtual functions but non-virtual destructor
/Code/boost_1_33_1/libs/type_traits/test/test.hpp:334: warning: 'struct test_abc2' has virtual functions but non-virtual destructor
/Code/boost_1_33_1/libs/type_traits/test/test.hpp:340: warning: 'struct test_abc3' has virtual functions but non-virtual destructor
/Code/boost_1_33_1/libs/type_traits/test/test.hpp:347: warning: 'struct polymorphic_base' has virtual functions but non-virtual destructor
/Code/boost_1_33_1/libs/type_traits/test/test.hpp:352: warning: 'struct polymorphic_derived1' has virtual functions but non-virtual destructor
/Code/boost_1_33_1/libs/type_traits/test/test.hpp:356: warning: 'struct polymorphic_derived2' has virtual functions but non-virtual destructor
</pre>
<h2><a name="type_traits-remove_const_test-gcc">type_traits - remove_const_test - gcc</a></h2>
<h3>Compiler output:</h3><pre>
/Code/boost_1_33_1/libs/type_traits/test/test.hpp:325: warning: 'struct test_abc1' has virtual functions but non-virtual destructor
/Code/boost_1_33_1/libs/type_traits/test/test.hpp:334: warning: 'struct test_abc2' has virtual functions but non-virtual destructor
/Code/boost_1_33_1/libs/type_traits/test/test.hpp:340: warning: 'struct test_abc3' has virtual functions but non-virtual destructor
/Code/boost_1_33_1/libs/type_traits/test/test.hpp:347: warning: 'struct polymorphic_base' has virtual functions but non-virtual destructor
/Code/boost_1_33_1/libs/type_traits/test/test.hpp:352: warning: 'struct polymorphic_derived1' has virtual functions but non-virtual destructor
/Code/boost_1_33_1/libs/type_traits/test/test.hpp:356: warning: 'struct polymorphic_derived2' has virtual functions but non-virtual destructor
</pre>
<h2><a name="type_traits-is_class_test-gcc">type_traits - is_class_test - gcc</a></h2>
<h3>Compiler output:</h3><pre>
/Code/boost_1_33_1/libs/type_traits/test/test.hpp:325: warning: 'struct test_abc1' has virtual functions but non-virtual destructor
/Code/boost_1_33_1/libs/type_traits/test/test.hpp:334: warning: 'struct test_abc2' has virtual functions but non-virtual destructor
/Code/boost_1_33_1/libs/type_traits/test/test.hpp:340: warning: 'struct test_abc3' has virtual functions but non-virtual destructor
/Code/boost_1_33_1/libs/type_traits/test/test.hpp:347: warning: 'struct polymorphic_base' has virtual functions but non-virtual destructor
/Code/boost_1_33_1/libs/type_traits/test/test.hpp:352: warning: 'struct polymorphic_derived1' has virtual functions but non-virtual destructor
/Code/boost_1_33_1/libs/type_traits/test/test.hpp:356: warning: 'struct polymorphic_derived2' has virtual functions but non-virtual destructor
</pre>
<h3>Run output:</h3><pre>
&lt;note&gt;
This compiler version does not provide support for is_class on
union types. Such support is not currently required by the
C++ Standard. It will be required to support the upcoming
Standard Library Technical Report.
&lt;/note&gt;

EXIT STATUS: 0
</pre>
<h2><a name="type_traits-add_const_test-gcc">type_traits - add_const_test - gcc</a></h2>
<h3>Compiler output:</h3><pre>
/Code/boost_1_33_1/libs/type_traits/test/test.hpp:325: warning: 'struct test_abc1' has virtual functions but non-virtual destructor
/Code/boost_1_33_1/libs/type_traits/test/test.hpp:334: warning: 'struct test_abc2' has virtual functions but non-virtual destructor
/Code/boost_1_33_1/libs/type_traits/test/test.hpp:340: warning: 'struct test_abc3' has virtual functions but non-virtual destructor
/Code/boost_1_33_1/libs/type_traits/test/test.hpp:347: warning: 'struct polymorphic_base' has virtual functions but non-virtual destructor
/Code/boost_1_33_1/libs/type_traits/test/test.hpp:352: warning: 'struct polymorphic_derived1' has virtual functions but non-virtual destructor
/Code/boost_1_33_1/libs/type_traits/test/test.hpp:356: warning: 'struct polymorphic_derived2' has virtual functions but non-virtual destructor
</pre>
<h2><a name="type_traits-has_nothrow_assign_test-gcc">type_traits - has_nothrow_assign_test - gcc</a></h2>
<h3>Compiler output:</h3><pre>
/Code/boost_1_33_1/libs/type_traits/test/test.hpp:325: warning: 'struct test_abc1' has virtual functions but non-virtual destructor
/Code/boost_1_33_1/libs/type_traits/test/test.hpp:334: warning: 'struct test_abc2' has virtual functions but non-virtual destructor
/Code/boost_1_33_1/libs/type_traits/test/test.hpp:340: warning: 'struct test_abc3' has virtual functions but non-virtual destructor
/Code/boost_1_33_1/libs/type_traits/test/test.hpp:347: warning: 'struct polymorphic_base' has virtual functions but non-virtual destructor
/Code/boost_1_33_1/libs/type_traits/test/test.hpp:352: warning: 'struct polymorphic_derived1' has virtual functions but non-virtual destructor
/Code/boost_1_33_1/libs/type_traits/test/test.hpp:356: warning: 'struct polymorphic_derived2' has virtual functions but non-virtual destructor
</pre>
<h3>Run output:</h3><pre>
/Code/boost_1_33_1/libs/type_traits/test/has_nothrow_assign_test.cpp:153: &lt;note&gt;The expression: "::boost::has_nothrow_assign&lt;empty_POD_UDT&gt;::value" did not have the value we wish it to have (found 0, expected 1)&lt;/note&gt;
/Code/boost_1_33_1/libs/type_traits/test/has_nothrow_assign_test.cpp:154: &lt;note&gt;The expression: "::boost::has_nothrow_assign&lt;POD_UDT&gt;::value" did not have the value we wish it to have (found 0, expected 1)&lt;/note&gt;
/Code/boost_1_33_1/libs/type_traits/test/has_nothrow_assign_test.cpp:155: &lt;note&gt;The expression: "::boost::has_nothrow_assign&lt;POD_union_UDT&gt;::value" did not have the value we wish it to have (found 0, expected 1)&lt;/note&gt;
/Code/boost_1_33_1/libs/type_traits/test/has_nothrow_assign_test.cpp:156: &lt;note&gt;The expression: "::boost::has_nothrow_assign&lt;empty_POD_union_UDT&gt;::value" did not have the value we wish it to have (found 0, expected 1)&lt;/note&gt;
/Code/boost_1_33_1/libs/type_traits/test/has_nothrow_assign_test.cpp:157: &lt;note&gt;The expression: "::boost::has_nothrow_assign&lt;nothrow_assign_UDT&gt;::value" did not have the value we wish it to have (found 0, expected 1)&lt;/note&gt;

EXIT STATUS: 0
</pre>
<h2><a name="type_traits-type_with_alignment_test-gcc">type_traits - type_with_alignment_test - gcc</a></h2>
<h3>Compiler output:</h3><pre>
/Code/boost_1_33_1/libs/type_traits/test/test.hpp:325: warning: 'struct test_abc1' has virtual functions but non-virtual destructor
/Code/boost_1_33_1/libs/type_traits/test/test.hpp:334: warning: 'struct test_abc2' has virtual functions but non-virtual destructor
/Code/boost_1_33_1/libs/type_traits/test/test.hpp:340: warning: 'struct test_abc3' has virtual functions but non-virtual destructor
/Code/boost_1_33_1/libs/type_traits/test/test.hpp:347: warning: 'struct polymorphic_base' has virtual functions but non-virtual destructor
/Code/boost_1_33_1/libs/type_traits/test/test.hpp:352: warning: 'struct polymorphic_derived1' has virtual functions but non-virtual destructor
/Code/boost_1_33_1/libs/type_traits/test/test.hpp:356: warning: 'struct polymorphic_derived2' has virtual functions but non-virtual destructor
</pre>
<h2><a name="type_traits-is_stateless_test-gcc">type_traits - is_stateless_test - gcc</a></h2>
<h3>Compiler output:</h3><pre>
/Code/boost_1_33_1/libs/type_traits/test/test.hpp:325: warning: 'struct test_abc1' has virtual functions but non-virtual destructor
/Code/boost_1_33_1/libs/type_traits/test/test.hpp:334: warning: 'struct test_abc2' has virtual functions but non-virtual destructor
/Code/boost_1_33_1/libs/type_traits/test/test.hpp:340: warning: 'struct test_abc3' has virtual functions but non-virtual destructor
/Code/boost_1_33_1/libs/type_traits/test/test.hpp:347: warning: 'struct polymorphic_base' has virtual functions but non-virtual destructor
/Code/boost_1_33_1/libs/type_traits/test/test.hpp:352: warning: 'struct polymorphic_derived1' has virtual functions but non-virtual destructor
/Code/boost_1_33_1/libs/type_traits/test/test.hpp:356: warning: 'struct polymorphic_derived2' has virtual functions but non-virtual destructor
</pre>
<h3>Run output:</h3><pre>
/Code/boost_1_33_1/libs/type_traits/test/is_stateless_test.cpp:154: &lt;note&gt;The expression: "::boost::is_stateless&lt;empty_POD_UDT&gt;::value" did not have the value we wish it to have (found 0, expected 1)&lt;/note&gt;

EXIT STATUS: 0
</pre>
<h2><a name="type_traits-decay_test-gcc">type_traits - decay_test - gcc</a></h2>
<h3>Compiler output:</h3><pre>
/Code/boost_1_33_1/libs/type_traits/test/test.hpp:325: warning: 'struct test_abc1' has virtual functions but non-virtual destructor
/Code/boost_1_33_1/libs/type_traits/test/test.hpp:334: warning: 'struct test_abc2' has virtual functions but non-virtual destructor
/Code/boost_1_33_1/libs/type_traits/test/test.hpp:340: warning: 'struct test_abc3' has virtual functions but non-virtual destructor
/Code/boost_1_33_1/libs/type_traits/test/test.hpp:347: warning: 'struct polymorphic_base' has virtual functions but non-virtual destructor
/Code/boost_1_33_1/libs/type_traits/test/test.hpp:352: warning: 'struct polymorphic_derived1' has virtual functions but non-virtual destructor
/Code/boost_1_33_1/libs/type_traits/test/test.hpp:356: warning: 'struct polymorphic_derived2' has virtual functions but non-virtual destructor
</pre>
<h2><a name="type_traits-is_union_test-gcc">type_traits - is_union_test - gcc</a></h2>
<h3>Compiler output:</h3><pre>
/Code/boost_1_33_1/libs/type_traits/test/test.hpp:325: warning: 'struct test_abc1' has virtual functions but non-virtual destructor
/Code/boost_1_33_1/libs/type_traits/test/test.hpp:334: warning: 'struct test_abc2' has virtual functions but non-virtual destructor
/Code/boost_1_33_1/libs/type_traits/test/test.hpp:340: warning: 'struct test_abc3' has virtual functions but non-virtual destructor
/Code/boost_1_33_1/libs/type_traits/test/test.hpp:347: warning: 'struct polymorphic_base' has virtual functions but non-virtual destructor
/Code/boost_1_33_1/libs/type_traits/test/test.hpp:352: warning: 'struct polymorphic_derived1' has virtual functions but non-virtual destructor
/Code/boost_1_33_1/libs/type_traits/test/test.hpp:356: warning: 'struct polymorphic_derived2' has virtual functions but non-virtual destructor
</pre>
<h3>Run output:</h3><pre>
&lt;note&gt;
This compiler version does not provide support for is_union on
union types. Such support is not currently required by the
C++ Standard. It will be required to support the upcoming
Standard Library Technical Report.
&lt;/note&gt;

EXIT STATUS: 0
</pre>
<h2><a name="type_traits-is_void_test-gcc">type_traits - is_void_test - gcc</a></h2>
<h3>Compiler output:</h3><pre>
/Code/boost_1_33_1/libs/type_traits/test/test.hpp:325: warning: 'struct test_abc1' has virtual functions but non-virtual destructor
/Code/boost_1_33_1/libs/type_traits/test/test.hpp:334: warning: 'struct test_abc2' has virtual functions but non-virtual destructor
/Code/boost_1_33_1/libs/type_traits/test/test.hpp:340: warning: 'struct test_abc3' has virtual functions but non-virtual destructor
/Code/boost_1_33_1/libs/type_traits/test/test.hpp:347: warning: 'struct polymorphic_base' has virtual functions but non-virtual destructor
/Code/boost_1_33_1/libs/type_traits/test/test.hpp:352: warning: 'struct polymorphic_derived1' has virtual functions but non-virtual destructor
/Code/boost_1_33_1/libs/type_traits/test/test.hpp:356: warning: 'struct polymorphic_derived2' has virtual functions but non-virtual destructor
</pre>
<h2><a name="type_traits-add_reference_test-gcc">type_traits - add_reference_test - gcc</a></h2>
<h3>Compiler output:</h3><pre>
/Code/boost_1_33_1/libs/type_traits/test/test.hpp:325: warning: 'struct test_abc1' has virtual functions but non-virtual destructor
/Code/boost_1_33_1/libs/type_traits/test/test.hpp:334: warning: 'struct test_abc2' has virtual functions but non-virtual destructor
/Code/boost_1_33_1/libs/type_traits/test/test.hpp:340: warning: 'struct test_abc3' has virtual functions but non-virtual destructor
/Code/boost_1_33_1/libs/type_traits/test/test.hpp:347: warning: 'struct polymorphic_base' has virtual functions but non-virtual destructor
/Code/boost_1_33_1/libs/type_traits/test/test.hpp:352: warning: 'struct polymorphic_derived1' has virtual functions but non-virtual destructor
/Code/boost_1_33_1/libs/type_traits/test/test.hpp:356: warning: 'struct polymorphic_derived2' has virtual functions but non-virtual destructor
</pre>
<h2><a name="type_traits-remove_cv_test-gcc">type_traits - remove_cv_test - gcc</a></h2>
<h3>Compiler output:</h3><pre>
/Code/boost_1_33_1/libs/type_traits/test/test.hpp:325: warning: 'struct test_abc1' has virtual functions but non-virtual destructor
/Code/boost_1_33_1/libs/type_traits/test/test.hpp:334: warning: 'struct test_abc2' has virtual functions but non-virtual destructor
/Code/boost_1_33_1/libs/type_traits/test/test.hpp:340: warning: 'struct test_abc3' has virtual functions but non-virtual destructor
/Code/boost_1_33_1/libs/type_traits/test/test.hpp:347: warning: 'struct polymorphic_base' has virtual functions but non-virtual destructor
/Code/boost_1_33_1/libs/type_traits/test/test.hpp:352: warning: 'struct polymorphic_derived1' has virtual functions but non-virtual destructor
/Code/boost_1_33_1/libs/type_traits/test/test.hpp:356: warning: 'struct polymorphic_derived2' has virtual functions but non-virtual destructor
</pre>
<h2><a name="type_traits-rank_test-gcc">type_traits - rank_test - gcc</a></h2>
<h3>Compiler output:</h3><pre>
/Code/boost_1_33_1/libs/type_traits/test/test.hpp:325: warning: 'struct test_abc1' has virtual functions but non-virtual destructor
/Code/boost_1_33_1/libs/type_traits/test/test.hpp:334: warning: 'struct test_abc2' has virtual functions but non-virtual destructor
/Code/boost_1_33_1/libs/type_traits/test/test.hpp:340: warning: 'struct test_abc3' has virtual functions but non-virtual destructor
/Code/boost_1_33_1/libs/type_traits/test/test.hpp:347: warning: 'struct polymorphic_base' has virtual functions but non-virtual destructor
/Code/boost_1_33_1/libs/type_traits/test/test.hpp:352: warning: 'struct polymorphic_derived1' has virtual functions but non-virtual destructor
/Code/boost_1_33_1/libs/type_traits/test/test.hpp:356: warning: 'struct polymorphic_derived2' has virtual functions but non-virtual destructor
</pre>
<h2><a name="type_traits-aligned_storage_test-gcc">type_traits - aligned_storage_test - gcc</a></h2>
<h3>Compiler output:</h3><pre>
/Code/boost_1_33_1/libs/type_traits/test/test.hpp:325: warning: 'struct test_abc1' has virtual functions but non-virtual destructor
/Code/boost_1_33_1/libs/type_traits/test/test.hpp:334: warning: 'struct test_abc2' has virtual functions but non-virtual destructor
/Code/boost_1_33_1/libs/type_traits/test/test.hpp:340: warning: 'struct test_abc3' has virtual functions but non-virtual destructor
/Code/boost_1_33_1/libs/type_traits/test/test.hpp:347: warning: 'struct polymorphic_base' has virtual functions but non-virtual destructor
/Code/boost_1_33_1/libs/type_traits/test/test.hpp:352: warning: 'struct polymorphic_derived1' has virtual functions but non-virtual destructor
/Code/boost_1_33_1/libs/type_traits/test/test.hpp:356: warning: 'struct polymorphic_derived2' has virtual functions but non-virtual destructor
</pre>
<h2><a name="type_traits-is_polymorphic_test-gcc">type_traits - is_polymorphic_test - gcc</a></h2>
<h3>Compiler output:</h3><pre>
/Code/boost_1_33_1/libs/type_traits/test/test.hpp:325: warning: 'struct test_abc1' has virtual functions but non-virtual destructor
/Code/boost_1_33_1/libs/type_traits/test/test.hpp:334: warning: 'struct test_abc2' has virtual functions but non-virtual destructor
/Code/boost_1_33_1/libs/type_traits/test/test.hpp:340: warning: 'struct test_abc3' has virtual functions but non-virtual destructor
/Code/boost_1_33_1/libs/type_traits/test/test.hpp:347: warning: 'struct polymorphic_base' has virtual functions but non-virtual destructor
/Code/boost_1_33_1/libs/type_traits/test/test.hpp:352: warning: 'struct polymorphic_derived1' has virtual functions but non-virtual destructor
/Code/boost_1_33_1/libs/type_traits/test/test.hpp:356: warning: 'struct polymorphic_derived2' has virtual functions but non-virtual destructor
/Code/boost_1_33_1/libs/type_traits/test/is_polymorphic_test.cpp:24: warning: 'struct poly_bug' has virtual functions but non-virtual destructor
/Code/boost_1_33_1/boost/type_traits/is_polymorphic.hpp: In instantiation of 'boost::detail::is_polymorphic_imp1&lt;test_abc1&gt;::d1':
/Code/boost_1_33_1/boost/type_traits/is_polymorphic.hpp:48:   instantiated from 'const bool boost::detail::is_polymorphic_imp1&lt;test_abc1&gt;::value'
/Code/boost_1_33_1/boost/type_traits/is_polymorphic.hpp:83:   instantiated from 'const bool boost::detail::is_polymorphic_imp&lt;test_abc1&gt;::value'
/Code/boost_1_33_1/boost/type_traits/is_polymorphic.hpp:88:   instantiated from 'boost::is_polymorphic&lt;test_abc1&gt;'
/Code/boost_1_33_1/libs/type_traits/test/is_polymorphic_test.cpp:49:   instantiated from here
/Code/boost_1_33_1/boost/type_traits/is_polymorphic.hpp:28: warning: 'struct boost::detail::is_polymorphic_imp1&lt;test_abc1&gt;::d1' has virtual functions but non-virtual destructor
/Code/boost_1_33_1/boost/type_traits/is_polymorphic.hpp: In instantiation of 'boost::detail::is_polymorphic_imp1&lt;test_abc2&gt;::d1':
/Code/boost_1_33_1/boost/type_traits/is_polymorphic.hpp:48:   instantiated from 'const bool boost::detail::is_polymorphic_imp1&lt;test_abc2&gt;::value'
/Code/boost_1_33_1/boost/type_traits/is_polymorphic.hpp:83:   instantiated from 'const bool boost::detail::is_polymorphic_imp&lt;test_abc2&gt;::value'
/Code/boost_1_33_1/boost/type_traits/is_polymorphic.hpp:88:   instantiated from 'boost::is_polymorphic&lt;test_abc2&gt;'
/Code/boost_1_33_1/libs/type_traits/test/is_polymorphic_test.cpp:50:   instantiated from here
/Code/boost_1_33_1/boost/type_traits/is_polymorphic.hpp:28: warning: 'struct boost::detail::is_polymorphic_imp1&lt;test_abc2&gt;::d1' has virtual functions but non-virtual destructor
/Code/boost_1_33_1/boost/type_traits/is_polymorphic.hpp: In instantiation of 'boost::detail::is_polymorphic_imp1&lt;poly_bug&gt;::d1':
/Code/boost_1_33_1/boost/type_traits/is_polymorphic.hpp:48:   instantiated from 'const bool boost::detail::is_polymorphic_imp1&lt;poly_bug&gt;::value'
/Code/boost_1_33_1/boost/type_traits/is_polymorphic.hpp:83:   instantiated from 'const bool boost::detail::is_polymorphic_imp&lt;poly_bug&gt;::value'
/Code/boost_1_33_1/boost/type_traits/is_polymorphic.hpp:88:   instantiated from 'boost::is_polymorphic&lt;poly_bug&gt;'
/Code/boost_1_33_1/libs/type_traits/test/is_polymorphic_test.cpp:76:   instantiated from here
/Code/boost_1_33_1/boost/type_traits/is_polymorphic.hpp:28: warning: 'struct boost::detail::is_polymorphic_imp1&lt;poly_bug&gt;::d1' has virtual functions but non-virtual destructor
</pre>
<h2><a name="type_traits-is_object_test-gcc">type_traits - is_object_test - gcc</a></h2>
<h3>Compiler output:</h3><pre>
/Code/boost_1_33_1/libs/type_traits/test/test.hpp:325: warning: 'struct test_abc1' has virtual functions but non-virtual destructor
/Code/boost_1_33_1/libs/type_traits/test/test.hpp:334: warning: 'struct test_abc2' has virtual functions but non-virtual destructor
/Code/boost_1_33_1/libs/type_traits/test/test.hpp:340: warning: 'struct test_abc3' has virtual functions but non-virtual destructor
/Code/boost_1_33_1/libs/type_traits/test/test.hpp:347: warning: 'struct polymorphic_base' has virtual functions but non-virtual destructor
/Code/boost_1_33_1/libs/type_traits/test/test.hpp:352: warning: 'struct polymorphic_derived1' has virtual functions but non-virtual destructor
/Code/boost_1_33_1/libs/type_traits/test/test.hpp:356: warning: 'struct polymorphic_derived2' has virtual functions but non-virtual destructor
</pre>
<h2><a name="type_traits-is_compound_test-gcc">type_traits - is_compound_test - gcc</a></h2>
<h3>Compiler output:</h3><pre>
/Code/boost_1_33_1/libs/type_traits/test/test.hpp:325: warning: 'struct test_abc1' has virtual functions but non-virtual destructor
/Code/boost_1_33_1/libs/type_traits/test/test.hpp:334: warning: 'struct test_abc2' has virtual functions but non-virtual destructor
/Code/boost_1_33_1/libs/type_traits/test/test.hpp:340: warning: 'struct test_abc3' has virtual functions but non-virtual destructor
/Code/boost_1_33_1/libs/type_traits/test/test.hpp:347: warning: 'struct polymorphic_base' has virtual functions but non-virtual destructor
/Code/boost_1_33_1/libs/type_traits/test/test.hpp:352: warning: 'struct polymorphic_derived1' has virtual functions but non-virtual destructor
/Code/boost_1_33_1/libs/type_traits/test/test.hpp:356: warning: 'struct polymorphic_derived2' has virtual functions but non-virtual destructor
</pre>
<h2><a name="type_traits-is_volatile_test-gcc">type_traits - is_volatile_test - gcc</a></h2>
<h3>Compiler output:</h3><pre>
/Code/boost_1_33_1/libs/type_traits/test/test.hpp:325: warning: 'struct test_abc1' has virtual functions but non-virtual destructor
/Code/boost_1_33_1/libs/type_traits/test/test.hpp:334: warning: 'struct test_abc2' has virtual functions but non-virtual destructor
/Code/boost_1_33_1/libs/type_traits/test/test.hpp:340: warning: 'struct test_abc3' has virtual functions but non-virtual destructor
/Code/boost_1_33_1/libs/type_traits/test/test.hpp:347: warning: 'struct polymorphic_base' has virtual functions but non-virtual destructor
/Code/boost_1_33_1/libs/type_traits/test/test.hpp:352: warning: 'struct polymorphic_derived1' has virtual functions but non-virtual destructor
/Code/boost_1_33_1/libs/type_traits/test/test.hpp:356: warning: 'struct polymorphic_derived2' has virtual functions but non-virtual destructor
</pre>
<h2><a name="type_traits-is_member_func_test-gcc">type_traits - is_member_func_test - gcc</a></h2>
<h3>Compiler output:</h3><pre>
/Code/boost_1_33_1/libs/type_traits/test/test.hpp:325: warning: 'struct test_abc1' has virtual functions but non-virtual destructor
/Code/boost_1_33_1/libs/type_traits/test/test.hpp:334: warning: 'struct test_abc2' has virtual functions but non-virtual destructor
/Code/boost_1_33_1/libs/type_traits/test/test.hpp:340: warning: 'struct test_abc3' has virtual functions but non-virtual destructor
/Code/boost_1_33_1/libs/type_traits/test/test.hpp:347: warning: 'struct polymorphic_base' has virtual functions but non-virtual destructor
/Code/boost_1_33_1/libs/type_traits/test/test.hpp:352: warning: 'struct polymorphic_derived1' has virtual functions but non-virtual destructor
/Code/boost_1_33_1/libs/type_traits/test/test.hpp:356: warning: 'struct polymorphic_derived2' has virtual functions but non-virtual destructor
</pre>
<h2><a name="type_traits-add_cv_test-gcc">type_traits - add_cv_test - gcc</a></h2>
<h3>Compiler output:</h3><pre>
/Code/boost_1_33_1/libs/type_traits/test/test.hpp:325: warning: 'struct test_abc1' has virtual functions but non-virtual destructor
/Code/boost_1_33_1/libs/type_traits/test/test.hpp:334: warning: 'struct test_abc2' has virtual functions but non-virtual destructor
/Code/boost_1_33_1/libs/type_traits/test/test.hpp:340: warning: 'struct test_abc3' has virtual functions but non-virtual destructor
/Code/boost_1_33_1/libs/type_traits/test/test.hpp:347: warning: 'struct polymorphic_base' has virtual functions but non-virtual destructor
/Code/boost_1_33_1/libs/type_traits/test/test.hpp:352: warning: 'struct polymorphic_derived1' has virtual functions but non-virtual destructor
/Code/boost_1_33_1/libs/type_traits/test/test.hpp:356: warning: 'struct polymorphic_derived2' has virtual functions but non-virtual destructor
</pre>
<h2><a name="type_traits-add_volatile_test-gcc">type_traits - add_volatile_test - gcc</a></h2>
<h3>Compiler output:</h3><pre>
/Code/boost_1_33_1/libs/type_traits/test/test.hpp:325: warning: 'struct test_abc1' has virtual functions but non-virtual destructor
/Code/boost_1_33_1/libs/type_traits/test/test.hpp:334: warning: 'struct test_abc2' has virtual functions but non-virtual destructor
/Code/boost_1_33_1/libs/type_traits/test/test.hpp:340: warning: 'struct test_abc3' has virtual functions but non-virtual destructor
/Code/boost_1_33_1/libs/type_traits/test/test.hpp:347: warning: 'struct polymorphic_base' has virtual functions but non-virtual destructor
/Code/boost_1_33_1/libs/type_traits/test/test.hpp:352: warning: 'struct polymorphic_derived1' has virtual functions but non-virtual destructor
/Code/boost_1_33_1/libs/type_traits/test/test.hpp:356: warning: 'struct polymorphic_derived2' has virtual functions but non-virtual destructor
</pre>
<h2><a name="type_traits-has_trivial_copy_test-gcc">type_traits - has_trivial_copy_test - gcc</a></h2>
<h3>Compiler output:</h3><pre>
/Code/boost_1_33_1/libs/type_traits/test/test.hpp:325: warning: 'struct test_abc1' has virtual functions but non-virtual destructor
/Code/boost_1_33_1/libs/type_traits/test/test.hpp:334: warning: 'struct test_abc2' has virtual functions but non-virtual destructor
/Code/boost_1_33_1/libs/type_traits/test/test.hpp:340: warning: 'struct test_abc3' has virtual functions but non-virtual destructor
/Code/boost_1_33_1/libs/type_traits/test/test.hpp:347: warning: 'struct polymorphic_base' has virtual functions but non-virtual destructor
/Code/boost_1_33_1/libs/type_traits/test/test.hpp:352: warning: 'struct polymorphic_derived1' has virtual functions but non-virtual destructor
/Code/boost_1_33_1/libs/type_traits/test/test.hpp:356: warning: 'struct polymorphic_derived2' has virtual functions but non-virtual destructor
</pre>
<h3>Run output:</h3><pre>
/Code/boost_1_33_1/libs/type_traits/test/has_trivial_copy_test.cpp:152: &lt;note&gt;The expression: "::boost::has_trivial_copy&lt;empty_POD_UDT&gt;::value" did not have the value we wish it to have (found 0, expected 1)&lt;/note&gt;
/Code/boost_1_33_1/libs/type_traits/test/has_trivial_copy_test.cpp:153: &lt;note&gt;The expression: "::boost::has_trivial_copy&lt;POD_UDT&gt;::value" did not have the value we wish it to have (found 0, expected 1)&lt;/note&gt;
/Code/boost_1_33_1/libs/type_traits/test/has_trivial_copy_test.cpp:154: &lt;note&gt;The expression: "::boost::has_trivial_copy&lt;POD_union_UDT&gt;::value" did not have the value we wish it to have (found 0, expected 1)&lt;/note&gt;
/Code/boost_1_33_1/libs/type_traits/test/has_trivial_copy_test.cpp:155: &lt;note&gt;The expression: "::boost::has_trivial_copy&lt;empty_POD_union_UDT&gt;::value" did not have the value we wish it to have (found 0, expected 1)&lt;/note&gt;

EXIT STATUS: 0
</pre>
<h2><a name="type_traits-is_floating_point_test-gcc">type_traits - is_floating_point_test - gcc</a></h2>
<h3>Compiler output:</h3><pre>
/Code/boost_1_33_1/libs/type_traits/test/test.hpp:325: warning: 'struct test_abc1' has virtual functions but non-virtual destructor
/Code/boost_1_33_1/libs/type_traits/test/test.hpp:334: warning: 'struct test_abc2' has virtual functions but non-virtual destructor
/Code/boost_1_33_1/libs/type_traits/test/test.hpp:340: warning: 'struct test_abc3' has virtual functions but non-virtual destructor
/Code/boost_1_33_1/libs/type_traits/test/test.hpp:347: warning: 'struct polymorphic_base' has virtual functions but non-virtual destructor
/Code/boost_1_33_1/libs/type_traits/test/test.hpp:352: warning: 'struct polymorphic_derived1' has virtual functions but non-virtual destructor
/Code/boost_1_33_1/libs/type_traits/test/test.hpp:356: warning: 'struct polymorphic_derived2' has virtual functions but non-virtual destructor
</pre>
<h2><a name="type_traits-is_pod_test-gcc">type_traits - is_pod_test - gcc</a></h2>
<h3>Compiler output:</h3><pre>
/Code/boost_1_33_1/libs/type_traits/test/test.hpp:325: warning: 'struct test_abc1' has virtual functions but non-virtual destructor
/Code/boost_1_33_1/libs/type_traits/test/test.hpp:334: warning: 'struct test_abc2' has virtual functions but non-virtual destructor
/Code/boost_1_33_1/libs/type_traits/test/test.hpp:340: warning: 'struct test_abc3' has virtual functions but non-virtual destructor
/Code/boost_1_33_1/libs/type_traits/test/test.hpp:347: warning: 'struct polymorphic_base' has virtual functions but non-virtual destructor
/Code/boost_1_33_1/libs/type_traits/test/test.hpp:352: warning: 'struct polymorphic_derived1' has virtual functions but non-virtual destructor
/Code/boost_1_33_1/libs/type_traits/test/test.hpp:356: warning: 'struct polymorphic_derived2' has virtual functions but non-virtual destructor
</pre>
<h3>Run output:</h3><pre>
/Code/boost_1_33_1/libs/type_traits/test/is_pod_test.cpp:156: &lt;note&gt;The expression: "::boost::is_pod&lt;empty_POD_UDT&gt;::value" did not have the value we wish it to have (found 0, expected 1)&lt;/note&gt;
/Code/boost_1_33_1/libs/type_traits/test/is_pod_test.cpp:157: &lt;note&gt;The expression: "::boost::is_pod&lt;POD_UDT&gt;::value" did not have the value we wish it to have (found 0, expected 1)&lt;/note&gt;
/Code/boost_1_33_1/libs/type_traits/test/is_pod_test.cpp:158: &lt;note&gt;The expression: "::boost::is_pod&lt;POD_union_UDT&gt;::value" did not have the value we wish it to have (found 0, expected 1)&lt;/note&gt;
/Code/boost_1_33_1/libs/type_traits/test/is_pod_test.cpp:159: &lt;note&gt;The expression: "::boost::is_pod&lt;empty_POD_union_UDT&gt;::value" did not have the value we wish it to have (found 0, expected 1)&lt;/note&gt;

EXIT STATUS: 0
</pre>
<h2><a name="type_traits-alignment_of_test-gcc">type_traits - alignment_of_test - gcc</a></h2>
<h3>Compiler output:</h3><pre>
/Code/boost_1_33_1/libs/type_traits/test/test.hpp:325: warning: 'struct test_abc1' has virtual functions but non-virtual destructor
/Code/boost_1_33_1/libs/type_traits/test/test.hpp:334: warning: 'struct test_abc2' has virtual functions but non-virtual destructor
/Code/boost_1_33_1/libs/type_traits/test/test.hpp:340: warning: 'struct test_abc3' has virtual functions but non-virtual destructor
/Code/boost_1_33_1/libs/type_traits/test/test.hpp:347: warning: 'struct polymorphic_base' has virtual functions but non-virtual destructor
/Code/boost_1_33_1/libs/type_traits/test/test.hpp:352: warning: 'struct polymorphic_derived1' has virtual functions but non-virtual destructor
/Code/boost_1_33_1/libs/type_traits/test/test.hpp:356: warning: 'struct polymorphic_derived2' has virtual functions but non-virtual destructor
</pre>
<h2><a name="type_traits-is_empty_test-gcc">type_traits - is_empty_test - gcc</a></h2>
<h3>Compiler output:</h3><pre>
/Code/boost_1_33_1/libs/type_traits/test/test.hpp:325: warning: 'struct test_abc1' has virtual functions but non-virtual destructor
/Code/boost_1_33_1/libs/type_traits/test/test.hpp:334: warning: 'struct test_abc2' has virtual functions but non-virtual destructor
/Code/boost_1_33_1/libs/type_traits/test/test.hpp:340: warning: 'struct test_abc3' has virtual functions but non-virtual destructor
/Code/boost_1_33_1/libs/type_traits/test/test.hpp:347: warning: 'struct polymorphic_base' has virtual functions but non-virtual destructor
/Code/boost_1_33_1/libs/type_traits/test/test.hpp:352: warning: 'struct polymorphic_derived1' has virtual functions but non-virtual destructor
/Code/boost_1_33_1/libs/type_traits/test/test.hpp:356: warning: 'struct polymorphic_derived2' has virtual functions but non-virtual destructor
</pre>
<h2><a name="type_traits-has_trivial_constr_test-gcc">type_traits - has_trivial_constr_test - gcc</a></h2>
<h3>Compiler output:</h3><pre>
/Code/boost_1_33_1/libs/type_traits/test/test.hpp:325: warning: 'struct test_abc1' has virtual functions but non-virtual destructor
/Code/boost_1_33_1/libs/type_traits/test/test.hpp:334: warning: 'struct test_abc2' has virtual functions but non-virtual destructor
/Code/boost_1_33_1/libs/type_traits/test/test.hpp:340: warning: 'struct test_abc3' has virtual functions but non-virtual destructor
/Code/boost_1_33_1/libs/type_traits/test/test.hpp:347: warning: 'struct polymorphic_base' has virtual functions but non-virtual destructor
/Code/boost_1_33_1/libs/type_traits/test/test.hpp:352: warning: 'struct polymorphic_derived1' has virtual functions but non-virtual destructor
/Code/boost_1_33_1/libs/type_traits/test/test.hpp:356: warning: 'struct polymorphic_derived2' has virtual functions but non-virtual destructor
</pre>
<h3>Run output:</h3><pre>
/Code/boost_1_33_1/libs/type_traits/test/has_trivial_constr_test.cpp:153: &lt;note&gt;The expression: "::boost::has_trivial_constructor&lt;empty_POD_UDT&gt;::value" did not have the value we wish it to have (found 0, expected 1)&lt;/note&gt;
/Code/boost_1_33_1/libs/type_traits/test/has_trivial_constr_test.cpp:154: &lt;note&gt;The expression: "::boost::has_trivial_constructor&lt;POD_UDT&gt;::value" did not have the value we wish it to have (found 0, expected 1)&lt;/note&gt;
/Code/boost_1_33_1/libs/type_traits/test/has_trivial_constr_test.cpp:155: &lt;note&gt;The expression: "::boost::has_trivial_constructor&lt;POD_union_UDT&gt;::value" did not have the value we wish it to have (found 0, expected 1)&lt;/note&gt;
/Code/boost_1_33_1/libs/type_traits/test/has_trivial_constr_test.cpp:156: &lt;note&gt;The expression: "::boost::has_trivial_constructor&lt;empty_POD_union_UDT&gt;::value" did not have the value we wish it to have (found 0, expected 1)&lt;/note&gt;

EXIT STATUS: 0
</pre>
<h2><a name="type_traits-is_same_test-gcc">type_traits - is_same_test - gcc</a></h2>
<h3>Compiler output:</h3><pre>
/Code/boost_1_33_1/libs/type_traits/test/test.hpp:325: warning: 'struct test_abc1' has virtual functions but non-virtual destructor
/Code/boost_1_33_1/libs/type_traits/test/test.hpp:334: warning: 'struct test_abc2' has virtual functions but non-virtual destructor
/Code/boost_1_33_1/libs/type_traits/test/test.hpp:340: warning: 'struct test_abc3' has virtual functions but non-virtual destructor
/Code/boost_1_33_1/libs/type_traits/test/test.hpp:347: warning: 'struct polymorphic_base' has virtual functions but non-virtual destructor
/Code/boost_1_33_1/libs/type_traits/test/test.hpp:352: warning: 'struct polymorphic_derived1' has virtual functions but non-virtual destructor
/Code/boost_1_33_1/libs/type_traits/test/test.hpp:356: warning: 'struct polymorphic_derived2' has virtual functions but non-virtual destructor
</pre>
<h2><a name="type_traits-is_reference_test-gcc">type_traits - is_reference_test - gcc</a></h2>
<h3>Compiler output:</h3><pre>
/Code/boost_1_33_1/libs/type_traits/test/test.hpp:325: warning: 'struct test_abc1' has virtual functions but non-virtual destructor
/Code/boost_1_33_1/libs/type_traits/test/test.hpp:334: warning: 'struct test_abc2' has virtual functions but non-virtual destructor
/Code/boost_1_33_1/libs/type_traits/test/test.hpp:340: warning: 'struct test_abc3' has virtual functions but non-virtual destructor
/Code/boost_1_33_1/libs/type_traits/test/test.hpp:347: warning: 'struct polymorphic_base' has virtual functions but non-virtual destructor
/Code/boost_1_33_1/libs/type_traits/test/test.hpp:352: warning: 'struct polymorphic_derived1' has virtual functions but non-virtual destructor
/Code/boost_1_33_1/libs/type_traits/test/test.hpp:356: warning: 'struct polymorphic_derived2' has virtual functions but non-virtual destructor
</pre>
<h2><a name="type_traits-remove_pointer_test-gcc">type_traits - remove_pointer_test - gcc</a></h2>
<h3>Compiler output:</h3><pre>
/Code/boost_1_33_1/libs/type_traits/test/test.hpp:325: warning: 'struct test_abc1' has virtual functions but non-virtual destructor
/Code/boost_1_33_1/libs/type_traits/test/test.hpp:334: warning: 'struct test_abc2' has virtual functions but non-virtual destructor
/Code/boost_1_33_1/libs/type_traits/test/test.hpp:340: warning: 'struct test_abc3' has virtual functions but non-virtual destructor
/Code/boost_1_33_1/libs/type_traits/test/test.hpp:347: warning: 'struct polymorphic_base' has virtual functions but non-virtual destructor
/Code/boost_1_33_1/libs/type_traits/test/test.hpp:352: warning: 'struct polymorphic_derived1' has virtual functions but non-virtual destructor
/Code/boost_1_33_1/libs/type_traits/test/test.hpp:356: warning: 'struct polymorphic_derived2' has virtual functions but non-virtual destructor
</pre>
<h2><a name="type_traits-add_pointer_test-gcc">type_traits - add_pointer_test - gcc</a></h2>
<h3>Compiler output:</h3><pre>
/Code/boost_1_33_1/libs/type_traits/test/test.hpp:325: warning: 'struct test_abc1' has virtual functions but non-virtual destructor
/Code/boost_1_33_1/libs/type_traits/test/test.hpp:334: warning: 'struct test_abc2' has virtual functions but non-virtual destructor
/Code/boost_1_33_1/libs/type_traits/test/test.hpp:340: warning: 'struct test_abc3' has virtual functions but non-virtual destructor
/Code/boost_1_33_1/libs/type_traits/test/test.hpp:347: warning: 'struct polymorphic_base' has virtual functions but non-virtual destructor
/Code/boost_1_33_1/libs/type_traits/test/test.hpp:352: warning: 'struct polymorphic_derived1' has virtual functions but non-virtual destructor
/Code/boost_1_33_1/libs/type_traits/test/test.hpp:356: warning: 'struct polymorphic_derived2' has virtual functions but non-virtual destructor
</pre>
<h2><a name="type_traits-tricky_add_pointer_test-gcc">type_traits - tricky_add_pointer_test - gcc</a></h2>
<h3>Compiler output:</h3><pre>
/Code/boost_1_33_1/libs/type_traits/test/test.hpp:325: warning: 'struct test_abc1' has virtual functions but non-virtual destructor
/Code/boost_1_33_1/libs/type_traits/test/test.hpp:334: warning: 'struct test_abc2' has virtual functions but non-virtual destructor
/Code/boost_1_33_1/libs/type_traits/test/test.hpp:340: warning: 'struct test_abc3' has virtual functions but non-virtual destructor
/Code/boost_1_33_1/libs/type_traits/test/test.hpp:347: warning: 'struct polymorphic_base' has virtual functions but non-virtual destructor
/Code/boost_1_33_1/libs/type_traits/test/test.hpp:352: warning: 'struct polymorphic_derived1' has virtual functions but non-virtual destructor
/Code/boost_1_33_1/libs/type_traits/test/test.hpp:356: warning: 'struct polymorphic_derived2' has virtual functions but non-virtual destructor
</pre>
<h2><a name="type_traits-is_arithmetic_test-gcc">type_traits - is_arithmetic_test - gcc</a></h2>
<h3>Compiler output:</h3><pre>
/Code/boost_1_33_1/libs/type_traits/test/test.hpp:325: warning: 'struct test_abc1' has virtual functions but non-virtual destructor
/Code/boost_1_33_1/libs/type_traits/test/test.hpp:334: warning: 'struct test_abc2' has virtual functions but non-virtual destructor
/Code/boost_1_33_1/libs/type_traits/test/test.hpp:340: warning: 'struct test_abc3' has virtual functions but non-virtual destructor
/Code/boost_1_33_1/libs/type_traits/test/test.hpp:347: warning: 'struct polymorphic_base' has virtual functions but non-virtual destructor
/Code/boost_1_33_1/libs/type_traits/test/test.hpp:352: warning: 'struct polymorphic_derived1' has virtual functions but non-virtual destructor
/Code/boost_1_33_1/libs/type_traits/test/test.hpp:356: warning: 'struct polymorphic_derived2' has virtual functions but non-virtual destructor
</pre>
<h2><a name="type_traits-is_function_test-gcc">type_traits - is_function_test - gcc</a></h2>
<h3>Compiler output:</h3><pre>
/Code/boost_1_33_1/libs/type_traits/test/test.hpp:325: warning: 'struct test_abc1' has virtual functions but non-virtual destructor
/Code/boost_1_33_1/libs/type_traits/test/test.hpp:334: warning: 'struct test_abc2' has virtual functions but non-virtual destructor
/Code/boost_1_33_1/libs/type_traits/test/test.hpp:340: warning: 'struct test_abc3' has virtual functions but non-virtual destructor
/Code/boost_1_33_1/libs/type_traits/test/test.hpp:347: warning: 'struct polymorphic_base' has virtual functions but non-virtual destructor
/Code/boost_1_33_1/libs/type_traits/test/test.hpp:352: warning: 'struct polymorphic_derived1' has virtual functions but non-virtual destructor
/Code/boost_1_33_1/libs/type_traits/test/test.hpp:356: warning: 'struct polymorphic_derived2' has virtual functions but non-virtual destructor
</pre>
<h2><a name="type_traits-function_traits_test-gcc">type_traits - function_traits_test - gcc</a></h2>
<h3>Compiler output:</h3><pre>
/Code/boost_1_33_1/libs/type_traits/test/test.hpp:325: warning: 'struct test_abc1' has virtual functions but non-virtual destructor
/Code/boost_1_33_1/libs/type_traits/test/test.hpp:334: warning: 'struct test_abc2' has virtual functions but non-virtual destructor
/Code/boost_1_33_1/libs/type_traits/test/test.hpp:340: warning: 'struct test_abc3' has virtual functions but non-virtual destructor
/Code/boost_1_33_1/libs/type_traits/test/test.hpp:347: warning: 'struct polymorphic_base' has virtual functions but non-virtual destructor
/Code/boost_1_33_1/libs/type_traits/test/test.hpp:352: warning: 'struct polymorphic_derived1' has virtual functions but non-virtual destructor
/Code/boost_1_33_1/libs/type_traits/test/test.hpp:356: warning: 'struct polymorphic_derived2' has virtual functions but non-virtual destructor
</pre>
<h2><a name="type_traits-is_member_obj_test-gcc">type_traits - is_member_obj_test - gcc</a></h2>
<h3>Compiler output:</h3><pre>
/Code/boost_1_33_1/libs/type_traits/test/test.hpp:325: warning: 'struct test_abc1' has virtual functions but non-virtual destructor
/Code/boost_1_33_1/libs/type_traits/test/test.hpp:334: warning: 'struct test_abc2' has virtual functions but non-virtual destructor
/Code/boost_1_33_1/libs/type_traits/test/test.hpp:340: warning: 'struct test_abc3' has virtual functions but non-virtual destructor
/Code/boost_1_33_1/libs/type_traits/test/test.hpp:347: warning: 'struct polymorphic_base' has virtual functions but non-virtual destructor
/Code/boost_1_33_1/libs/type_traits/test/test.hpp:352: warning: 'struct polymorphic_derived1' has virtual functions but non-virtual destructor
/Code/boost_1_33_1/libs/type_traits/test/test.hpp:356: warning: 'struct polymorphic_derived2' has virtual functions but non-virtual destructor
</pre>
<h2><a name="type_traits-extent_test-gcc">type_traits - extent_test - gcc</a></h2>
<h3>Compiler output:</h3><pre>
/Code/boost_1_33_1/libs/type_traits/test/test.hpp:325: warning: 'struct test_abc1' has virtual functions but non-virtual destructor
/Code/boost_1_33_1/libs/type_traits/test/test.hpp:334: warning: 'struct test_abc2' has virtual functions but non-virtual destructor
/Code/boost_1_33_1/libs/type_traits/test/test.hpp:340: warning: 'struct test_abc3' has virtual functions but non-virtual destructor
/Code/boost_1_33_1/libs/type_traits/test/test.hpp:347: warning: 'struct polymorphic_base' has virtual functions but non-virtual destructor
/Code/boost_1_33_1/libs/type_traits/test/test.hpp:352: warning: 'struct polymorphic_derived1' has virtual functions but non-virtual destructor
/Code/boost_1_33_1/libs/type_traits/test/test.hpp:356: warning: 'struct polymorphic_derived2' has virtual functions but non-virtual destructor
</pre>
<h2><a name="type_traits-has_nothrow_constr_test-gcc">type_traits - has_nothrow_constr_test - gcc</a></h2>
<h3>Compiler output:</h3><pre>
/Code/boost_1_33_1/libs/type_traits/test/test.hpp:325: warning: 'struct test_abc1' has virtual functions but non-virtual destructor
/Code/boost_1_33_1/libs/type_traits/test/test.hpp:334: warning: 'struct test_abc2' has virtual functions but non-virtual destructor
/Code/boost_1_33_1/libs/type_traits/test/test.hpp:340: warning: 'struct test_abc3' has virtual functions but non-virtual destructor
/Code/boost_1_33_1/libs/type_traits/test/test.hpp:347: warning: 'struct polymorphic_base' has virtual functions but non-virtual destructor
/Code/boost_1_33_1/libs/type_traits/test/test.hpp:352: warning: 'struct polymorphic_derived1' has virtual functions but non-virtual destructor
/Code/boost_1_33_1/libs/type_traits/test/test.hpp:356: warning: 'struct polymorphic_derived2' has virtual functions but non-virtual destructor
</pre>
<h3>Run output:</h3><pre>
/Code/boost_1_33_1/libs/type_traits/test/has_nothrow_constr_test.cpp:153: &lt;note&gt;The expression: "::boost::has_nothrow_constructor&lt;empty_POD_UDT&gt;::value" did not have the value we wish it to have (found 0, expected 1)&lt;/note&gt;
/Code/boost_1_33_1/libs/type_traits/test/has_nothrow_constr_test.cpp:154: &lt;note&gt;The expression: "::boost::has_nothrow_constructor&lt;POD_UDT&gt;::value" did not have the value we wish it to have (found 0, expected 1)&lt;/note&gt;
/Code/boost_1_33_1/libs/type_traits/test/has_nothrow_constr_test.cpp:155: &lt;note&gt;The expression: "::boost::has_nothrow_constructor&lt;POD_union_UDT&gt;::value" did not have the value we wish it to have (found 0, expected 1)&lt;/note&gt;
/Code/boost_1_33_1/libs/type_traits/test/has_nothrow_constr_test.cpp:156: &lt;note&gt;The expression: "::boost::has_nothrow_constructor&lt;empty_POD_union_UDT&gt;::value" did not have the value we wish it to have (found 0, expected 1)&lt;/note&gt;
/Code/boost_1_33_1/libs/type_traits/test/has_nothrow_constr_test.cpp:157: &lt;note&gt;The expression: "::boost::has_nothrow_constructor&lt;nothrow_construct_UDT&gt;::value" did not have the value we wish it to have (found 0, expected 1)&lt;/note&gt;

EXIT STATUS: 0
</pre>
<h2><a name="type_traits-remove_all_extents_test-gcc">type_traits - remove_all_extents_test - gcc</a></h2>
<h3>Compiler output:</h3><pre>
/Code/boost_1_33_1/libs/type_traits/test/test.hpp:325: warning: 'struct test_abc1' has virtual functions but non-virtual destructor
/Code/boost_1_33_1/libs/type_traits/test/test.hpp:334: warning: 'struct test_abc2' has virtual functions but non-virtual destructor
/Code/boost_1_33_1/libs/type_traits/test/test.hpp:340: warning: 'struct test_abc3' has virtual functions but non-virtual destructor
/Code/boost_1_33_1/libs/type_traits/test/test.hpp:347: warning: 'struct polymorphic_base' has virtual functions but non-virtual destructor
/Code/boost_1_33_1/libs/type_traits/test/test.hpp:352: warning: 'struct polymorphic_derived1' has virtual functions but non-virtual destructor
/Code/boost_1_33_1/libs/type_traits/test/test.hpp:356: warning: 'struct polymorphic_derived2' has virtual functions but non-virtual destructor
</pre>
<h2><a name="type_traits-is_array_test-gcc">type_traits - is_array_test - gcc</a></h2>
<h3>Compiler output:</h3><pre>
/Code/boost_1_33_1/libs/type_traits/test/test.hpp:325: warning: 'struct test_abc1' has virtual functions but non-virtual destructor
/Code/boost_1_33_1/libs/type_traits/test/test.hpp:334: warning: 'struct test_abc2' has virtual functions but non-virtual destructor
/Code/boost_1_33_1/libs/type_traits/test/test.hpp:340: warning: 'struct test_abc3' has virtual functions but non-virtual destructor
/Code/boost_1_33_1/libs/type_traits/test/test.hpp:347: warning: 'struct polymorphic_base' has virtual functions but non-virtual destructor
/Code/boost_1_33_1/libs/type_traits/test/test.hpp:352: warning: 'struct polymorphic_derived1' has virtual functions but non-virtual destructor
/Code/boost_1_33_1/libs/type_traits/test/test.hpp:356: warning: 'struct polymorphic_derived2' has virtual functions but non-virtual destructor
</pre>
<h2><a name="type_traits-remove_bounds_test-gcc">type_traits - remove_bounds_test - gcc</a></h2>
<h3>Compiler output:</h3><pre>
/Code/boost_1_33_1/libs/type_traits/test/test.hpp:325: warning: 'struct test_abc1' has virtual functions but non-virtual destructor
/Code/boost_1_33_1/libs/type_traits/test/test.hpp:334: warning: 'struct test_abc2' has virtual functions but non-virtual destructor
/Code/boost_1_33_1/libs/type_traits/test/test.hpp:340: warning: 'struct test_abc3' has virtual functions but non-virtual destructor
/Code/boost_1_33_1/libs/type_traits/test/test.hpp:347: warning: 'struct polymorphic_base' has virtual functions but non-virtual destructor
/Code/boost_1_33_1/libs/type_traits/test/test.hpp:352: warning: 'struct polymorphic_derived1' has virtual functions but non-virtual destructor
/Code/boost_1_33_1/libs/type_traits/test/test.hpp:356: warning: 'struct polymorphic_derived2' has virtual functions but non-virtual destructor
</pre>
<h2><a name="type_traits-has_virtual_destructor_test-gcc">type_traits - has_virtual_destructor_test - gcc</a></h2>
<h3>Compiler output:</h3><pre>
/Code/boost_1_33_1/libs/type_traits/test/test.hpp:325: warning: 'struct test_abc1' has virtual functions but non-virtual destructor
/Code/boost_1_33_1/libs/type_traits/test/test.hpp:334: warning: 'struct test_abc2' has virtual functions but non-virtual destructor
/Code/boost_1_33_1/libs/type_traits/test/test.hpp:340: warning: 'struct test_abc3' has virtual functions but non-virtual destructor
/Code/boost_1_33_1/libs/type_traits/test/test.hpp:347: warning: 'struct polymorphic_base' has virtual functions but non-virtual destructor
/Code/boost_1_33_1/libs/type_traits/test/test.hpp:352: warning: 'struct polymorphic_derived1' has virtual functions but non-virtual destructor
/Code/boost_1_33_1/libs/type_traits/test/test.hpp:356: warning: 'struct polymorphic_derived2' has virtual functions but non-virtual destructor
</pre>
<h3>Run output:</h3><pre>
/Code/boost_1_33_1/libs/type_traits/test/has_virtual_destructor_test.cpp:39: &lt;note&gt;The expression: "::boost::has_virtual_destructor&lt;VB&gt;::value" did not have the value we wish it to have (found 0, expected 1)&lt;/note&gt;
/Code/boost_1_33_1/libs/type_traits/test/has_virtual_destructor_test.cpp:40: &lt;note&gt;The expression: "::boost::has_virtual_destructor&lt;VD&gt;::value" did not have the value we wish it to have (found 0, expected 1)&lt;/note&gt;
/Code/boost_1_33_1/libs/type_traits/test/has_virtual_destructor_test.cpp:44: &lt;note&gt;The expression: "::boost::has_virtual_destructor&lt;std::iostream&gt;::value" did not have the value we wish it to have (found 0, expected 1)&lt;/note&gt;
/Code/boost_1_33_1/libs/type_traits/test/has_virtual_destructor_test.cpp:45: &lt;note&gt;The expression: "::boost::has_virtual_destructor&lt;std::basic_streambuf&lt;char&gt; &gt;::value" did not have the value we wish it to have (found 0, expected 1)&lt;/note&gt;
/Code/boost_1_33_1/libs/type_traits/test/has_virtual_destructor_test.cpp:46: &lt;note&gt;The expression: "::boost::has_virtual_destructor&lt;std::basic_ios&lt;char&gt; &gt;::value" did not have the value we wish it to have (found 0, expected 1)&lt;/note&gt;
/Code/boost_1_33_1/libs/type_traits/test/has_virtual_destructor_test.cpp:47: &lt;note&gt;The expression: "::boost::has_virtual_destructor&lt;std::basic_istream&lt;char&gt; &gt;::value" did not have the value we wish it to have (found 0, expected 1)&lt;/note&gt;
/Code/boost_1_33_1/libs/type_traits/test/has_virtual_destructor_test.cpp:48: &lt;note&gt;The expression: "::boost::has_virtual_destructor&lt;std::basic_streambuf&lt;char&gt; &gt;::value" did not have the value we wish it to have (found 0, expected 1)&lt;/note&gt;
/Code/boost_1_33_1/libs/type_traits/test/has_virtual_destructor_test.cpp:50: &lt;note&gt;The expression: "::boost::has_virtual_destructor&lt;std::exception&gt;::value" did not have the value we wish it to have (found 0, expected 1)&lt;/note&gt;
/Code/boost_1_33_1/libs/type_traits/test/has_virtual_destructor_test.cpp:51: &lt;note&gt;The expression: "::boost::has_virtual_destructor&lt;std::bad_alloc&gt;::value" did not have the value we wish it to have (found 0, expected 1)&lt;/note&gt;
/Code/boost_1_33_1/libs/type_traits/test/has_virtual_destructor_test.cpp:52: &lt;note&gt;The expression: "::boost::has_virtual_destructor&lt;std::runtime_error&gt;::value" did not have the value we wish it to have (found 0, expected 1)&lt;/note&gt;
/Code/boost_1_33_1/libs/type_traits/test/has_virtual_destructor_test.cpp:53: &lt;note&gt;The expression: "::boost::has_virtual_destructor&lt;std::out_of_range&gt;::value" did not have the value we wish it to have (found 0, expected 1)&lt;/note&gt;
/Code/boost_1_33_1/libs/type_traits/test/has_virtual_destructor_test.cpp:54: &lt;note&gt;The expression: "::boost::has_virtual_destructor&lt;std::range_error&gt;::value" did not have the value we wish it to have (found 0, expected 1)&lt;/note&gt;

EXIT STATUS: 0
</pre>
<h2><a name="type_traits-is_unsigned_test-gcc">type_traits - is_unsigned_test - gcc</a></h2>
<h3>Compiler output:</h3><pre>
/Code/boost_1_33_1/libs/type_traits/test/test.hpp:325: warning: 'struct test_abc1' has virtual functions but non-virtual destructor
/Code/boost_1_33_1/libs/type_traits/test/test.hpp:334: warning: 'struct test_abc2' has virtual functions but non-virtual destructor
/Code/boost_1_33_1/libs/type_traits/test/test.hpp:340: warning: 'struct test_abc3' has virtual functions but non-virtual destructor
/Code/boost_1_33_1/libs/type_traits/test/test.hpp:347: warning: 'struct polymorphic_base' has virtual functions but non-virtual destructor
/Code/boost_1_33_1/libs/type_traits/test/test.hpp:352: warning: 'struct polymorphic_derived1' has virtual functions but non-virtual destructor
/Code/boost_1_33_1/libs/type_traits/test/test.hpp:356: warning: 'struct polymorphic_derived2' has virtual functions but non-virtual destructor
</pre>
<h2><a name="type_traits-tricky_partial_spec_test-gcc">type_traits - tricky_partial_spec_test - gcc</a></h2>
<h3>Compiler output:</h3><pre>
/Code/boost_1_33_1/libs/type_traits/test/test.hpp:325: warning: 'struct test_abc1' has virtual functions but non-virtual destructor
/Code/boost_1_33_1/libs/type_traits/test/test.hpp:334: warning: 'struct test_abc2' has virtual functions but non-virtual destructor
/Code/boost_1_33_1/libs/type_traits/test/test.hpp:340: warning: 'struct test_abc3' has virtual functions but non-virtual destructor
/Code/boost_1_33_1/libs/type_traits/test/test.hpp:347: warning: 'struct polymorphic_base' has virtual functions but non-virtual destructor
/Code/boost_1_33_1/libs/type_traits/test/test.hpp:352: warning: 'struct polymorphic_derived1' has virtual functions but non-virtual destructor
/Code/boost_1_33_1/libs/type_traits/test/test.hpp:356: warning: 'struct polymorphic_derived2' has virtual functions but non-virtual destructor
/Code/boost_1_33_1/boost/type_traits/is_polymorphic.hpp: In instantiation of 'boost::detail::is_polymorphic_imp1&lt;const test_abc1&gt;::d1':
/Code/boost_1_33_1/boost/type_traits/is_polymorphic.hpp:48:   instantiated from 'const bool boost::detail::is_polymorphic_imp1&lt;const test_abc1&gt;::value'
/Code/boost_1_33_1/boost/type_traits/is_polymorphic.hpp:83:   instantiated from 'const bool boost::detail::is_polymorphic_imp&lt;const test_abc1&gt;::value'
/Code/boost_1_33_1/boost/type_traits/is_polymorphic.hpp:88:   instantiated from 'boost::is_polymorphic&lt;const test_abc1&gt;'
/Code/boost_1_33_1/libs/type_traits/test/tricky_partial_spec_test.cpp:75:   instantiated from here
/Code/boost_1_33_1/boost/type_traits/is_polymorphic.hpp:28: warning: 'struct boost::detail::is_polymorphic_imp1&lt;const test_abc1&gt;::d1' has virtual functions but non-virtual destructor
/Code/boost_1_33_1/boost/type_traits/is_polymorphic.hpp: In instantiation of 'boost::detail::is_polymorphic_imp1&lt;volatile test_abc2&gt;::d1':
/Code/boost_1_33_1/boost/type_traits/is_polymorphic.hpp:48:   instantiated from 'const bool boost::detail::is_polymorphic_imp1&lt;volatile test_abc2&gt;::value'
/Code/boost_1_33_1/boost/type_traits/is_polymorphic.hpp:83:   instantiated from 'const bool boost::detail::is_polymorphic_imp&lt;volatile test_abc2&gt;::value'
/Code/boost_1_33_1/boost/type_traits/is_polymorphic.hpp:88:   instantiated from 'boost::is_polymorphic&lt;volatile test_abc2&gt;'
/Code/boost_1_33_1/libs/type_traits/test/tricky_partial_spec_test.cpp:76:   instantiated from here
/Code/boost_1_33_1/boost/type_traits/is_polymorphic.hpp:28: warning: 'struct boost::detail::is_polymorphic_imp1&lt;volatile test_abc2&gt;::d1' has virtual functions but non-virtual destructor
</pre>
<h2><a name="type_traits-is_convertible_test-gcc">type_traits - is_convertible_test - gcc</a></h2>
<h3>Compiler output:</h3><pre>
/Code/boost_1_33_1/libs/type_traits/test/test.hpp:325: warning: 'struct test_abc1' has virtual functions but non-virtual destructor
/Code/boost_1_33_1/libs/type_traits/test/test.hpp:334: warning: 'struct test_abc2' has virtual functions but non-virtual destructor
/Code/boost_1_33_1/libs/type_traits/test/test.hpp:340: warning: 'struct test_abc3' has virtual functions but non-virtual destructor
/Code/boost_1_33_1/libs/type_traits/test/test.hpp:347: warning: 'struct polymorphic_base' has virtual functions but non-virtual destructor
/Code/boost_1_33_1/libs/type_traits/test/test.hpp:352: warning: 'struct polymorphic_derived1' has virtual functions but non-virtual destructor
/Code/boost_1_33_1/libs/type_traits/test/test.hpp:356: warning: 'struct polymorphic_derived2' has virtual functions but non-virtual destructor
/Code/boost_1_33_1/boost/type_traits/is_convertible.hpp: In instantiation of 'const bool boost::detail::is_convertible_basic_impl&lt;float&amp;, convertible_from&lt;char&gt; &gt;::value':
/Code/boost_1_33_1/boost/type_traits/is_convertible.hpp:228:   instantiated from 'const bool boost::detail::is_convertible_impl&lt;float, convertible_from&lt;char&gt; &gt;::value'
/Code/boost_1_33_1/boost/type_traits/is_convertible.hpp:348:   instantiated from 'boost::is_convertible&lt;float, convertible_from&lt;char&gt; &gt;'
/Code/boost_1_33_1/libs/type_traits/test/is_convertible_test.cpp:96:   instantiated from here
/Code/boost_1_33_1/boost/type_traits/is_convertible.hpp:128: warning: passing 'float' for argument 1 to 'convertible_from&lt;T&gt;::convertible_from(T) [with T = char]'
/Code/boost_1_33_1/boost/type_traits/is_convertible.hpp: In instantiation of 'const bool boost::detail::is_convertible_basic_impl&lt;float&amp;, convertible_from&lt;const char&amp;&gt; &gt;::value':
/Code/boost_1_33_1/boost/type_traits/is_convertible.hpp:228:   instantiated from 'const bool boost::detail::is_convertible_impl&lt;float, convertible_from&lt;const char&amp;&gt; &gt;::value'
/Code/boost_1_33_1/boost/type_traits/is_convertible.hpp:348:   instantiated from 'boost::is_convertible&lt;float, convertible_from&lt;const char&amp;&gt; &gt;'
/Code/boost_1_33_1/libs/type_traits/test/is_convertible_test.cpp:97:   instantiated from here
/Code/boost_1_33_1/boost/type_traits/is_convertible.hpp:128: warning: passing 'float' for argument 1 to 'convertible_from&lt;T&gt;::convertible_from(T) [with T = const char&amp;]'
</pre>
<h2><a name="type_traits-is_float_test-gcc">type_traits - is_float_test - gcc</a></h2>
<h3>Compiler output:</h3><pre>
/Code/boost_1_33_1/libs/type_traits/test/test.hpp:325: warning: 'struct test_abc1' has virtual functions but non-virtual destructor
/Code/boost_1_33_1/libs/type_traits/test/test.hpp:334: warning: 'struct test_abc2' has virtual functions but non-virtual destructor
/Code/boost_1_33_1/libs/type_traits/test/test.hpp:340: warning: 'struct test_abc3' has virtual functions but non-virtual destructor
/Code/boost_1_33_1/libs/type_traits/test/test.hpp:347: warning: 'struct polymorphic_base' has virtual functions but non-virtual destructor
/Code/boost_1_33_1/libs/type_traits/test/test.hpp:352: warning: 'struct polymorphic_derived1' has virtual functions but non-virtual destructor
/Code/boost_1_33_1/libs/type_traits/test/test.hpp:356: warning: 'struct polymorphic_derived2' has virtual functions but non-virtual destructor
</pre>
<h2><a name="type_traits-tricky_function_type_test-gcc">type_traits - tricky_function_type_test - gcc</a></h2>
<h3>Compiler output:</h3><pre>
/Code/boost_1_33_1/libs/type_traits/test/test.hpp:325: warning: 'struct test_abc1' has virtual functions but non-virtual destructor
/Code/boost_1_33_1/libs/type_traits/test/test.hpp:334: warning: 'struct test_abc2' has virtual functions but non-virtual destructor
/Code/boost_1_33_1/libs/type_traits/test/test.hpp:340: warning: 'struct test_abc3' has virtual functions but non-virtual destructor
/Code/boost_1_33_1/libs/type_traits/test/test.hpp:347: warning: 'struct polymorphic_base' has virtual functions but non-virtual destructor
/Code/boost_1_33_1/libs/type_traits/test/test.hpp:352: warning: 'struct polymorphic_derived1' has virtual functions but non-virtual destructor
/Code/boost_1_33_1/libs/type_traits/test/test.hpp:356: warning: 'struct polymorphic_derived2' has virtual functions but non-virtual destructor
</pre>
<h2><a name="type_traits-remove_reference_test-gcc">type_traits - remove_reference_test - gcc</a></h2>
<h3>Compiler output:</h3><pre>
/Code/boost_1_33_1/libs/type_traits/test/test.hpp:325: warning: 'struct test_abc1' has virtual functions but non-virtual destructor
/Code/boost_1_33_1/libs/type_traits/test/test.hpp:334: warning: 'struct test_abc2' has virtual functions but non-virtual destructor
/Code/boost_1_33_1/libs/type_traits/test/test.hpp:340: warning: 'struct test_abc3' has virtual functions but non-virtual destructor
/Code/boost_1_33_1/libs/type_traits/test/test.hpp:347: warning: 'struct polymorphic_base' has virtual functions but non-virtual destructor
/Code/boost_1_33_1/libs/type_traits/test/test.hpp:352: warning: 'struct polymorphic_derived1' has virtual functions but non-virtual destructor
/Code/boost_1_33_1/libs/type_traits/test/test.hpp:356: warning: 'struct polymorphic_derived2' has virtual functions but non-virtual destructor
</pre>
<h2><a name="type_traits-is_enum_test-gcc">type_traits - is_enum_test - gcc</a></h2>
<h3>Compiler output:</h3><pre>
/Code/boost_1_33_1/libs/type_traits/test/test.hpp:325: warning: 'struct test_abc1' has virtual functions but non-virtual destructor
/Code/boost_1_33_1/libs/type_traits/test/test.hpp:334: warning: 'struct test_abc2' has virtual functions but non-virtual destructor
/Code/boost_1_33_1/libs/type_traits/test/test.hpp:340: warning: 'struct test_abc3' has virtual functions but non-virtual destructor
/Code/boost_1_33_1/libs/type_traits/test/test.hpp:347: warning: 'struct polymorphic_base' has virtual functions but non-virtual destructor
/Code/boost_1_33_1/libs/type_traits/test/test.hpp:352: warning: 'struct polymorphic_derived1' has virtual functions but non-virtual destructor
/Code/boost_1_33_1/libs/type_traits/test/test.hpp:356: warning: 'struct polymorphic_derived2' has virtual functions but non-virtual destructor
</pre>
<h2><a name="type_traits-is_base_of_test-gcc">type_traits - is_base_of_test - gcc</a></h2>
<h3>Compiler output:</h3><pre>
/Code/boost_1_33_1/libs/type_traits/test/test.hpp:325: warning: 'struct test_abc1' has virtual functions but non-virtual destructor
/Code/boost_1_33_1/libs/type_traits/test/test.hpp:334: warning: 'struct test_abc2' has virtual functions but non-virtual destructor
/Code/boost_1_33_1/libs/type_traits/test/test.hpp:340: warning: 'struct test_abc3' has virtual functions but non-virtual destructor
/Code/boost_1_33_1/libs/type_traits/test/test.hpp:347: warning: 'struct polymorphic_base' has virtual functions but non-virtual destructor
/Code/boost_1_33_1/libs/type_traits/test/test.hpp:352: warning: 'struct polymorphic_derived1' has virtual functions but non-virtual destructor
/Code/boost_1_33_1/libs/type_traits/test/test.hpp:356: warning: 'struct polymorphic_derived2' has virtual functions but non-virtual destructor
</pre>
<h2><a name="type_traits-is_const_test-gcc">type_traits - is_const_test - gcc</a></h2>
<h3>Compiler output:</h3><pre>
/Code/boost_1_33_1/libs/type_traits/test/test.hpp:325: warning: 'struct test_abc1' has virtual functions but non-virtual destructor
/Code/boost_1_33_1/libs/type_traits/test/test.hpp:334: warning: 'struct test_abc2' has virtual functions but non-virtual destructor
/Code/boost_1_33_1/libs/type_traits/test/test.hpp:340: warning: 'struct test_abc3' has virtual functions but non-virtual destructor
/Code/boost_1_33_1/libs/type_traits/test/test.hpp:347: warning: 'struct polymorphic_base' has virtual functions but non-virtual destructor
/Code/boost_1_33_1/libs/type_traits/test/test.hpp:352: warning: 'struct polymorphic_derived1' has virtual functions but non-virtual destructor
/Code/boost_1_33_1/libs/type_traits/test/test.hpp:356: warning: 'struct polymorphic_derived2' has virtual functions but non-virtual destructor
</pre>
<h2><a name="type_traits-remove_extent_test-gcc">type_traits - remove_extent_test - gcc</a></h2>
<h3>Compiler output:</h3><pre>
/Code/boost_1_33_1/libs/type_traits/test/test.hpp:325: warning: 'struct test_abc1' has virtual functions but non-virtual destructor
/Code/boost_1_33_1/libs/type_traits/test/test.hpp:334: warning: 'struct test_abc2' has virtual functions but non-virtual destructor
/Code/boost_1_33_1/libs/type_traits/test/test.hpp:340: warning: 'struct test_abc3' has virtual functions but non-virtual destructor
/Code/boost_1_33_1/libs/type_traits/test/test.hpp:347: warning: 'struct polymorphic_base' has virtual functions but non-virtual destructor
/Code/boost_1_33_1/libs/type_traits/test/test.hpp:352: warning: 'struct polymorphic_derived1' has virtual functions but non-virtual destructor
/Code/boost_1_33_1/libs/type_traits/test/test.hpp:356: warning: 'struct polymorphic_derived2' has virtual functions but non-virtual destructor
</pre>
<h2><a name="type_traits-is_abstract_test-gcc">type_traits - is_abstract_test - gcc</a></h2>
<h3>Compiler output:</h3><pre>
/Code/boost_1_33_1/libs/type_traits/test/test.hpp:325: warning: 'struct test_abc1' has virtual functions but non-virtual destructor
/Code/boost_1_33_1/libs/type_traits/test/test.hpp:334: warning: 'struct test_abc2' has virtual functions but non-virtual destructor
/Code/boost_1_33_1/libs/type_traits/test/test.hpp:340: warning: 'struct test_abc3' has virtual functions but non-virtual destructor
/Code/boost_1_33_1/libs/type_traits/test/test.hpp:347: warning: 'struct polymorphic_base' has virtual functions but non-virtual destructor
/Code/boost_1_33_1/libs/type_traits/test/test.hpp:352: warning: 'struct polymorphic_derived1' has virtual functions but non-virtual destructor
/Code/boost_1_33_1/libs/type_traits/test/test.hpp:356: warning: 'struct polymorphic_derived2' has virtual functions but non-virtual destructor
/Code/boost_1_33_1/libs/type_traits/test/is_abstract_test.cpp:18: warning: 'struct TestB' has virtual functions but non-virtual destructor
/Code/boost_1_33_1/libs/type_traits/test/is_abstract_test.cpp:19: warning: 'struct TestC' has virtual functions but non-virtual destructor
/Code/boost_1_33_1/libs/type_traits/test/is_abstract_test.cpp:21: warning: 'struct TestE' has virtual functions but non-virtual destructor
/Code/boost_1_33_1/libs/type_traits/test/is_abstract_test.cpp:22: warning: 'struct TestF' has virtual functions but non-virtual destructor
/Code/boost_1_33_1/libs/type_traits/test/is_abstract_test.cpp:23: warning: 'struct TestG' has virtual functions but non-virtual destructor
/Code/boost_1_33_1/libs/type_traits/test/is_abstract_test.cpp:24: warning: 'struct TestH' has virtual functions but non-virtual destructor
/Code/boost_1_33_1/libs/type_traits/test/is_abstract_test.cpp:25: warning: 'struct TestI' has virtual functions but non-virtual destructor
/Code/boost_1_33_1/libs/type_traits/test/is_abstract_test.cpp:26: warning: 'struct TestJ' has virtual functions but non-virtual destructor
/Code/boost_1_33_1/libs/type_traits/test/is_abstract_test.cpp:27: warning: 'struct TestK' has virtual functions but non-virtual destructor
/Code/boost_1_33_1/libs/type_traits/test/is_abstract_test.cpp:28: warning: 'struct TestL' has virtual functions but non-virtual destructor
/Code/boost_1_33_1/libs/type_traits/test/is_abstract_test.cpp:29: warning: 'struct TestM' has virtual functions but non-virtual destructor
/Code/boost_1_33_1/libs/type_traits/test/is_abstract_test.cpp:30: warning: 'struct TestN' has virtual functions but non-virtual destructor
/Code/boost_1_33_1/libs/type_traits/test/is_abstract_test.cpp:31: warning: 'struct TestO' has virtual functions but non-virtual destructor
/Code/boost_1_33_1/libs/type_traits/test/is_abstract_test.cpp:32: warning: 'struct TestP' has virtual functions but non-virtual destructor
/Code/boost_1_33_1/libs/type_traits/test/is_abstract_test.cpp:33: warning: 'struct TestQ' has virtual functions but non-virtual destructor
/Code/boost_1_33_1/libs/type_traits/test/is_abstract_test.cpp:34: warning: 'struct TestR' has virtual functions but non-virtual destructor
/Code/boost_1_33_1/libs/type_traits/test/is_abstract_test.cpp:35: warning: 'struct TestS' has virtual functions but non-virtual destructor
/Code/boost_1_33_1/libs/type_traits/test/is_abstract_test.cpp:39: warning: 'struct TestW' has virtual functions but non-virtual destructor
/Code/boost_1_33_1/libs/type_traits/test/is_abstract_test.cpp:40: warning: 'struct TestX' has virtual functions but non-virtual destructor
/Code/boost_1_33_1/libs/type_traits/test/is_abstract_test.cpp:45: warning: 'struct TestAC' has virtual functions but non-virtual destructor
/Code/boost_1_33_1/libs/type_traits/test/is_abstract_test.cpp:46: warning: 'struct TestAD' has virtual functions but non-virtual destructor
/Code/boost_1_33_1/libs/type_traits/test/is_abstract_test.cpp:47: warning: 'struct TestAE' has virtual functions but non-virtual destructor
/Code/boost_1_33_1/libs/type_traits/test/is_abstract_test.cpp:48: warning: 'struct TestAF' has virtual functions but non-virtual destructor
/Code/boost_1_33_1/libs/type_traits/test/is_abstract_test.cpp: In instantiation of 'TTestB&lt;int&gt;':
/Code/boost_1_33_1/boost/type_traits/is_abstract.hpp:81:   instantiated from 'boost::detail::is_abstract_imp2&lt;TTestB&lt;int&gt; &gt;'
/Code/boost_1_33_1/boost/type_traits/is_abstract.hpp:121:   instantiated from 'const bool boost::detail::is_abstract_imp&lt;TTestB&lt;int&gt; &gt;::value'
/Code/boost_1_33_1/boost/type_traits/is_abstract.hpp:128:   instantiated from 'boost::is_abstract&lt;TTestB&lt;int&gt; &gt;'
/Code/boost_1_33_1/libs/type_traits/test/is_abstract_test.cpp:262:   instantiated from here
/Code/boost_1_33_1/libs/type_traits/test/is_abstract_test.cpp:53: warning: 'struct TTestB&lt;int&gt;' has virtual functions but non-virtual destructor
/Code/boost_1_33_1/libs/type_traits/test/is_abstract_test.cpp: In instantiation of 'TTestC&lt;int&gt;':
/Code/boost_1_33_1/boost/type_traits/is_abstract.hpp:81:   instantiated from 'boost::detail::is_abstract_imp2&lt;TTestC&lt;int&gt; &gt;'
/Code/boost_1_33_1/boost/type_traits/is_abstract.hpp:121:   instantiated from 'const bool boost::detail::is_abstract_imp&lt;TTestC&lt;int&gt; &gt;::value'
/Code/boost_1_33_1/boost/type_traits/is_abstract.hpp:128:   instantiated from 'boost::is_abstract&lt;TTestC&lt;int&gt; &gt;'
/Code/boost_1_33_1/libs/type_traits/test/is_abstract_test.cpp:263:   instantiated from here
/Code/boost_1_33_1/libs/type_traits/test/is_abstract_test.cpp:54: warning: 'struct TTestC&lt;int&gt;' has virtual functions but non-virtual destructor
/Code/boost_1_33_1/libs/type_traits/test/is_abstract_test.cpp: In instantiation of 'TTestE&lt;int&gt;':
/Code/boost_1_33_1/boost/type_traits/is_abstract.hpp:81:   instantiated from 'boost::detail::is_abstract_imp2&lt;TTestE&lt;int&gt; &gt;'
/Code/boost_1_33_1/boost/type_traits/is_abstract.hpp:121:   instantiated from 'const bool boost::detail::is_abstract_imp&lt;TTestE&lt;int&gt; &gt;::value'
/Code/boost_1_33_1/boost/type_traits/is_abstract.hpp:128:   instantiated from 'boost::is_abstract&lt;TTestE&lt;int&gt; &gt;'
/Code/boost_1_33_1/libs/type_traits/test/is_abstract_test.cpp:265:   instantiated from here
/Code/boost_1_33_1/libs/type_traits/test/is_abstract_test.cpp:56: warning: 'struct TTestE&lt;int&gt;' has virtual functions but non-virtual destructor
/Code/boost_1_33_1/libs/type_traits/test/is_abstract_test.cpp: In instantiation of 'TTestF&lt;int&gt;':
/Code/boost_1_33_1/boost/type_traits/is_abstract.hpp:81:   instantiated from 'boost::detail::is_abstract_imp2&lt;TTestF&lt;int&gt; &gt;'
/Code/boost_1_33_1/boost/type_traits/is_abstract.hpp:121:   instantiated from 'const bool boost::detail::is_abstract_imp&lt;TTestF&lt;int&gt; &gt;::value'
/Code/boost_1_33_1/boost/type_traits/is_abstract.hpp:128:   instantiated from 'boost::is_abstract&lt;TTestF&lt;int&gt; &gt;'
/Code/boost_1_33_1/libs/type_traits/test/is_abstract_test.cpp:266:   instantiated from here
/Code/boost_1_33_1/libs/type_traits/test/is_abstract_test.cpp:57: warning: 'struct TTestF&lt;int&gt;' has virtual functions but non-virtual destructor
/Code/boost_1_33_1/libs/type_traits/test/is_abstract_test.cpp: In instantiation of 'TTestG&lt;int&gt;':
/Code/boost_1_33_1/boost/type_traits/is_abstract.hpp:81:   instantiated from 'boost::detail::is_abstract_imp2&lt;TTestG&lt;int&gt; &gt;'
/Code/boost_1_33_1/boost/type_traits/is_abstract.hpp:121:   instantiated from 'const bool boost::detail::is_abstract_imp&lt;TTestG&lt;int&gt; &gt;::value'
/Code/boost_1_33_1/boost/type_traits/is_abstract.hpp:128:   instantiated from 'boost::is_abstract&lt;TTestG&lt;int&gt; &gt;'
/Code/boost_1_33_1/libs/type_traits/test/is_abstract_test.cpp:267:   instantiated from here
/Code/boost_1_33_1/libs/type_traits/test/is_abstract_test.cpp:58: warning: 'struct TTestG&lt;int&gt;' has virtual functions but non-virtual destructor
/Code/boost_1_33_1/libs/type_traits/test/is_abstract_test.cpp: In instantiation of 'TTestH&lt;int&gt;':
/Code/boost_1_33_1/boost/type_traits/is_abstract.hpp:81:   instantiated from 'boost::detail::is_abstract_imp2&lt;TTestH&lt;int&gt; &gt;'
/Code/boost_1_33_1/boost/type_traits/is_abstract.hpp:121:   instantiated from 'const bool boost::detail::is_abstract_imp&lt;TTestH&lt;int&gt; &gt;::value'
/Code/boost_1_33_1/boost/type_traits/is_abstract.hpp:128:   instantiated from 'boost::is_abstract&lt;TTestH&lt;int&gt; &gt;'
/Code/boost_1_33_1/libs/type_traits/test/is_abstract_test.cpp:268:   instantiated from here
/Code/boost_1_33_1/libs/type_traits/test/is_abstract_test.cpp:59: warning: 'struct TTestH&lt;int&gt;' has virtual functions but non-virtual destructor
/Code/boost_1_33_1/libs/type_traits/test/is_abstract_test.cpp: In instantiation of 'TTestI&lt;int&gt;':
/Code/boost_1_33_1/boost/type_traits/is_abstract.hpp:81:   instantiated from 'boost::detail::is_abstract_imp2&lt;TTestI&lt;int&gt; &gt;'
/Code/boost_1_33_1/boost/type_traits/is_abstract.hpp:121:   instantiated from 'const bool boost::detail::is_abstract_imp&lt;TTestI&lt;int&gt; &gt;::value'
/Code/boost_1_33_1/boost/type_traits/is_abstract.hpp:128:   instantiated from 'boost::is_abstract&lt;TTestI&lt;int&gt; &gt;'
/Code/boost_1_33_1/libs/type_traits/test/is_abstract_test.cpp:269:   instantiated from here
/Code/boost_1_33_1/libs/type_traits/test/is_abstract_test.cpp:60: warning: 'struct TTestI&lt;int&gt;' has virtual functions but non-virtual destructor
/Code/boost_1_33_1/libs/type_traits/test/is_abstract_test.cpp: In instantiation of 'TTestJ&lt;int&gt;':
/Code/boost_1_33_1/boost/type_traits/is_abstract.hpp:81:   instantiated from 'boost::detail::is_abstract_imp2&lt;TTestJ&lt;int&gt; &gt;'
/Code/boost_1_33_1/boost/type_traits/is_abstract.hpp:121:   instantiated from 'const bool boost::detail::is_abstract_imp&lt;TTestJ&lt;int&gt; &gt;::value'
/Code/boost_1_33_1/boost/type_traits/is_abstract.hpp:128:   instantiated from 'boost::is_abstract&lt;TTestJ&lt;int&gt; &gt;'
/Code/boost_1_33_1/libs/type_traits/test/is_abstract_test.cpp:270:   instantiated from here
/Code/boost_1_33...
   (remainder deleted because of excessive size)
</pre>
<h2><a name="type_traits-is_signed_test-gcc">type_traits - is_signed_test - gcc</a></h2>
<h3>Compiler output:</h3><pre>
/Code/boost_1_33_1/libs/type_traits/test/test.hpp:325: warning: 'struct test_abc1' has virtual functions but non-virtual destructor
/Code/boost_1_33_1/libs/type_traits/test/test.hpp:334: warning: 'struct test_abc2' has virtual functions but non-virtual destructor
/Code/boost_1_33_1/libs/type_traits/test/test.hpp:340: warning: 'struct test_abc3' has virtual functions but non-virtual destructor
/Code/boost_1_33_1/libs/type_traits/test/test.hpp:347: warning: 'struct polymorphic_base' has virtual functions but non-virtual destructor
/Code/boost_1_33_1/libs/type_traits/test/test.hpp:352: warning: 'struct polymorphic_derived1' has virtual functions but non-virtual destructor
/Code/boost_1_33_1/libs/type_traits/test/test.hpp:356: warning: 'struct polymorphic_derived2' has virtual functions but non-virtual destructor
</pre>
<h2><a name="type_traits-has_trivial_assign_test-gcc">type_traits - has_trivial_assign_test - gcc</a></h2>
<h3>Compiler output:</h3><pre>
/Code/boost_1_33_1/libs/type_traits/test/test.hpp:325: warning: 'struct test_abc1' has virtual functions but non-virtual destructor
/Code/boost_1_33_1/libs/type_traits/test/test.hpp:334: warning: 'struct test_abc2' has virtual functions but non-virtual destructor
/Code/boost_1_33_1/libs/type_traits/test/test.hpp:340: warning: 'struct test_abc3' has virtual functions but non-virtual destructor
/Code/boost_1_33_1/libs/type_traits/test/test.hpp:347: warning: 'struct polymorphic_base' has virtual functions but non-virtual destructor
/Code/boost_1_33_1/libs/type_traits/test/test.hpp:352: warning: 'struct polymorphic_derived1' has virtual functions but non-virtual destructor
/Code/boost_1_33_1/libs/type_traits/test/test.hpp:356: warning: 'struct polymorphic_derived2' has virtual functions but non-virtual destructor
</pre>
<h3>Run output:</h3><pre>
/Code/boost_1_33_1/libs/type_traits/test/has_trivial_assign_test.cpp:153: &lt;note&gt;The expression: "::boost::has_trivial_assign&lt;empty_POD_UDT&gt;::value" did not have the value we wish it to have (found 0, expected 1)&lt;/note&gt;
/Code/boost_1_33_1/libs/type_traits/test/has_trivial_assign_test.cpp:154: &lt;note&gt;The expression: "::boost::has_trivial_assign&lt;POD_UDT&gt;::value" did not have the value we wish it to have (found 0, expected 1)&lt;/note&gt;
/Code/boost_1_33_1/libs/type_traits/test/has_trivial_assign_test.cpp:155: &lt;note&gt;The expression: "::boost::has_trivial_assign&lt;POD_union_UDT&gt;::value" did not have the value we wish it to have (found 0, expected 1)&lt;/note&gt;
/Code/boost_1_33_1/libs/type_traits/test/has_trivial_assign_test.cpp:156: &lt;note&gt;The expression: "::boost::has_trivial_assign&lt;empty_POD_union_UDT&gt;::value" did not have the value we wish it to have (found 0, expected 1)&lt;/note&gt;

EXIT STATUS: 0
</pre>
<h2><a name="type_traits-is_integral_test-gcc">type_traits - is_integral_test - gcc</a></h2>
<h3>Compiler output:</h3><pre>
/Code/boost_1_33_1/libs/type_traits/test/test.hpp:325: warning: 'struct test_abc1' has virtual functions but non-virtual destructor
/Code/boost_1_33_1/libs/type_traits/test/test.hpp:334: warning: 'struct test_abc2' has virtual functions but non-virtual destructor
/Code/boost_1_33_1/libs/type_traits/test/test.hpp:340: warning: 'struct test_abc3' has virtual functions but non-virtual destructor
/Code/boost_1_33_1/libs/type_traits/test/test.hpp:347: warning: 'struct polymorphic_base' has virtual functions but non-virtual destructor
/Code/boost_1_33_1/libs/type_traits/test/test.hpp:352: warning: 'struct polymorphic_derived1' has virtual functions but non-virtual destructor
/Code/boost_1_33_1/libs/type_traits/test/test.hpp:356: warning: 'struct polymorphic_derived2' has virtual functions but non-virtual destructor
</pre>
<h2><a name="type_traits-tricky_is_enum_test-gcc">type_traits - tricky_is_enum_test - gcc</a></h2>
<h3>Compiler output:</h3><pre>
/Code/boost_1_33_1/libs/type_traits/test/test.hpp:325: warning: 'struct test_abc1' has virtual functions but non-virtual destructor
/Code/boost_1_33_1/libs/type_traits/test/test.hpp:334: warning: 'struct test_abc2' has virtual functions but non-virtual destructor
/Code/boost_1_33_1/libs/type_traits/test/test.hpp:340: warning: 'struct test_abc3' has virtual functions but non-virtual destructor
/Code/boost_1_33_1/libs/type_traits/test/test.hpp:347: warning: 'struct polymorphic_base' has virtual functions but non-virtual destructor
/Code/boost_1_33_1/libs/type_traits/test/test.hpp:352: warning: 'struct polymorphic_derived1' has virtual functions but non-virtual destructor
/Code/boost_1_33_1/libs/type_traits/test/test.hpp:356: warning: 'struct polymorphic_derived2' has virtual functions but non-virtual destructor
</pre>
<h2><a name="type_traits-has_trivial_destructor_test-gcc">type_traits - has_trivial_destructor_test - gcc</a></h2>
<h3>Compiler output:</h3><pre>
/Code/boost_1_33_1/libs/type_traits/test/test.hpp:325: warning: 'struct test_abc1' has virtual functions but non-virtual destructor
/Code/boost_1_33_1/libs/type_traits/test/test.hpp:334: warning: 'struct test_abc2' has virtual functions but non-virtual destructor
/Code/boost_1_33_1/libs/type_traits/test/test.hpp:340: warning: 'struct test_abc3' has virtual functions but non-virtual destructor
/Code/boost_1_33_1/libs/type_traits/test/test.hpp:347: warning: 'struct polymorphic_base' has virtual functions but non-virtual destructor
/Code/boost_1_33_1/libs/type_traits/test/test.hpp:352: warning: 'struct polymorphic_derived1' has virtual functions but non-virtual destructor
/Code/boost_1_33_1/libs/type_traits/test/test.hpp:356: warning: 'struct polymorphic_derived2' has virtual functions but non-virtual destructor
</pre>
<h3>Run output:</h3><pre>
/Code/boost_1_33_1/libs/type_traits/test/has_trivial_destructor_test.cpp:159: &lt;note&gt;The expression: "::boost::has_trivial_destructor&lt;empty_POD_UDT&gt;::value" did not have the value we wish it to have (found 0, expected 1)&lt;/note&gt;
/Code/boost_1_33_1/libs/type_traits/test/has_trivial_destructor_test.cpp:160: &lt;note&gt;The expression: "::boost::has_trivial_destructor&lt;POD_UDT&gt;::value" did not have the value we wish it to have (found 0, expected 1)&lt;/note&gt;
/Code/boost_1_33_1/libs/type_traits/test/has_trivial_destructor_test.cpp:161: &lt;note&gt;The expression: "::boost::has_trivial_destructor&lt;POD_union_UDT&gt;::value" did not have the value we wish it to have (found 0, expected 1)&lt;/note&gt;
/Code/boost_1_33_1/libs/type_traits/test/has_trivial_destructor_test.cpp:162: &lt;note&gt;The expression: "::boost::has_trivial_destructor&lt;empty_POD_union_UDT&gt;::value" did not have the value we wish it to have (found 0, expected 1)&lt;/note&gt;

EXIT STATUS: 0
</pre>
<h2><a name="type_traits-remove_volatile_test-gcc">type_traits - remove_volatile_test - gcc</a></h2>
<h3>Compiler output:</h3><pre>
/Code/boost_1_33_1/libs/type_traits/test/test.hpp:325: warning: 'struct test_abc1' has virtual functions but non-virtual destructor
/Code/boost_1_33_1/libs/type_traits/test/test.hpp:334: warning: 'struct test_abc2' has virtual functions but non-virtual destructor
/Code/boost_1_33_1/libs/type_traits/test/test.hpp:340: warning: 'struct test_abc3' has virtual functions but non-virtual destructor
/Code/boost_1_33_1/libs/type_traits/test/test.hpp:347: warning: 'struct polymorphic_base' has virtual functions but non-virtual destructor
/Code/boost_1_33_1/libs/type_traits/test/test.hpp:352: warning: 'struct polymorphic_derived1' has virtual functions but non-virtual destructor
/Code/boost_1_33_1/libs/type_traits/test/test.hpp:356: warning: 'struct polymorphic_derived2' has virtual functions but non-virtual destructor
</pre>
<h2><a name="type_traits-tricky_abstract_type_test-gcc">type_traits - tricky_abstract_type_test - gcc</a></h2>
<h3>Compiler output:</h3><pre>
/Code/boost_1_33_1/libs/type_traits/test/test.hpp:325: warning: 'struct test_abc1' has virtual functions but non-virtual destructor
/Code/boost_1_33_1/libs/type_traits/test/test.hpp:334: warning: 'struct test_abc2' has virtual functions but non-virtual destructor
/Code/boost_1_33_1/libs/type_traits/test/test.hpp:340: warning: 'struct test_abc3' has virtual functions but non-virtual destructor
/Code/boost_1_33_1/libs/type_traits/test/test.hpp:347: warning: 'struct polymorphic_base' has virtual functions but non-virtual destructor
/Code/boost_1_33_1/libs/type_traits/test/test.hpp:352: warning: 'struct polymorphic_derived1' has virtual functions but non-virtual destructor
/Code/boost_1_33_1/libs/type_traits/test/test.hpp:356: warning: 'struct polymorphic_derived2' has virtual functions but non-virtual destructor
/Code/boost_1_33_1/boost/type_traits/is_empty.hpp: In instantiation of 'boost::detail::empty_helper_t1&lt;test_abc1&gt;':
/Code/boost_1_33_1/boost/type_traits/is_empty.hpp:59:   instantiated from 'const bool boost::detail::empty_helper&lt;test_abc1, true&gt;::value'
/Code/boost_1_33_1/boost/type_traits/is_empty.hpp:68:   instantiated from 'const bool boost::detail::is_empty_impl&lt;test_abc1&gt;::value'
/Code/boost_1_33_1/boost/type_traits/is_empty.hpp:200:   instantiated from 'boost::is_empty&lt;test_abc1&gt;'
/Code/boost_1_33_1/libs/type_traits/test/tricky_abstract_type_test.cpp:18:   instantiated from here
/Code/boost_1_33_1/boost/type_traits/is_empty.hpp:41: warning: 'struct boost::detail::empty_helper_t1&lt;test_abc1&gt;' has virtual functions but non-virtual destructor
</pre>
<h2><a name="utility-value_init_test-gcc">utility - value_init_test - gcc</a></h2>
<h3>Compiler output:</h3><pre>
../libs/utility/test/../value_init_test.cpp: In constructor 'POD::POD()':
../libs/utility/test/../value_init_test.cpp:39: warning: 'POD::i' will be initialized after
../libs/utility/test/../value_init_test.cpp:37: warning:   'float POD::f'
../libs/utility/test/../value_init_test.cpp:27: warning:   when initialized here
../libs/utility/test/../value_init_test.cpp: In constructor 'POD::POD(char, int, float)':
../libs/utility/test/../value_init_test.cpp:39: warning: 'POD::i' will be initialized after
../libs/utility/test/../value_init_test.cpp:37: warning:   'float POD::f'
../libs/utility/test/../value_init_test.cpp:29: warning:   when initialized here
</pre>
<h2><a name="utility-current_function_test-gcc">utility - current_function_test - gcc</a></h2>
<h3>Run output:</h3><pre>
../libs/utility/test/../current_function_test.cpp(37): assertion failed in function 'int main()'

EXIT STATUS: 0
</pre>
<h2><a name="utility-call_traits_test-gcc">utility - call_traits_test - gcc</a></h2>
<h3>Compiler output:</h3><pre>
/Code/boost_1_33_1/libs/type_traits/test/test.hpp:325: warning: 'struct test_abc1' has virtual functions but non-virtual destructor
/Code/boost_1_33_1/libs/type_traits/test/test.hpp:334: warning: 'struct test_abc2' has virtual functions but non-virtual destructor
/Code/boost_1_33_1/libs/type_traits/test/test.hpp:340: warning: 'struct test_abc3' has virtual functions but non-virtual destructor
/Code/boost_1_33_1/libs/type_traits/test/test.hpp:347: warning: 'struct polymorphic_base' has virtual functions but non-virtual destructor
/Code/boost_1_33_1/libs/type_traits/test/test.hpp:352: warning: 'struct polymorphic_derived1' has virtual functions but non-virtual destructor
/Code/boost_1_33_1/libs/type_traits/test/test.hpp:356: warning: 'struct polymorphic_derived2' has virtual functions but non-virtual destructor
</pre>
<h2><a name="utility-base_from_member_test-gcc">utility - base_from_member_test - gcc</a></h2>
<h3>Compiler output:</h3><pre>
../libs/utility/test/../base_from_member_test.cpp: In constructor 'bad_class::bad_class()':
../libs/utility/test/../base_from_member_test.cpp:129: warning: 'bad_class::x_' will be initialized after
../libs/utility/test/../base_from_member_test.cpp:510: warning:   base 'base_class'
../libs/utility/test/../base_from_member_test.cpp:509: warning:   when initialized here
</pre>
<h2><a name="wave-testwave-gcc">wave - testwave - gcc</a></h2>
<h3>Compiler output:</h3><pre>
/Code/boost_1_33_1/boost/wave/util/insert_whitespace_detection.hpp: In member function 'bool boost::wave::util::insert_whitespace_detection::must_insert(boost::wave::token_id, const StringT&amp;) [with StringT = boost::wave::util::flex_string&lt;char, std::char_traits&lt;char&gt;, std::allocator&lt;char&gt;, boost::wave::util::CowString&lt;boost::wave::util::AllocatorStringStorage&lt;char, std::allocator&lt;char&gt; &gt;, char*&gt; &gt;]':
/Code/boost_1_33_1/boost/wave/util/cpp_iterator.hpp:462:   instantiated from 'const typename boost::wave::impl::pp_iterator_functor&lt;ContextT&gt;::result_type&amp; boost::wave::impl::pp_iterator_functor&lt;ContextT&gt;::operator()() [with ContextT = boost::wave::context&lt;__gnu_cxx::__normal_iterator&lt;const char*, std::basic_string&lt;char, std::char_traits&lt;char&gt;, std::allocator&lt;char&gt; &gt; &gt;, testwave_app::preprocess_file(std::string, const std::string&amp;, std::string&amp;, std::string&amp;)::lexer_type, boost::wave::iteration_context_policies::load_file_to_string, boost::wave::context_policies::default_preprocessing_hooks&gt;]'
/Code/boost_1_33_1/boost/wave/util/functor_input.hpp:117:   instantiated from 'void boost::wave::util::functor_input::inner&lt;FunctorT&gt;::advance_input() [with FunctorT = boost::wave::impl::pp_iterator_functor&lt;boost::wave::context&lt;__gnu_cxx::__normal_iterator&lt;const char*, std::basic_string&lt;char, std::char_traits&lt;char&gt;, std::allocator&lt;char&gt; &gt; &gt;, testwave_app::preprocess_file(std::string, const std::string&amp;, std::string&amp;, std::string&amp;)::lexer_type, boost::wave::iteration_context_policies::load_file_to_string, boost::wave::context_policies::default_preprocessing_hooks&gt; &gt;]'
/Code/boost_1_33_1/boost/spirit/iterator/multi_pass.hpp:325:   instantiated from 'static void boost::spirit::multi_pass_policies::std_deque::inner&lt;ValueT&gt;::increment(MultiPassT&amp;) [with MultiPassT = boost::spirit::multi_pass&lt;boost::wave::impl::pp_iterator_functor&lt;boost::wave::context&lt;__gnu_cxx::__normal_iterator&lt;const char*, std::basic_string&lt;char, std::char_traits&lt;char&gt;, std::allocator&lt;char&gt; &gt; &gt;, testwave_app::preprocess_file(std::string, const std::string&amp;, std::string&amp;, std::string&amp;)::lexer_type, boost::wave::iteration_context_policies::load_file_to_string, boost::wave::context_policies::default_preprocessing_hooks&gt; &gt;, boost::wave::util::functor_input, boost::spirit::multi_pass_policies::ref_counted, boost::spirit::multi_pass_policies::buf_id_check, boost::spirit::multi_pass_policies::std_deque&gt;, ValueT = testwave_app::extract_special_information(const std::string&amp;, const std::string&amp;, char, std::string&amp;)::token_type]'
/Code/boost_1_33_1/boost/spirit/iterator/multi_pass.hpp:1045:   instantiated from 'boost::spirit::multi_pass&lt;InputT, InputPolicy, OwnershipPolicy, CheckingPolicy, StoragePolicy&gt;&amp; boost::spirit::multi_pass&lt;InputT, InputPolicy, OwnershipPolicy, CheckingPolicy, StoragePolicy&gt;::operator++() [with InputT = boost::wave::impl::pp_iterator_functor&lt;boost::wave::context&lt;__gnu_cxx::__normal_iterator&lt;const char*, std::basic_string&lt;char, std::char_traits&lt;char&gt;, std::allocator&lt;char&gt; &gt; &gt;, testwave_app::preprocess_file(std::string, const std::string&amp;, std::string&amp;, std::string&amp;)::lexer_type, boost::wave::iteration_context_policies::load_file_to_string, boost::wave::context_policies::default_preprocessing_hooks&gt; &gt;, InputPolicy = boost::wave::util::functor_input, OwnershipPolicy = boost::spirit::multi_pass_policies::ref_counted, CheckingPolicy = boost::spirit::multi_pass_policies::buf_id_check, StoragePolicy = boost::spirit::multi_pass_policies::std_deque]'
../libs/wave/test/build/../testwave/testwave_app.cpp:1054:   instantiated from here
/Code/boost_1_33_1/boost/wave/util/insert_whitespace_detection.hpp:207: warning: enumeration value 'T_FIRST_TOKEN' not handled in switch
/Code/boost_1_33_1/boost/wave/util/insert_whitespace_detection.hpp:207: warning: enumeration value 'T_AND' not handled in switch
/Code/boost_1_33_1/boost/wave/util/insert_whitespace_detection.hpp:207: warning: enumeration value 'T_ANDAND' not handled in switch
/Code/boost_1_33_1/boost/wave/util/insert_whitespace_detection.hpp:207: warning: enumeration value 'T_ANDAND_ALT' not handled in switch
/Code/boost_1_33_1/boost/wave/util/insert_whitespace_detection.hpp:207: warning: enumeration value 'T_ANDASSIGN' not handled in switch
/Code/boost_1_33_1/boost/wave/util/insert_whitespace_detection.hpp:207: warning: enumeration value 'T_OR' not handled in switch
/Code/boost_1_33_1/boost/wave/util/insert_whitespace_detection.hpp:207: warning: enumeration value 'T_OR_TRIGRAPH' not handled in switch
/Code/boost_1_33_1/boost/wave/util/insert_whitespace_detection.hpp:207: warning: enumeration value 'T_ORASSIGN' not handled in switch
/Code/boost_1_33_1/boost/wave/util/insert_whitespace_detection.hpp:207: warning: enumeration value 'T_ORASSIGN_TRIGRAPH' not handled in switch
/Code/boost_1_33_1/boost/wave/util/insert_whitespace_detection.hpp:207: warning: enumeration value 'T_XOR' not handled in switch
/Code/boost_1_33_1/boost/wave/util/insert_whitespace_detection.hpp:207: warning: enumeration value 'T_XOR_TRIGRAPH' not handled in switch
/Code/boost_1_33_1/boost/wave/util/insert_whitespace_detection.hpp:207: warning: enumeration value 'T_XORASSIGN' not handled in switch
/Code/boost_1_33_1/boost/wave/util/insert_whitespace_detection.hpp:207: warning: enumeration value 'T_XORASSIGN_TRIGRAPH' not handled in switch
/Code/boost_1_33_1/boost/wave/util/insert_whitespace_detection.hpp:207: warning: enumeration value 'T_DOTSTAR' not handled in switch
/Code/boost_1_33_1/boost/wave/util/insert_whitespace_detection.hpp:207: warning: enumeration value 'T_ELLIPSIS' not handled in switch
/Code/boost_1_33_1/boost/wave/util/insert_whitespace_detection.hpp:207: warning: enumeration value 'T_GREATEREQUAL' not handled in switch
/Code/boost_1_33_1/boost/wave/util/insert_whitespace_detection.hpp:207: warning: enumeration value 'T_LEFTBRACE_TRIGRAPH' not handled in switch
/Code/boost_1_33_1/boost/wave/util/insert_whitespace_detection.hpp:207: warning: enumeration value 'T_LESSEQUAL' not handled in switch
/Code/boost_1_33_1/boost/wave/util/insert_whitespace_detection.hpp:207: warning: enumeration value 'T_LEFTBRACKET_TRIGRAPH' not handled in switch
/Code/boost_1_33_1/boost/wave/util/insert_whitespace_detection.hpp:207: warning: enumeration value 'T_PERCENT' not handled in switch
/Code/boost_1_33_1/boost/wave/util/insert_whitespace_detection.hpp:207: warning: enumeration value 'T_PERCENTASSIGN' not handled in switch
/Code/boost_1_33_1/boost/wave/util/insert_whitespace_detection.hpp:207: warning: enumeration value 'T_OROR' not handled in switch
/Code/boost_1_33_1/boost/wave/util/insert_whitespace_detection.hpp:207: warning: enumeration value 'T_OROR_ALT' not handled in switch
/Code/boost_1_33_1/boost/wave/util/insert_whitespace_detection.hpp:207: warning: enumeration value 'T_OROR_TRIGRAPH' not handled in switch
/Code/boost_1_33_1/boost/wave/util/insert_whitespace_detection.hpp:207: warning: enumeration value 'T_PLUS' not handled in switch
/Code/boost_1_33_1/boost/wave/util/insert_whitespace_detection.hpp:207: warning: enumeration value 'T_PLUSASSIGN' not handled in switch
/Code/boost_1_33_1/boost/wave/util/insert_whitespace_detection.hpp:207: warning: enumeration value 'T_PLUSPLUS' not handled in switch
/Code/boost_1_33_1/boost/wave/util/insert_whitespace_detection.hpp:207: warning: enumeration value 'T_ARROW' not handled in switch
/Code/boost_1_33_1/boost/wave/util/insert_whitespace_detection.hpp:207: warning: enumeration value 'T_ARROWSTAR' not handled in switch
/Code/boost_1_33_1/boost/wave/util/insert_whitespace_detection.hpp:207: warning: enumeration value 'T_RIGHTBRACE_ALT' not handled in switch
/Code/boost_1_33_1/boost/wave/util/insert_whitespace_detection.hpp:207: warning: enumeration value 'T_RIGHTBRACE_TRIGRAPH' not handled in switch
/Code/boost_1_33_1/boost/wave/util/insert_whitespace_detection.hpp:207: warning: enumeration value 'T_RIGHTBRACKET_ALT' not handled in switch
/Code/boost_1_33_1/boost/wave/util/insert_whitespace_detection.hpp:207: warning: enumeration value 'T_RIGHTBRACKET_TRIGRAPH' not handled in switch
/Code/boost_1_33_1/boost/wave/util/insert_whitespace_detection.hpp:207: warning: enumeration value 'T_COLON_COLON' not handled in switch
/Code/boost_1_33_1/boost/wave/util/insert_whitespace_detection.hpp:207: warning: enumeration value 'T_SHIFTLEFT' not handled in switch
/Code/boost_1_33_1/boost/wave/util/insert_whitespace_detection.hpp:207: warning: enumeration value 'T_SHIFTLEFTASSIGN' not handled in switch
/Code/boost_1_33_1/boost/wave/util/insert_whitespace_detection.hpp:207: warning: enumeration value 'T_SHIFTRIGHT' not handled in switch
/Code/boost_1_33_1/boost/wave/util/insert_whitespace_detection.hpp:207: warning: enumeration value 'T_SHIFTRIGHTASSIGN' not handled in switch
/Code/boost_1_33_1/boost/wave/util/insert_whitespace_detection.hpp:207: warning: enumeration value 'T_STAR' not handled in switch
/Code/boost_1_33_1/boost/wave/util/insert_whitespace_detection.hpp:207: warning: enumeration value 'T_COMPL' not handled in switch
/Code/boost_1_33_1/boost/wave/util/insert_whitespace_detection.hpp:207: warning: enumeration value 'T_COMPL_TRIGRAPH' not handled in switch
/Code/boost_1_33_1/boost/wave/util/insert_whitespace_detection.hpp:207: warning: enumeration value 'T_STARASSIGN' not handled in switch
/Code/boost_1_33_1/boost/wave/util/insert_whitespace_detection.hpp:207: warning: enumeration value 'T_ASM' not handled in switch
/Code/boost_1_33_1/boost/wave/util/insert_whitespace_detection.hpp:207: warning: enumeration value 'T_AUTO' not handled in switch
/Code/boost_1_33_1/boost/wave/util/insert_whitespace_detection.hpp:207: warning: enumeration value 'T_BOOL' not handled in switch
/Code/boost_1_33_1/boost/wave/util/i...
   (remainder deleted because of excessive size)
</pre>
<h2><a name="test-result_report_test-gcc">test - result_report_test - gcc</a></h2>
<h3>Compiler output:</h3><pre>
../libs/test/test/result_report_test.cpp: In function 'void very_bad_foo()':
../libs/test/test/result_report_test.cpp:59: warning: unused variable 'lg'
../libs/test/test/result_report_test.cpp: In function 'int test_main(int, char**)':
../libs/test/test/result_report_test.cpp:107: warning: unused variable 'G'
</pre>
<h2><a name="test-basic_cstring_test-gcc">test - basic_cstring_test - gcc</a></h2>
<h3>Compiler output:</h3><pre>
/Code/boost_1_33_1/boost/test/test_tools.hpp: In function 'boost::test_tools::predicate_result boost::test_tools::tt_detail::equal_impl(const Left&amp;, const Right&amp;) [with Left = unsigned int, Right = int]':
/Code/boost_1_33_1/boost/test/test_tools.hpp:464:   instantiated from 'boost::test_tools::predicate_result boost::test_tools::tt_detail::equal_impl_frwd::call_impl(const Left&amp;, const Right&amp;, mpl_::false_) const [with Left = unsigned int, Right = int]'
/Code/boost_1_33_1/boost/test/test_tools.hpp:479:   instantiated from 'boost::test_tools::predicate_result boost::test_tools::tt_detail::equal_impl_frwd::operator()(const Left&amp;, const Right&amp;) const [with Left = unsigned int, Right = int]'
/Code/boost_1_33_1/boost/test/test_tools.hpp:427:   instantiated from 'void boost::test_tools::tt_detail::check_frwd(Pred, boost::wrap_stringstream&amp;, boost::test_tools::const_string, size_t, boost::test_tools::tt_detail::tool_level, boost::test_tools::tt_detail::check_type, const Arg0&amp;, const char*, const Arg1&amp;, const char*) [with Pred = boost::test_tools::tt_detail::equal_impl_frwd, Arg0 = size_t, Arg1 = int]'
../libs/test/test/basic_cstring_test.cpp:406:   instantiated from 'void find_test_impl(boost::type&lt;CharT&gt;*) [with CharT = unsigned char]'
../libs/test/test/basic_cstring_test.cpp:401:   instantiated from 'static void find_test::run(boost::type&lt;CharT&gt;*) [with TestType = unsigned char]'
/Code/boost_1_33_1/boost/test/test_case_template.hpp:73:   instantiated from 'void boost::unit_test::ut_detail::test_case_template_invoker&lt;TestCaseTemplate, TestType&gt;::operator()() [with TestCaseTemplate = find_test, TestType = unsigned char]'
/Code/boost_1_33_1/boost/test/utils/callback.hpp:56:   instantiated from 'boost::unit_test::ut_detail::unused boost::unit_test::ut_detail::invoker&lt;boost::unit_test::ut_detail::unused&gt;::invoke(Functor&amp;) [with Functor = boost::unit_test::ut_detail::test_case_template_invoker&lt;find_test, unsigned char&gt;]'
/Code/boost_1_33_1/boost/test/utils/callback.hpp:89:   instantiated from 'R boost::unit_test::ut_detail::callback0_impl_t&lt;R, Functor&gt;::invoke() [with R = boost::unit_test::ut_detail::unused, Functor = boost::unit_test::ut_detail::test_case_template_invoker&lt;find_test, unsigned char&gt;]'
../libs/test/test/basic_cstring_test.cpp:465:   instantiated from here
/Code/boost_1_33_1/boost/test/test_tools.hpp:440: warning: comparison between signed and unsigned integer expressions
</pre>
</body>
</html>
