This file contains any messages produced by compilers while
running configure, to aid debugging if configure makes a mistake.

configure:675: checking host system type
configure:696: checking target system type
configure:739: checking for gcc
configure:852: checking whether the C compiler (gcc -noixemul  ) works
configure:868: gcc -noixemul -o conftest    conftest.c  1>&5
configure:894: checking whether the C compiler (gcc -noixemul  ) is a cross-compiler
configure:899: checking whether we are using GNU C
configure:908: gcc -noixemul -E conftest.c
configure:927: checking whether gcc -noixemul accepts -g
configure:960: checking whether gcc -noixemul and cc understand -c and -o together
configure:975: gcc -noixemul -c conftest.c -o conftest.o 1>&5
configure:976: gcc -noixemul -c conftest.c -o conftest.o 1>&5
configure:981: cc -c conftest.c 1>&5
configure:983: cc -c conftest.c -o conftest.o 1>&5
configure:984: cc -c conftest.c -o conftest.o 1>&5
configure:1011: checking how to run the C preprocessor
configure:1032: gcc -noixemul -E  conftest.c >/dev/null 2>conftest.out
configure:1095: checking for c++
configure:1095: checking for g++
configure:1127: checking whether the C++ compiler (g++  ) works
configure:1143: g++ -o conftest    conftest.C  1>&5
configure:1169: checking whether the C++ compiler (g++  ) is a cross-compiler
configure:1174: checking whether we are using GNU C++
configure:1183: g++ -E conftest.C
configure:1202: checking whether g++ accepts -g
configure:1234: checking whether make sets ${MAKE}
configure:1272: checking for a BSD compatible install
configure:1328: checking for mon
configure:1480: checking for sem_init in -lposix4
configure:1499: gcc -noixemul -o conftest -g -O2   conftest.c -lposix4   1>&5
/gg/ppc-morphos/bin/ld: cannot open -lposix4: No such file or directory
collect2: ld returned 1 exit status
configure: failed program was:
#line 1488 "configure"
#include "confdefs.h"
/* Override any gcc2 internal prototype to avoid an error.  */
/* We use char because int might match the return type of a gcc2
    builtin and then its argument prototype would still apply.  */
char sem_init();

int main() {
sem_init()
; return 0; }
configure:1532: checking for X
configure:1599: gcc -noixemul -E  conftest.c >/dev/null 2>conftest.out
configure:1595: X11/Intrinsic.h: No such file or directory
configure: failed program was:
#line 1594 "configure"
#include "confdefs.h"
#include <X11/Intrinsic.h>
configure:1675: gcc -noixemul -o conftest -g -O2   conftest.c -lXt  1>&5
/gg/ppc-morphos/bin/ld: cannot open -lXt: No such file or directory
collect2: ld returned 1 exit status
configure: failed program was:
#line 1668 "configure"
#include "confdefs.h"

int main() {
XtMalloc()
; return 0; }
configure:2370: checking for pthread_create in -lpthread
configure:2389: gcc -noixemul -o conftest -g -O2    conftest.c -lpthread     -lX11 -lXext  1>&5
/gg/ppc-morphos/bin/ld: cannot open -lpthread: No such file or directory
collect2: ld returned 1 exit status
configure: failed program was:
#line 2378 "configure"
#include "confdefs.h"
/* Override any gcc2 internal prototype to avoid an error.  */
/* We use char because int might match the return type of a gcc2
    builtin and then its argument prototype would still apply.  */
char pthread_create();

int main() {
pthread_create()
; return 0; }
configure:2416: checking for pthread_create in -lc_r
configure:2435: gcc -noixemul -o conftest -g -O2    conftest.c -lc_r     -lX11 -lXext  1>&5
/gg/ppc-morphos/bin/ld: cannot open -lc_r: No such file or directory
collect2: ld returned 1 exit status
configure: failed program was:
#line 2424 "configure"
#include "confdefs.h"
/* Override any gcc2 internal prototype to avoid an error.  */
/* We use char because int might match the return type of a gcc2
    builtin and then its argument prototype would still apply.  */
char pthread_create();

int main() {
pthread_create()
; return 0; }
configure:2462: checking for pthread_create in -lPTL
configure:2481: gcc -noixemul -o conftest -g -O2    conftest.c -lPTL     -lX11 -lXext  1>&5
/gg/ppc-morphos/bin/ld: cannot open -lPTL: No such file or directory
collect2: ld returned 1 exit status
configure: failed program was:
#line 2470 "configure"
#include "confdefs.h"
/* Override any gcc2 internal prototype to avoid an error.  */
/* We use char because int might match the return type of a gcc2
    builtin and then its argument prototype would still apply.  */
char pthread_create();

int main() {
pthread_create()
; return 0; }
configure:2526: checking for pthread_cancel
configure:2554: gcc -noixemul -o conftest -g -O2    conftest.c    -lX11 -lXext  1>&5
/gg/ppc-morphos/bin/ld: cannot open -lX11: No such file or directory
collect2: ld returned 1 exit status
configure: failed program was:
#line 2531 "configure"
#include "confdefs.h"
/* System header to define __stub macros and hopefully few prototypes,
    which can conflict with char pthread_cancel(); below.  */
#include <assert.h>
/* Override any gcc2 internal prototype to avoid an error.  */
/* We use char because int might match the return type of a gcc2
    builtin and then its argument prototype would still apply.  */
char pthread_cancel();

int main() {

/* The GNU C library defines this for functions which it implements
    to always fail with ENOSYS.  Some functions are actually named
    something starting with __ and the normal name is an alias.  */
#if defined (__stub_pthread_cancel) || defined (__stub___pthread_cancel)
choke me
#else
pthread_cancel();
#endif

; return 0; }
configure:2583: checking for sem_init
configure:2611: gcc -noixemul -o conftest -g -O2    conftest.c    -lX11 -lXext  1>&5
/gg/ppc-morphos/bin/ld: cannot open -lX11: No such file or directory
collect2: ld returned 1 exit status
configure: failed program was:
#line 2588 "configure"
#include "confdefs.h"
/* System header to define __stub macros and hopefully few prototypes,
    which can conflict with char sem_init(); below.  */
#include <assert.h>
/* Override any gcc2 internal prototype to avoid an error.  */
/* We use char because int might match the return type of a gcc2
    builtin and then its argument prototype would still apply.  */
char sem_init();

int main() {

/* The GNU C library defines this for functions which it implements
    to always fail with ENOSYS.  Some functions are actually named
    something starting with __ and the normal name is an alias.  */
#if defined (__stub_sem_init) || defined (__stub___sem_init)
choke me
#else
sem_init();
#endif

; return 0; }
configure:2642: checking for XF86DGAQueryExtension in -lXxf86dga
configure:2661: gcc -noixemul -o conftest -g -O2    conftest.c -lXxf86dga     -lX11 -lXext  1>&5
/gg/ppc-morphos/bin/ld: cannot open -lXxf86dga: No such file or directory
collect2: ld returned 1 exit status
configure: failed program was:
#line 2650 "configure"
#include "confdefs.h"
/* Override any gcc2 internal prototype to avoid an error.  */
/* We use char because int might match the return type of a gcc2
    builtin and then its argument prototype would still apply.  */
char XF86DGAQueryExtension();

int main() {
XF86DGAQueryExtension()
; return 0; }
configure:2705: checking for XF86VidModeQueryExtension in -lXxf86vm
configure:2724: gcc -noixemul -o conftest -g -O2    conftest.c -lXxf86vm     -lX11 -lXext  1>&5
/gg/ppc-morphos/bin/ld: cannot open -lXxf86vm: No such file or directory
collect2: ld returned 1 exit status
configure: failed program was:
#line 2713 "configure"
#include "confdefs.h"
/* Override any gcc2 internal prototype to avoid an error.  */
/* We use char because int might match the return type of a gcc2
    builtin and then its argument prototype would still apply.  */
char XF86VidModeQueryExtension();

int main() {
XF86VidModeQueryExtension()
; return 0; }
configure:2808: checking for gtk-config
configure:2843: checking for GTK - version >= 1.2.0
configure:3082: checking for esd-config
configure:3117: checking for ESD - version >= 0.2.8
configure:3290: checking for ANSI C header files
configure:3303: gcc -noixemul -E  conftest.c >/dev/null 2>conftest.out
configure:3370: gcc -noixemul -o conftest -g -O2    conftest.c    -lX11 -lXext  1>&5
/gg/ppc-morphos/bin/ld: cannot open -lX11: No such file or directory
collect2: ld returned 1 exit status
configure: failed program was:
#line 3359 "configure"
#include "confdefs.h"
#include <ctype.h>
#define ISLOWER(c) ('a' <= (c) && (c) <= 'z')
#define TOUPPER(c) (ISLOWER(c) ? 'A' + ((c) - 'a') : (c))
#define XOR(e, f) (((e) && !(f)) || (!(e) && (f)))
int main () { int i; for (i = 0; i < 256; i++)
if (XOR (islower (i), ISLOWER (i)) || toupper (i) != TOUPPER (i)) exit(2);
exit (0); }

configure:3397: checking for unistd.h
configure:3407: gcc -noixemul -E  conftest.c >/dev/null 2>conftest.out
configure:3397: checking for fcntl.h
configure:3407: gcc -noixemul -E  conftest.c >/dev/null 2>conftest.out
configure:3397: checking for sys/time.h
configure:3407: gcc -noixemul -E  conftest.c >/dev/null 2>conftest.out
configure:3435: checking whether byte ordering is bigendian
configure:3453: gcc -noixemul -c -g -O2   conftest.c 1>&5
configure:3468: gcc -noixemul -c -g -O2   conftest.c 1>&5
configure:3525: checking for working const
configure:3579: gcc -noixemul -c -g -O2   conftest.c 1>&5
configure:3600: checking for inline
configure:3614: gcc -noixemul -c -g -O2   conftest.c 1>&5
configure:3640: checking size of short
configure:3659: gcc -noixemul -o conftest -g -O2    conftest.c    -lX11 -lXext  1>&5
/gg/ppc-morphos/bin/ld: cannot open -lX11: No such file or directory
collect2: ld returned 1 exit status
configure: failed program was:
#line 3648 "configure"
#include "confdefs.h"
#include <stdio.h>
main()
{
  FILE *f=fopen("conftestval", "w");
  if (!f) exit(1);
  fprintf(f, "%d\n", sizeof(short));
  exit(0);
}
configure:3679: checking size of int
configure:3698: gcc -noixemul -o conftest -g -O2    conftest.c    -lX11 -lXext  1>&5
/gg/ppc-morphos/bin/ld: cannot open -lX11: No such file or directory
collect2: ld returned 1 exit status
configure: failed program was:
#line 3687 "configure"
#include "confdefs.h"
#include <stdio.h>
main()
{
  FILE *f=fopen("conftestval", "w");
  if (!f) exit(1);
  fprintf(f, "%d\n", sizeof(int));
  exit(0);
}
configure:3718: checking size of long
configure:3737: gcc -noixemul -o conftest -g -O2    conftest.c    -lX11 -lXext  1>&5
/gg/ppc-morphos/bin/ld: cannot open -lX11: No such file or directory
collect2: ld returned 1 exit status
configure: failed program was:
#line 3726 "configure"
#include "confdefs.h"
#include <stdio.h>
main()
{
  FILE *f=fopen("conftestval", "w");
  if (!f) exit(1);
  fprintf(f, "%d\n", sizeof(long));
  exit(0);
}
configure:3757: checking size of long long
configure:3776: gcc -noixemul -o conftest -g -O2    conftest.c    -lX11 -lXext  1>&5
/gg/ppc-morphos/bin/ld: cannot open -lX11: No such file or directory
collect2: ld returned 1 exit status
configure: failed program was:
#line 3765 "configure"
#include "confdefs.h"
#include <stdio.h>
main()
{
  FILE *f=fopen("conftestval", "w");
  if (!f) exit(1);
  fprintf(f, "%d\n", sizeof(long long));
  exit(0);
}
configure:3796: checking size of void *
configure:3815: gcc -noixemul -o conftest -g -O2    conftest.c    -lX11 -lXext  1>&5
/gg/ppc-morphos/bin/ld: cannot open -lX11: No such file or directory
collect2: ld returned 1 exit status
configure: failed program was:
#line 3804 "configure"
#include "confdefs.h"
#include <stdio.h>
main()
{
  FILE *f=fopen("conftestval", "w");
  if (!f) exit(1);
  fprintf(f, "%d\n", sizeof(void *));
  exit(0);
}
configure:3835: checking for off_t
configure:3868: checking for loff_t
configure:3901: checking for size_t
configure:3934: checking return type of signal handlers
configure:3956: gcc -noixemul -c -g -O2   conftest.c 1>&5
configure:3975: checking whether time.h and sys/time.h may both be included
configure:3989: gcc -noixemul -c -g -O2   conftest.c 1>&5
configure:4010: checking whether struct tm is in sys/time.h or time.h
configure:4023: gcc -noixemul -c -g -O2   conftest.c 1>&5
configure:4047: checking for strdup
configure:4075: gcc -noixemul -o conftest -g -O2    conftest.c    -lX11 -lXext  1>&5
/gg/ppc-morphos/bin/ld: cannot open -lX11: No such file or directory
collect2: ld returned 1 exit status
configure: failed program was:
#line 4052 "configure"
#include "confdefs.h"
/* System header to define __stub macros and hopefully few prototypes,
    which can conflict with char strdup(); below.  */
#include <assert.h>
/* Override any gcc2 internal prototype to avoid an error.  */
/* We use char because int might match the return type of a gcc2
    builtin and then its argument prototype would still apply.  */
char strdup();

int main() {

/* The GNU C library defines this for functions which it implements
    to always fail with ENOSYS.  Some functions are actually named
    something starting with __ and the normal name is an alias.  */
#if defined (__stub_strdup) || defined (__stub___strdup)
choke me
#else
strdup();
#endif

; return 0; }
configure:4047: checking for cfmakeraw
configure:4075: gcc -noixemul -o conftest -g -O2    conftest.c    -lX11 -lXext  1>&5
/gg/ppc-morphos/bin/ld: cannot open -lX11: No such file or directory
collect2: ld returned 1 exit status
configure: failed program was:
#line 4052 "configure"
#include "confdefs.h"
/* System header to define __stub macros and hopefully few prototypes,
    which can conflict with char cfmakeraw(); below.  */
#include <assert.h>
/* Override any gcc2 internal prototype to avoid an error.  */
/* We use char because int might match the return type of a gcc2
    builtin and then its argument prototype would still apply.  */
char cfmakeraw();

int main() {

/* The GNU C library defines this for functions which it implements
    to always fail with ENOSYS.  Some functions are actually named
    something starting with __ and the normal name is an alias.  */
#if defined (__stub_cfmakeraw) || defined (__stub___cfmakeraw)
choke me
#else
cfmakeraw();
#endif

; return 0; }
configure:4102: checking for clock_gettime
configure:4130: gcc -noixemul -o conftest -g -O2    conftest.c    -lX11 -lXext  1>&5
/gg/ppc-morphos/bin/ld: cannot open -lX11: No such file or directory
collect2: ld returned 1 exit status
configure: failed program was:
#line 4107 "configure"
#include "confdefs.h"
/* System header to define __stub macros and hopefully few prototypes,
    which can conflict with char clock_gettime(); below.  */
#include <assert.h>
/* Override any gcc2 internal prototype to avoid an error.  */
/* We use char because int might match the return type of a gcc2
    builtin and then its argument prototype would still apply.  */
char clock_gettime();

int main() {

/* The GNU C library defines this for functions which it implements
    to always fail with ENOSYS.  Some functions are actually named
    something starting with __ and the normal name is an alias.  */
#if defined (__stub_clock_gettime) || defined (__stub___clock_gettime)
choke me
#else
clock_gettime();
#endif

; return 0; }
configure:4102: checking for timer_create
configure:4130: gcc -noixemul -o conftest -g -O2    conftest.c    -lX11 -lXext  1>&5
/gg/ppc-morphos/bin/ld: cannot open -lX11: No such file or directory
collect2: ld returned 1 exit status
configure: failed program was:
#line 4107 "configure"
#include "confdefs.h"
/* System header to define __stub macros and hopefully few prototypes,
    which can conflict with char timer_create(); below.  */
#include <assert.h>
/* Override any gcc2 internal prototype to avoid an error.  */
/* We use char because int might match the return type of a gcc2
    builtin and then its argument prototype would still apply.  */
char timer_create();

int main() {

/* The GNU C library defines this for functions which it implements
    to always fail with ENOSYS.  Some functions are actually named
    something starting with __ and the normal name is an alias.  */
#if defined (__stub_timer_create) || defined (__stub___timer_create)
choke me
#else
timer_create();
#endif

; return 0; }
configure:4157: checking for sigaction
configure:4185: gcc -noixemul -o conftest -g -O2    conftest.c    -lX11 -lXext  1>&5
/gg/ppc-morphos/bin/ld: cannot open -lX11: No such file or directory
collect2: ld returned 1 exit status
configure: failed program was:
#line 4162 "configure"
#include "confdefs.h"
/* System header to define __stub macros and hopefully few prototypes,
    which can conflict with char sigaction(); below.  */
#include <assert.h>
/* Override any gcc2 internal prototype to avoid an error.  */
/* We use char because int might match the return type of a gcc2
    builtin and then its argument prototype would still apply.  */
char sigaction();

int main() {

/* The GNU C library defines this for functions which it implements
    to always fail with ENOSYS.  Some functions are actually named
    something starting with __ and the normal name is an alias.  */
#if defined (__stub_sigaction) || defined (__stub___sigaction)
choke me
#else
sigaction();
#endif

; return 0; }
configure:4157: checking for signal
configure:4185: gcc -noixemul -o conftest -g -O2    conftest.c    -lX11 -lXext  1>&5
/gg/ppc-morphos/bin/ld: cannot open -lX11: No such file or directory
collect2: ld returned 1 exit status
configure: failed program was:
#line 4162 "configure"
#include "confdefs.h"
/* System header to define __stub macros and hopefully few prototypes,
    which can conflict with char signal(); below.  */
#include <assert.h>
/* Override any gcc2 internal prototype to avoid an error.  */
/* We use char because int might match the return type of a gcc2
    builtin and then its argument prototype would still apply.  */
char signal();

int main() {

/* The GNU C library defines this for functions which it implements
    to always fail with ENOSYS.  Some functions are actually named
    something starting with __ and the normal name is an alias.  */
#if defined (__stub_signal) || defined (__stub___signal)
choke me
#else
signal();
#endif

; return 0; }
configure:4374: checking whether we can map Low Memory area 0x0000-0x2000
configure:4412: g++ -o conftest -g -O2    conftest.C    -lX11 -lXext  1>&5
configure: In function `int main()':
configure:4403: `MAP_FAILED' undeclared (first use this function)
configure:4403: (Each undeclared identifier is reported only once
configure:4403: for each function it appears in.)
configure: failed program was:
#line 4391 "configure"
#include "confdefs.h"
#ifdef __cplusplus
extern "C" void exit(int) throw();
#endif

    #include <unistd.h>
    #include <fcntl.h>
    #include <sys/mman.h>
    
    int main()
    { int zero_fd; char * lm;
      if ((zero_fd = open("/dev/zero", O_RDWR)) < 0) exit(1);
      if ((lm = (char *)mmap((caddr_t)0x0000, 0x2000, PROT_READ | PROT_WRITE, MAP_FIXED | MAP_PRIVATE, zero_fd, 0)) == MAP_FAILED) exit(1);
      lm[0] = 0x12;
	  munmap(lm, 0x2000);
      close(zero_fd);
      exit(0);
    }
  
configure:4439: checking whether signal handlers need to be reinstalled
configure:4475: g++ -o conftest -g -O2    conftest.C    -lX11 -lXext  1>&5
/gg/ppc-morphos/bin/ld: cannot open -lX11: No such file or directory
collect2: ld returned 1 exit status
configure: failed program was:
#line 4456 "configure"
#include "confdefs.h"
#ifdef __cplusplus
extern "C" void exit(int) throw();
#endif

		#include <stdlib.h>
		#ifdef HAVE_UNISTD_H
		#include <unistd.h>
		#endif
		#include <signal.h>
		static int handled_signal = 0;
		RETSIGTYPE sigusr1_handler(int) { handled_signal++; }
		int main(void) { /* returns 0 if signals need not to be reinstalled */
			signal(SIGUSR1, sigusr1_handler); raise(SIGUSR1); raise(SIGUSR1);
			exit(handled_signal == 2);
		}
	
configure:4510: checking whether sigaction handlers need to be reinstalled
configure:4553: g++ -o conftest -g -O2    conftest.C    -lX11 -lXext  1>&5
configure: In function `void (* mysignal(int, void (*)(int)))(int)':
configure:4543: assignment to `void (*)()' from `void (*)(int)'
configure:4544: pointer type mismatch in conditional expression
configure:4544: ANSI C++ forbids implicit conversion from `void *' in return
configure: failed program was:
#line 4527 "configure"
#include "confdefs.h"
#ifdef __cplusplus
extern "C" void exit(int) throw();
#endif

    #include <stdlib.h>
    #ifdef HAVE_UNISTD_H
    #include <unistd.h>
    #endif
    #include <signal.h>
    static int handled_signal = 0;
    RETSIGTYPE sigusr1_handler(int) { handled_signal++; }
    typedef RETSIGTYPE (*signal_handler)(int);
    static signal_handler mysignal(int sig, signal_handler handler) {
      struct sigaction old_sa;
      struct sigaction new_sa;
      new_sa.sa_handler = handler;
      return ((sigaction(sig,&new_sa,&old_sa) < 0) ? SIG_IGN : old_sa.sa_handler);
    }
    int main(void) { /* returns 0 if signals need not to be reinstalled */
      mysignal(SIGUSR1, sigusr1_handler); raise(SIGUSR1); raise(SIGUSR1);
      exit(handled_signal == 2);
    }
  
configure:4588: checking whether your system supports extended signal handlers
configure:4616: g++ -o conftest -g -O2    conftest.C    -lX11 -lXext  1>&5
In file included from configure:4613:
sigsegv.cpp:153: type specifier omitted for parameter
sigsegv.cpp:153: parse error before `*'
sigsegv.cpp: In function `void sigsegv_handler(...)':
sigsegv.cpp:156: `sip' undeclared (first use this function)
sigsegv.cpp:156: (Each undeclared identifier is reported only once
sigsegv.cpp:156: for each function it appears in.)
In file included from configure:4613:
sigsegv.cpp: In function `int main()':
sigsegv.cpp:275: `MAP_FAILED' undeclared (first use this function)
configure: failed program was:
#line 4605 "configure"
#include "confdefs.h"
#ifdef __cplusplus
extern "C" void exit(int) throw();
#endif

    #define HAVE_SIGINFO_T 1
    #define CONFIGURE_TEST
    #include "sigsegv.cpp"
  
configure:4652: checking whether we then have a subterfuge for your system
configure:4680: g++ -o conftest -g -O2    conftest.C    -lX11 -lXext  1>&5
In file included from configure:4677:
sigsegv.cpp: In function `bool sigsegv_do_install_handler(int)':
sigsegv.cpp:207: `sigsegv_handler' undeclared (first use this function)
sigsegv.cpp:207: (Each undeclared identifier is reported only once
sigsegv.cpp:207: for each function it appears in.)
In file included from configure:4677:
sigsegv.cpp: In function `int main()':
sigsegv.cpp:275: `MAP_FAILED' undeclared (first use this function)
configure: failed program was:
#line 4669 "configure"
#include "confdefs.h"
#ifdef __cplusplus
extern "C" void exit(int) throw();
#endif

      #define HAVE_SIGCONTEXT_SUBTERFUGE 1
      #define CONFIGURE_TEST
      #include "sigsegv.cpp"
    
configure:4724: checking for the addressing mode to use
configure:4771: checking for GAS .p2align feature
configure:4781: checking for GCC 2.7 or higher
configure:5023: checking for atanh
configure:5051: gcc -noixemul -o conftest -g -O2    conftest.c    -lX11 -lXext  1>&5
/gg/ppc-morphos/bin/ld: cannot open -lX11: No such file or directory
collect2: ld returned 1 exit status
configure: failed program was:
#line 5028 "configure"
#include "confdefs.h"
/* System header to define __stub macros and hopefully few prototypes,
    which can conflict with char atanh(); below.  */
#include <assert.h>
/* Override any gcc2 internal prototype to avoid an error.  */
/* We use char because int might match the return type of a gcc2
    builtin and then its argument prototype would still apply.  */
char atanh();

int main() {

/* The GNU C library defines this for functions which it implements
    to always fail with ENOSYS.  Some functions are actually named
    something starting with __ and the normal name is an alias.  */
#if defined (__stub_atanh) || defined (__stub___atanh)
choke me
#else
atanh();
#endif

; return 0; }
configure:5078: checking for isnan
configure:5106: gcc -noixemul -o conftest -g -O2    conftest.c    -lX11 -lXext  1>&5
/gg/ppc-morphos/bin/ld: cannot open -lX11: No such file or directory
collect2: ld returned 1 exit status
configure: failed program was:
#line 5083 "configure"
#include "confdefs.h"
/* System header to define __stub macros and hopefully few prototypes,
    which can conflict with char isnan(); below.  */
#include <assert.h>
/* Override any gcc2 internal prototype to avoid an error.  */
/* We use char because int might match the return type of a gcc2
    builtin and then its argument prototype would still apply.  */
char isnan();

int main() {

/* The GNU C library defines this for functions which it implements
    to always fail with ENOSYS.  Some functions are actually named
    something starting with __ and the normal name is an alias.  */
#if defined (__stub_isnan) || defined (__stub___isnan)
choke me
#else
isnan();
#endif

; return 0; }
configure:5078: checking for isinf
configure:5106: gcc -noixemul -o conftest -g -O2    conftest.c    -lX11 -lXext  1>&5
/gg/ppc-morphos/bin/ld: cannot open -lX11: No such file or directory
collect2: ld returned 1 exit status
configure: failed program was:
#line 5083 "configure"
#include "confdefs.h"
/* System header to define __stub macros and hopefully few prototypes,
    which can conflict with char isinf(); below.  */
#include <assert.h>
/* Override any gcc2 internal prototype to avoid an error.  */
/* We use char because int might match the return type of a gcc2
    builtin and then its argument prototype would still apply.  */
char isinf();

int main() {

/* The GNU C library defines this for functions which it implements
    to always fail with ENOSYS.  Some functions are actually named
    something starting with __ and the normal name is an alias.  */
#if defined (__stub_isinf) || defined (__stub___isinf)
choke me
#else
isinf();
#endif

; return 0; }
configure:5132: checking for isnanl
configure:5160: gcc -noixemul -o conftest -g -O2    conftest.c    -lX11 -lXext  1>&5
/gg/ppc-morphos/bin/ld: cannot open -lX11: No such file or directory
collect2: ld returned 1 exit status
configure: failed program was:
#line 5137 "configure"
#include "confdefs.h"
/* System header to define __stub macros and hopefully few prototypes,
    which can conflict with char isnanl(); below.  */
#include <assert.h>
/* Override any gcc2 internal prototype to avoid an error.  */
/* We use char because int might match the return type of a gcc2
    builtin and then its argument prototype would still apply.  */
char isnanl();

int main() {

/* The GNU C library defines this for functions which it implements
    to always fail with ENOSYS.  Some functions are actually named
    something starting with __ and the normal name is an alias.  */
#if defined (__stub_isnanl) || defined (__stub___isnanl)
choke me
#else
isnanl();
#endif

; return 0; }
configure:5132: checking for isinfl
configure:5160: gcc -noixemul -o conftest -g -O2    conftest.c    -lX11 -lXext  1>&5
/gg/ppc-morphos/bin/ld: cannot open -lX11: No such file or directory
collect2: ld returned 1 exit status
configure: failed program was:
#line 5137 "configure"
#include "confdefs.h"
/* System header to define __stub macros and hopefully few prototypes,
    which can conflict with char isinfl(); below.  */
#include <assert.h>
/* Override any gcc2 internal prototype to avoid an error.  */
/* We use char because int might match the return type of a gcc2
    builtin and then its argument prototype would still apply.  */
char isinfl();

int main() {

/* The GNU C library defines this for functions which it implements
    to always fail with ENOSYS.  Some functions are actually named
    something starting with __ and the normal name is an alias.  */
#if defined (__stub_isinfl) || defined (__stub___isinfl)
choke me
#else
isinfl();
#endif

; return 0; }
